{"/Users/abhishekkumar/dashboard/src/auth.ts": {"path":"/Users/abhishekkumar/dashboard/src/auth.ts","statementMap":{"0":{"start":{"line":10,"column":25},"end":{"line":10,"column":29}},"1":{"start":{"line":10,"column":15},"end":{"line":10,"column":23}},"2":{"start":{"line":10,"column":31},"end":{"line":10,"column":37}},"3":{"start":{"line":10,"column":39},"end":{"line":10,"column":46}},"4":{"start":{"line":1,"column":21},"end":{"line":1,"column":null}},"5":{"start":{"line":2,"column":24},"end":{"line":2,"column":null}},"6":{"start":{"line":3,"column":30},"end":{"line":3,"column":null}},"7":{"start":{"line":4,"column":29},"end":{"line":4,"column":null}},"8":{"start":{"line":5,"column":19},"end":{"line":5,"column":null}},"9":{"start":{"line":6,"column":45},"end":{"line":6,"column":null}},"10":{"start":{"line":8,"column":15},"end":{"line":8,"column":null}},"11":{"start":{"line":10,"column":51},"end":{"line":224,"column":null}},"12":{"start":{"line":23,"column":8},"end":{"line":25,"column":null}},"13":{"start":{"line":24,"column":10},"end":{"line":24,"column":null}},"14":{"start":{"line":30,"column":8},"end":{"line":66,"column":null}},"15":{"start":{"line":32,"column":10},"end":{"line":49,"column":null}},"16":{"start":{"line":50,"column":15},"end":{"line":66,"column":null}},"17":{"start":{"line":52,"column":10},"end":{"line":63,"column":null}},"18":{"start":{"line":65,"column":10},"end":{"line":65,"column":null}},"19":{"start":{"line":68,"column":8},"end":{"line":70,"column":null}},"20":{"start":{"line":69,"column":10},"end":{"line":69,"column":null}},"21":{"start":{"line":73,"column":8},"end":{"line":77,"column":null}},"22":{"start":{"line":74,"column":35},"end":{"line":74,"column":null}},"23":{"start":{"line":75,"column":10},"end":{"line":75,"column":null}},"24":{"start":{"line":76,"column":10},"end":{"line":76,"column":null}},"25":{"start":{"line":80,"column":8},"end":{"line":83,"column":null}},"26":{"start":{"line":81,"column":10},"end":{"line":81,"column":null}},"27":{"start":{"line":82,"column":10},"end":{"line":82,"column":null}},"28":{"start":{"line":85,"column":32},"end":{"line":87,"column":null}},"29":{"start":{"line":90,"column":8},"end":{"line":115,"column":null}},"30":{"start":{"line":92,"column":10},"end":{"line":96,"column":null}},"31":{"start":{"line":99,"column":30},"end":{"line":99,"column":null}},"32":{"start":{"line":100,"column":34},"end":{"line":100,"column":null}},"33":{"start":{"line":103,"column":10},"end":{"line":107,"column":null}},"34":{"start":{"line":104,"column":30},"end":{"line":104,"column":null}},"35":{"start":{"line":105,"column":12},"end":{"line":105,"column":63}},"36":{"start":{"line":106,"column":12},"end":{"line":106,"column":null}},"37":{"start":{"line":109,"column":10},"end":{"line":112,"column":null}},"38":{"start":{"line":114,"column":10},"end":{"line":114,"column":null}},"39":{"start":{"line":118,"column":8},"end":{"line":124,"column":null}},"40":{"start":{"line":127,"column":8},"end":{"line":130,"column":null}},"41":{"start":{"line":132,"column":8},"end":{"line":141,"column":null}},"42":{"start":{"line":191,"column":6},"end":{"line":193,"column":null}},"43":{"start":{"line":192,"column":8},"end":{"line":192,"column":null}},"44":{"start":{"line":195,"column":6},"end":{"line":195,"column":null}},"45":{"start":{"line":195,"column":31},"end":{"line":195,"column":null}},"46":{"start":{"line":197,"column":6},"end":{"line":197,"column":null}},"47":{"start":{"line":197,"column":43},"end":{"line":197,"column":null}},"48":{"start":{"line":198,"column":6},"end":{"line":198,"column":null}},"49":{"start":{"line":201,"column":6},"end":{"line":208,"column":null}},"50":{"start":{"line":202,"column":8},"end":{"line":202,"column":null}},"51":{"start":{"line":203,"column":8},"end":{"line":203,"column":null}},"52":{"start":{"line":204,"column":8},"end":{"line":204,"column":null}},"53":{"start":{"line":205,"column":8},"end":{"line":205,"column":null}},"54":{"start":{"line":206,"column":8},"end":{"line":206,"column":null}},"55":{"start":{"line":207,"column":8},"end":{"line":207,"column":null}},"56":{"start":{"line":209,"column":6},"end":{"line":209,"column":null}},"57":{"start":{"line":212,"column":6},"end":{"line":219,"column":null}},"58":{"start":{"line":213,"column":9},"end":{"line":213,"column":null}},"59":{"start":{"line":214,"column":9},"end":{"line":214,"column":null}},"60":{"start":{"line":215,"column":9},"end":{"line":215,"column":null}},"61":{"start":{"line":216,"column":9},"end":{"line":216,"column":null}},"62":{"start":{"line":217,"column":9},"end":{"line":217,"column":null}},"63":{"start":{"line":218,"column":9},"end":{"line":218,"column":null}},"64":{"start":{"line":220,"column":6},"end":{"line":220,"column":null}}},"fnMap":{"0":{"name":"(anonymous_6)","decl":{"start":{"line":22,"column":6},"end":{"line":22,"column":12}},"loc":{"start":{"line":22,"column":33},"end":{"line":142,"column":null}}},"1":{"name":"(anonymous_7)","decl":{"start":{"line":189,"column":4},"end":{"line":189,"column":10}},"loc":{"start":{"line":189,"column":35},"end":{"line":199,"column":null}}},"2":{"name":"(anonymous_8)","decl":{"start":{"line":200,"column":4},"end":{"line":200,"column":10}},"loc":{"start":{"line":200,"column":29},"end":{"line":210,"column":null}}},"3":{"name":"(anonymous_9)","decl":{"start":{"line":211,"column":4},"end":{"line":211,"column":10}},"loc":{"start":{"line":211,"column":36},"end":{"line":221,"column":null}}}},"branchMap":{"0":{"loc":{"start":{"line":23,"column":8},"end":{"line":25,"column":null}},"type":"if","locations":[{"start":{"line":23,"column":8},"end":{"line":25,"column":null}}]},"1":{"loc":{"start":{"line":30,"column":8},"end":{"line":66,"column":null}},"type":"if","locations":[{"start":{"line":30,"column":8},"end":{"line":66,"column":null}},{"start":{"line":50,"column":15},"end":{"line":66,"column":null}}]},"2":{"loc":{"start":{"line":30,"column":12},"end":{"line":30,"column":58}},"type":"binary-expr","locations":[{"start":{"line":30,"column":12},"end":{"line":30,"column":34}},{"start":{"line":30,"column":38},"end":{"line":30,"column":58}}]},"3":{"loc":{"start":{"line":50,"column":15},"end":{"line":66,"column":null}},"type":"if","locations":[{"start":{"line":50,"column":15},"end":{"line":66,"column":null}},{"start":{"line":64,"column":15},"end":{"line":66,"column":null}}]},"4":{"loc":{"start":{"line":68,"column":8},"end":{"line":70,"column":null}},"type":"if","locations":[{"start":{"line":68,"column":8},"end":{"line":70,"column":null}}]},"5":{"loc":{"start":{"line":68,"column":12},"end":{"line":68,"column":35}},"type":"binary-expr","locations":[{"start":{"line":68,"column":12},"end":{"line":68,"column":21}},{"start":{"line":68,"column":21},"end":{"line":68,"column":35}}]},"6":{"loc":{"start":{"line":73,"column":8},"end":{"line":77,"column":null}},"type":"if","locations":[{"start":{"line":73,"column":8},"end":{"line":77,"column":null}}]},"7":{"loc":{"start":{"line":73,"column":12},"end":{"line":73,"column":61}},"type":"binary-expr","locations":[{"start":{"line":73,"column":12},"end":{"line":73,"column":28}},{"start":{"line":73,"column":32},"end":{"line":73,"column":61}}]},"8":{"loc":{"start":{"line":80,"column":8},"end":{"line":83,"column":null}},"type":"if","locations":[{"start":{"line":80,"column":8},"end":{"line":83,"column":null}}]},"9":{"loc":{"start":{"line":90,"column":8},"end":{"line":115,"column":null}},"type":"if","locations":[{"start":{"line":90,"column":8},"end":{"line":115,"column":null}}]},"10":{"loc":{"start":{"line":103,"column":10},"end":{"line":107,"column":null}},"type":"if","locations":[{"start":{"line":103,"column":10},"end":{"line":107,"column":null}}]},"11":{"loc":{"start":{"line":155,"column":12},"end":{"line":157,"column":35}},"type":"cond-expr","locations":[{"start":{"line":156,"column":10},"end":{"line":156,"column":44}},{"start":{"line":157,"column":10},"end":{"line":157,"column":35}}]},"12":{"loc":{"start":{"line":166,"column":12},"end":{"line":168,"column":34}},"type":"cond-expr","locations":[{"start":{"line":167,"column":10},"end":{"line":167,"column":43}},{"start":{"line":168,"column":10},"end":{"line":168,"column":34}}]},"13":{"loc":{"start":{"line":177,"column":12},"end":{"line":179,"column":32}},"type":"cond-expr","locations":[{"start":{"line":178,"column":10},"end":{"line":178,"column":39}},{"start":{"line":179,"column":10},"end":{"line":179,"column":32}}]},"14":{"loc":{"start":{"line":191,"column":6},"end":{"line":193,"column":null}},"type":"if","locations":[{"start":{"line":191,"column":6},"end":{"line":193,"column":null}}]},"15":{"loc":{"start":{"line":191,"column":10},"end":{"line":191,"column":50}},"type":"binary-expr","locations":[{"start":{"line":191,"column":10},"end":{"line":191,"column":29}},{"start":{"line":191,"column":29},"end":{"line":191,"column":50}}]},"16":{"loc":{"start":{"line":195,"column":6},"end":{"line":195,"column":null}},"type":"if","locations":[{"start":{"line":195,"column":6},"end":{"line":195,"column":null}}]},"17":{"loc":{"start":{"line":197,"column":6},"end":{"line":197,"column":null}},"type":"if","locations":[{"start":{"line":197,"column":6},"end":{"line":197,"column":null}}]},"18":{"loc":{"start":{"line":201,"column":6},"end":{"line":208,"column":null}},"type":"if","locations":[{"start":{"line":201,"column":6},"end":{"line":208,"column":null}}]},"19":{"loc":{"start":{"line":212,"column":6},"end":{"line":219,"column":null}},"type":"if","locations":[{"start":{"line":212,"column":6},"end":{"line":219,"column":null}}]},"20":{"loc":{"start":{"line":223,"column":10},"end":{"line":223,"column":null}},"type":"binary-expr","locations":[{"start":{"line":223,"column":10},"end":{"line":223,"column":37}},{"start":{"line":223,"column":41},"end":{"line":223,"column":null}}]}},"s":{"0":0,"1":0,"2":0,"3":0,"4":0,"5":0,"6":0,"7":0,"8":0,"9":0,"10":0,"11":0,"12":0,"13":0,"14":0,"15":0,"16":0,"17":0,"18":0,"19":0,"20":0,"21":0,"22":0,"23":0,"24":0,"25":0,"26":0,"27":0,"28":0,"29":0,"30":0,"31":0,"32":0,"33":0,"34":0,"35":0,"36":0,"37":0,"38":0,"39":0,"40":0,"41":0,"42":0,"43":0,"44":0,"45":0,"46":0,"47":0,"48":0,"49":0,"50":0,"51":0,"52":0,"53":0,"54":0,"55":0,"56":0,"57":0,"58":0,"59":0,"60":0,"61":0,"62":0,"63":0,"64":0},"f":{"0":0,"1":0,"2":0,"3":0},"b":{"0":[0],"1":[0,0],"2":[0,0],"3":[0,0],"4":[0],"5":[0,0],"6":[0],"7":[0,0],"8":[0],"9":[0],"10":[0],"11":[0,0],"12":[0,0],"13":[0,0],"14":[0],"15":[0,0],"16":[0],"17":[0],"18":[0],"19":[0],"20":[0,0]}}
,"/Users/abhishekkumar/dashboard/src/app/landing-temp.tsx": {"path":"/Users/abhishekkumar/dashboard/src/app/landing-temp.tsx","statementMap":{"0":{"start":{"line":3,"column":24},"end":{"line":3,"column":null}},"1":{"start":{"line":1,"column":25},"end":{"line":1,"column":null}},"2":{"start":{"line":5,"column":2},"end":{"line":5,"column":null}}},"fnMap":{"0":{"name":"RootPage","decl":{"start":{"line":3,"column":24},"end":{"line":3,"column":null}},"loc":{"start":{"line":3,"column":24},"end":{"line":6,"column":null}}}},"branchMap":{},"s":{"0":0,"1":0,"2":0},"f":{"0":0},"b":{}}
,"/Users/abhishekkumar/dashboard/src/app/layout.tsx": {"path":"/Users/abhishekkumar/dashboard/src/app/layout.tsx","statementMap":{"0":{"start":{"line":21,"column":24},"end":{"line":21,"column":35}},"1":{"start":{"line":16,"column":13},"end":{"line":16,"column":34}},"2":{"start":{"line":2,"column":34},"end":{"line":2,"column":null}},"3":{"start":{"line":3,"column":7},"end":{"line":3,"column":null}},"4":{"start":{"line":4,"column":26},"end":{"line":4,"column":null}},"5":{"start":{"line":6,"column":18},"end":{"line":9,"column":null}},"6":{"start":{"line":11,"column":18},"end":{"line":14,"column":null}},"7":{"start":{"line":16,"column":34},"end":{"line":19,"column":null}}},"fnMap":{"0":{"name":"RootLayout","decl":{"start":{"line":21,"column":24},"end":{"line":21,"column":35}},"loc":{"start":{"line":25,"column":2},"end":{"line":35,"column":null}}}},"branchMap":{},"s":{"0":0,"1":0,"2":0,"3":0,"4":0,"5":0,"6":0,"7":0},"f":{"0":0},"b":{}}
,"/Users/abhishekkumar/dashboard/src/app/page.tsx": {"path":"/Users/abhishekkumar/dashboard/src/app/page.tsx","statementMap":{"0":{"start":{"line":273,"column":24},"end":{"line":273,"column":null}},"1":{"start":{"line":3,"column":23},"end":{"line":3,"column":null}},"2":{"start":{"line":4,"column":74},"end":{"line":4,"column":null}},"3":{"start":{"line":5,"column":17},"end":{"line":5,"column":null}},"4":{"start":{"line":23,"column":7},"end":{"line":23,"column":null}},"5":{"start":{"line":24,"column":25},"end":{"line":24,"column":null}},"6":{"start":{"line":26,"column":20},"end":{"line":30,"column":null}},"7":{"start":{"line":32,"column":16},"end":{"line":37,"column":null}},"8":{"start":{"line":39,"column":21},"end":{"line":73,"column":null}},"9":{"start":{"line":75,"column":22},"end":{"line":96,"column":null}},"10":{"start":{"line":98,"column":21},"end":{"line":117,"column":null}},"11":{"start":{"line":119,"column":21},"end":{"line":141,"column":null}},"12":{"start":{"line":143,"column":21},"end":{"line":157,"column":null}},"13":{"start":{"line":159,"column":13},"end":{"line":185,"column":null}},"14":{"start":{"line":187,"column":26},"end":{"line":203,"column":null}},"15":{"start":{"line":205,"column":20},"end":{"line":224,"column":null}},"16":{"start":{"line":226,"column":22},"end":{"line":248,"column":null}},"17":{"start":{"line":250,"column":18},"end":{"line":271,"column":null}},"18":{"start":{"line":274,"column":32},"end":{"line":274,"column":null}},"19":{"start":{"line":360,"column":18},"end":{"line":360,"column":41}},"20":{"start":{"line":394,"column":16},"end":{"line":395,"column":null}},"21":{"start":{"line":448,"column":20},"end":{"line":448,"column":44}},"22":{"start":{"line":475,"column":16},"end":{"line":475,"column":42}},"23":{"start":{"line":487,"column":22},"end":{"line":487,"column":40}},"24":{"start":{"line":519,"column":18},"end":{"line":519,"column":40}},"25":{"start":{"line":548,"column":16},"end":{"line":548,"column":41}},"26":{"start":{"line":577,"column":16},"end":{"line":577,"column":45}},"27":{"start":{"line":609,"column":16},"end":{"line":609,"column":38}},"28":{"start":{"line":624,"column":24},"end":{"line":624,"column":42}},"29":{"start":{"line":655,"column":16},"end":{"line":655,"column":39}},"30":{"start":{"line":692,"column":18},"end":{"line":692,"column":40}},"31":{"start":{"line":720,"column":16},"end":{"line":721,"column":null}}},"fnMap":{"0":{"name":"LandingPage","decl":{"start":{"line":273,"column":24},"end":{"line":273,"column":null}},"loc":{"start":{"line":273,"column":24},"end":{"line":821,"column":null}}},"1":{"name":"(anonymous_3)","decl":{"start":{"line":359,"column":33},"end":{"line":359,"column":34}},"loc":{"start":{"line":360,"column":18},"end":{"line":360,"column":41}}},"2":{"name":"(anonymous_4)","decl":{"start":{"line":393,"column":31},"end":{"line":393,"column":32}},"loc":{"start":{"line":394,"column":16},"end":{"line":395,"column":null}}},"3":{"name":"(anonymous_5)","decl":{"start":{"line":447,"column":31},"end":{"line":447,"column":32}},"loc":{"start":{"line":448,"column":20},"end":{"line":448,"column":44}}},"4":{"name":"(anonymous_6)","decl":{"start":{"line":474,"column":32},"end":{"line":474,"column":33}},"loc":{"start":{"line":475,"column":16},"end":{"line":475,"column":42}}},"5":{"name":"(anonymous_7)","decl":{"start":{"line":486,"column":41},"end":{"line":486,"column":42}},"loc":{"start":{"line":487,"column":22},"end":{"line":487,"column":40}}},"6":{"name":"(anonymous_8)","decl":{"start":{"line":518,"column":35},"end":{"line":518,"column":36}},"loc":{"start":{"line":519,"column":18},"end":{"line":519,"column":40}}},"7":{"name":"(anonymous_9)","decl":{"start":{"line":547,"column":32},"end":{"line":547,"column":33}},"loc":{"start":{"line":548,"column":16},"end":{"line":548,"column":41}}},"8":{"name":"(anonymous_10)","decl":{"start":{"line":576,"column":32},"end":{"line":576,"column":33}},"loc":{"start":{"line":577,"column":16},"end":{"line":577,"column":45}}},"9":{"name":"(anonymous_11)","decl":{"start":{"line":608,"column":32},"end":{"line":608,"column":33}},"loc":{"start":{"line":609,"column":16},"end":{"line":609,"column":38}}},"10":{"name":"(anonymous_12)","decl":{"start":{"line":623,"column":41},"end":{"line":623,"column":42}},"loc":{"start":{"line":624,"column":24},"end":{"line":624,"column":42}}},"11":{"name":"(anonymous_13)","decl":{"start":{"line":654,"column":29},"end":{"line":654,"column":30}},"loc":{"start":{"line":655,"column":16},"end":{"line":655,"column":39}}},"12":{"name":"(anonymous_14)","decl":{"start":{"line":691,"column":39},"end":{"line":691,"column":40}},"loc":{"start":{"line":692,"column":18},"end":{"line":692,"column":40}}},"13":{"name":"(anonymous_15)","decl":{"start":{"line":719,"column":33},"end":{"line":719,"column":34}},"loc":{"start":{"line":720,"column":16},"end":{"line":721,"column":null}}}},"branchMap":{"0":{"loc":{"start":{"line":363,"column":21},"end":{"line":363,"column":55}},"type":"binary-expr","locations":[{"start":{"line":363,"column":21},"end":{"line":363,"column":55}}]},"1":{"loc":{"start":{"line":397,"column":20},"end":{"line":397,"column":null}},"type":"cond-expr","locations":[{"start":{"line":397,"column":34},"end":{"line":397,"column":52}},{"start":{"line":397,"column":52},"end":{"line":397,"column":null}}]},"2":{"loc":{"start":{"line":526,"column":23},"end":{"line":526,"column":59}},"type":"binary-expr","locations":[{"start":{"line":526,"column":23},"end":{"line":526,"column":59}}]}},"s":{"0":0,"1":0,"2":0,"3":0,"4":0,"5":0,"6":0,"7":0,"8":0,"9":0,"10":0,"11":0,"12":0,"13":0,"14":0,"15":0,"16":0,"17":0,"18":0,"19":0,"20":0,"21":0,"22":0,"23":0,"24":0,"25":0,"26":0,"27":0,"28":0,"29":0,"30":0,"31":0},"f":{"0":0,"1":0,"2":0,"3":0,"4":0,"5":0,"6":0,"7":0,"8":0,"9":0,"10":0,"11":0,"12":0,"13":0},"b":{"0":[0],"1":[0,0],"2":[0]}}
,"/Users/abhishekkumar/dashboard/src/app/api/analytics/route.ts": {"path":"/Users/abhishekkumar/dashboard/src/app/api/analytics/route.ts","statementMap":{"0":{"start":{"line":31,"column":13},"end":{"line":31,"column":19}},"1":{"start":{"line":1,"column":42},"end":{"line":1,"column":null}},"2":{"start":{"line":2,"column":23},"end":{"line":2,"column":null}},"3":{"start":{"line":3,"column":70},"end":{"line":3,"column":null}},"4":{"start":{"line":4,"column":28},"end":{"line":4,"column":null}},"5":{"start":{"line":8,"column":14},"end":{"line":8,"column":null}},"6":{"start":{"line":9,"column":17},"end":{"line":9,"column":null}},"7":{"start":{"line":10,"column":19},"end":{"line":10,"column":null}},"8":{"start":{"line":11,"column":20},"end":{"line":11,"column":null}},"9":{"start":{"line":12,"column":19},"end":{"line":12,"column":null}},"10":{"start":{"line":14,"column":2},"end":{"line":14,"column":null}},"11":{"start":{"line":14,"column":20},"end":{"line":14,"column":null}},"12":{"start":{"line":15,"column":2},"end":{"line":15,"column":null}},"13":{"start":{"line":15,"column":21},"end":{"line":15,"column":null}},"14":{"start":{"line":16,"column":2},"end":{"line":16,"column":null}},"15":{"start":{"line":16,"column":22},"end":{"line":16,"column":null}},"16":{"start":{"line":17,"column":2},"end":{"line":17,"column":null}},"17":{"start":{"line":17,"column":20},"end":{"line":17,"column":null}},"18":{"start":{"line":18,"column":2},"end":{"line":21,"column":null}},"19":{"start":{"line":19,"column":18},"end":{"line":19,"column":null}},"20":{"start":{"line":20,"column":4},"end":{"line":20,"column":null}},"21":{"start":{"line":22,"column":2},"end":{"line":25,"column":null}},"22":{"start":{"line":23,"column":19},"end":{"line":23,"column":null}},"23":{"start":{"line":24,"column":4},"end":{"line":24,"column":null}},"24":{"start":{"line":26,"column":16},"end":{"line":26,"column":null}},"25":{"start":{"line":27,"column":2},"end":{"line":27,"column":null}},"26":{"start":{"line":31,"column":19},"end":{"line":375,"column":null}},"27":{"start":{"line":33,"column":4},"end":{"line":371,"column":null}},"28":{"start":{"line":34,"column":21},"end":{"line":34,"column":32}},"29":{"start":{"line":35,"column":23},"end":{"line":35,"column":40}},"30":{"start":{"line":37,"column":31},"end":{"line":37,"column":null}},"31":{"start":{"line":38,"column":24},"end":{"line":38,"column":null}},"32":{"start":{"line":39,"column":22},"end":{"line":39,"column":null}},"33":{"start":{"line":42,"column":28},"end":{"line":42,"column":null}},"34":{"start":{"line":43,"column":4},"end":{"line":48,"column":null}},"35":{"start":{"line":44,"column":6},"end":{"line":47,"column":null}},"36":{"start":{"line":51,"column":30},"end":{"line":51,"column":null}},"37":{"start":{"line":52,"column":4},"end":{"line":60,"column":null}},"38":{"start":{"line":53,"column":6},"end":{"line":53,"column":null}},"39":{"start":{"line":54,"column":6},"end":{"line":54,"column":null}},"40":{"start":{"line":56,"column":6},"end":{"line":56,"column":null}},"41":{"start":{"line":57,"column":6},"end":{"line":59,"column":null}},"42":{"start":{"line":58,"column":8},"end":{"line":58,"column":null}},"43":{"start":{"line":63,"column":32},"end":{"line":63,"column":null}},"44":{"start":{"line":66,"column":23},"end":{"line":66,"column":null}},"45":{"start":{"line":67,"column":4},"end":{"line":67,"column":null}},"46":{"start":{"line":70,"column":26},"end":{"line":70,"column":null}},"47":{"start":{"line":71,"column":4},"end":{"line":71,"column":null}},"48":{"start":{"line":72,"column":4},"end":{"line":72,"column":null}},"49":{"start":{"line":88,"column":8},"end":{"line":256,"column":null}},"50":{"start":{"line":260,"column":6},"end":{"line":261,"column":null}},"51":{"start":{"line":264,"column":24},"end":{"line":277,"column":null}},"52":{"start":{"line":265,"column":20},"end":{"line":267,"column":null}},"53":{"start":{"line":268,"column":6},"end":{"line":273,"column":null}},"54":{"start":{"line":269,"column":8},"end":{"line":272,"column":null}},"55":{"start":{"line":274,"column":6},"end":{"line":274,"column":null}},"56":{"start":{"line":275,"column":6},"end":{"line":275,"column":null}},"57":{"start":{"line":276,"column":6},"end":{"line":276,"column":null}},"58":{"start":{"line":279,"column":22},"end":{"line":283,"column":null}},"59":{"start":{"line":279,"column":79},"end":{"line":283,"column":null}},"60":{"start":{"line":286,"column":23},"end":{"line":286,"column":46}},"61":{"start":{"line":287,"column":4},"end":{"line":290,"column":null}},"62":{"start":{"line":288,"column":18},"end":{"line":288,"column":null}},"63":{"start":{"line":289,"column":6},"end":{"line":289,"column":null}},"64":{"start":{"line":293,"column":37},"end":{"line":293,"column":null}},"65":{"start":{"line":294,"column":4},"end":{"line":297,"column":null}},"66":{"start":{"line":295,"column":23},"end":{"line":295,"column":null}},"67":{"start":{"line":296,"column":6},"end":{"line":296,"column":null}},"68":{"start":{"line":299,"column":29},"end":{"line":299,"column":null}},"69":{"start":{"line":299,"column":97},"end":{"line":299,"column":110}},"70":{"start":{"line":300,"column":34},"end":{"line":314,"column":null}},"71":{"start":{"line":303,"column":23},"end":{"line":308,"column":null}},"72":{"start":{"line":309,"column":8},"end":{"line":313,"column":null}},"73":{"start":{"line":317,"column":36},"end":{"line":317,"column":38}},"74":{"start":{"line":319,"column":4},"end":{"line":326,"column":null}},"75":{"start":{"line":320,"column":6},"end":{"line":325,"column":null}},"76":{"start":{"line":328,"column":4},"end":{"line":335,"column":null}},"77":{"start":{"line":329,"column":6},"end":{"line":334,"column":null}},"78":{"start":{"line":337,"column":4},"end":{"line":344,"column":null}},"79":{"start":{"line":338,"column":6},"end":{"line":343,"column":null}},"80":{"start":{"line":347,"column":4},"end":{"line":347,"column":null}},"81":{"start":{"line":347,"column":36},"end":{"line":347,"column":null}},"82":{"start":{"line":349,"column":6},"end":{"line":364,"column":null}},"83":{"start":{"line":366,"column":6},"end":{"line":366,"column":null}},"84":{"start":{"line":367,"column":6},"end":{"line":369,"column":null}}},"fnMap":{"0":{"name":"getTimeAgo","decl":{"start":{"line":7,"column":9},"end":{"line":7,"column":20}},"loc":{"start":{"line":7,"column":30},"end":{"line":28,"column":null}}},"1":{"name":"(anonymous_2)","decl":{"start":{"line":32,"column":2},"end":{"line":32,"column":9}},"loc":{"start":{"line":32,"column":9},"end":{"line":372,"column":null}}},"2":{"name":"(anonymous_3)","decl":{"start":{"line":264,"column":49},"end":{"line":264,"column":50}},"loc":{"start":{"line":264,"column":60},"end":{"line":277,"column":7}}},"3":{"name":"(anonymous_4)","decl":{"start":{"line":279,"column":54},"end":{"line":279,"column":55}},"loc":{"start":{"line":279,"column":79},"end":{"line":283,"column":null}}},"4":{"name":"(anonymous_5)","decl":{"start":{"line":287,"column":29},"end":{"line":287,"column":30}},"loc":{"start":{"line":287,"column":30},"end":{"line":290,"column":null}}},"5":{"name":"(anonymous_6)","decl":{"start":{"line":294,"column":26},"end":{"line":294,"column":27}},"loc":{"start":{"line":294,"column":27},"end":{"line":297,"column":null}}},"6":{"name":"(anonymous_7)","decl":{"start":{"line":299,"column":71},"end":{"line":299,"column":72}},"loc":{"start":{"line":299,"column":97},"end":{"line":299,"column":110}}},"7":{"name":"(anonymous_8)","decl":{"start":{"line":302,"column":11},"end":{"line":302,"column":12}},"loc":{"start":{"line":302,"column":33},"end":{"line":314,"column":null}}},"8":{"name":"(anonymous_9)","decl":{"start":{"line":319,"column":30},"end":{"line":319,"column":31}},"loc":{"start":{"line":319,"column":31},"end":{"line":326,"column":null}}},"9":{"name":"(anonymous_10)","decl":{"start":{"line":328,"column":30},"end":{"line":328,"column":31}},"loc":{"start":{"line":328,"column":31},"end":{"line":335,"column":null}}},"10":{"name":"(anonymous_11)","decl":{"start":{"line":337,"column":30},"end":{"line":337,"column":31}},"loc":{"start":{"line":337,"column":31},"end":{"line":344,"column":null}}},"11":{"name":"(anonymous_12)","decl":{"start":{"line":347,"column":26},"end":{"line":347,"column":27}},"loc":{"start":{"line":347,"column":36},"end":{"line":347,"column":null}}}},"branchMap":{"0":{"loc":{"start":{"line":14,"column":2},"end":{"line":14,"column":null}},"type":"if","locations":[{"start":{"line":14,"column":2},"end":{"line":14,"column":null}}]},"1":{"loc":{"start":{"line":15,"column":2},"end":{"line":15,"column":null}},"type":"if","locations":[{"start":{"line":15,"column":2},"end":{"line":15,"column":null}}]},"2":{"loc":{"start":{"line":15,"column":43},"end":{"line":15,"column":81}},"type":"cond-expr","locations":[{"start":{"line":15,"column":60},"end":{"line":15,"column":71}},{"start":{"line":15,"column":71},"end":{"line":15,"column":81}}]},"3":{"loc":{"start":{"line":16,"column":2},"end":{"line":16,"column":null}},"type":"if","locations":[{"start":{"line":16,"column":2},"end":{"line":16,"column":null}}]},"4":{"loc":{"start":{"line":16,"column":45},"end":{"line":16,"column":80}},"type":"cond-expr","locations":[{"start":{"line":16,"column":63},"end":{"line":16,"column":72}},{"start":{"line":16,"column":72},"end":{"line":16,"column":80}}]},"5":{"loc":{"start":{"line":17,"column":2},"end":{"line":17,"column":null}},"type":"if","locations":[{"start":{"line":17,"column":2},"end":{"line":17,"column":null}}]},"6":{"loc":{"start":{"line":17,"column":42},"end":{"line":17,"column":74}},"type":"cond-expr","locations":[{"start":{"line":17,"column":59},"end":{"line":17,"column":67}},{"start":{"line":17,"column":67},"end":{"line":17,"column":74}}]},"7":{"loc":{"start":{"line":18,"column":2},"end":{"line":21,"column":null}},"type":"if","locations":[{"start":{"line":18,"column":2},"end":{"line":21,"column":null}}]},"8":{"loc":{"start":{"line":20,"column":23},"end":{"line":20,"column":54}},"type":"cond-expr","locations":[{"start":{"line":20,"column":37},"end":{"line":20,"column":46}},{"start":{"line":20,"column":46},"end":{"line":20,"column":54}}]},"9":{"loc":{"start":{"line":22,"column":2},"end":{"line":25,"column":null}},"type":"if","locations":[{"start":{"line":22,"column":2},"end":{"line":25,"column":null}}]},"10":{"loc":{"start":{"line":24,"column":24},"end":{"line":24,"column":58}},"type":"cond-expr","locations":[{"start":{"line":24,"column":39},"end":{"line":24,"column":49}},{"start":{"line":24,"column":49},"end":{"line":24,"column":58}}]},"11":{"loc":{"start":{"line":27,"column":21},"end":{"line":27,"column":52}},"type":"cond-expr","locations":[{"start":{"line":27,"column":35},"end":{"line":27,"column":44}},{"start":{"line":27,"column":44},"end":{"line":27,"column":52}}]},"12":{"loc":{"start":{"line":43,"column":4},"end":{"line":48,"column":null}},"type":"if","locations":[{"start":{"line":43,"column":4},"end":{"line":48,"column":null}}]},"13":{"loc":{"start":{"line":43,"column":8},"end":{"line":43,"column":30}},"type":"binary-expr","locations":[{"start":{"line":43,"column":8},"end":{"line":43,"column":21}},{"start":{"line":43,"column":21},"end":{"line":43,"column":30}}]},"14":{"loc":{"start":{"line":52,"column":4},"end":{"line":60,"column":null}},"type":"if","locations":[{"start":{"line":52,"column":4},"end":{"line":60,"column":null}},{"start":{"line":55,"column":11},"end":{"line":60,"column":null}}]},"15":{"loc":{"start":{"line":52,"column":8},"end":{"line":52,"column":68}},"type":"binary-expr","locations":[{"start":{"line":52,"column":8},"end":{"line":52,"column":27}},{"start":{"line":52,"column":31},"end":{"line":52,"column":68}}]},"16":{"loc":{"start":{"line":57,"column":6},"end":{"line":59,"column":null}},"type":"if","locations":[{"start":{"line":57,"column":6},"end":{"line":59,"column":null}}]},"17":{"loc":{"start":{"line":219,"column":16},"end":{"line":219,"column":44}},"type":"cond-expr","locations":[{"start":{"line":219,"column":27},"end":{"line":219,"column":42}},{"start":{"line":219,"column":42},"end":{"line":219,"column":44}}]},"18":{"loc":{"start":{"line":260,"column":7},"end":{"line":260,"column":null}},"type":"binary-expr","locations":[{"start":{"line":260,"column":7},"end":{"line":260,"column":35}},{"start":{"line":260,"column":39},"end":{"line":260,"column":null}}]},"19":{"loc":{"start":{"line":261,"column":7},"end":{"line":261,"column":null}},"type":"binary-expr","locations":[{"start":{"line":261,"column":7},"end":{"line":261,"column":41}},{"start":{"line":261,"column":45},"end":{"line":261,"column":null}}]},"20":{"loc":{"start":{"line":268,"column":6},"end":{"line":273,"column":null}},"type":"if","locations":[{"start":{"line":268,"column":6},"end":{"line":273,"column":null}}]},"21":{"loc":{"start":{"line":275,"column":28},"end":{"line":275,"column":null}},"type":"binary-expr","locations":[{"start":{"line":275,"column":28},"end":{"line":275,"column":43}},{"start":{"line":275,"column":47},"end":{"line":275,"column":null}}]},"22":{"loc":{"start":{"line":289,"column":25},"end":{"line":289,"column":49}},"type":"binary-expr","locations":[{"start":{"line":289,"column":25},"end":{"line":289,"column":40}},{"start":{"line":289,"column":44},"end":{"line":289,"column":49}}]},"23":{"loc":{"start":{"line":295,"column":23},"end":{"line":295,"column":null}},"type":"binary-expr","locations":[{"start":{"line":295,"column":23},"end":{"line":295,"column":46}},{"start":{"line":295,"column":50},"end":{"line":295,"column":74}},{"start":{"line":295,"column":78},"end":{"line":295,"column":null}}]},"24":{"loc":{"start":{"line":296,"column":39},"end":{"line":296,"column":77}},"type":"binary-expr","locations":[{"start":{"line":296,"column":39},"end":{"line":296,"column":68}},{"start":{"line":296,"column":72},"end":{"line":296,"column":77}}]},"25":{"loc":{"start":{"line":310,"column":17},"end":{"line":310,"column":null}},"type":"cond-expr","locations":[{"start":{"line":310,"column":37},"end":{"line":310,"column":70}},{"start":{"line":310,"column":70},"end":{"line":310,"column":null}}]},"26":{"loc":{"start":{"line":312,"column":17},"end":{"line":312,"column":null}},"type":"binary-expr","locations":[{"start":{"line":312,"column":17},"end":{"line":312,"column":30}},{"start":{"line":312,"column":34},"end":{"line":312,"column":null}}]},"27":{"loc":{"start":{"line":332,"column":87},"end":{"line":332,"column":138}},"type":"binary-expr","locations":[{"start":{"line":332,"column":87},"end":{"line":332,"column":110}},{"start":{"line":332,"column":114},"end":{"line":332,"column":138}}]},"28":{"loc":{"start":{"line":342,"column":25},"end":{"line":342,"column":62}},"type":"binary-expr","locations":[{"start":{"line":342,"column":25},"end":{"line":342,"column":41}},{"start":{"line":342,"column":45},"end":{"line":342,"column":62}}]},"29":{"loc":{"start":{"line":354,"column":24},"end":{"line":354,"column":null}},"type":"binary-expr","locations":[{"start":{"line":354,"column":24},"end":{"line":354,"column":52}},{"start":{"line":354,"column":56},"end":{"line":354,"column":null}}]}},"s":{"0":0,"1":0,"2":0,"3":0,"4":0,"5":0,"6":0,"7":0,"8":0,"9":0,"10":0,"11":0,"12":0,"13":0,"14":0,"15":0,"16":0,"17":0,"18":0,"19":0,"20":0,"21":0,"22":0,"23":0,"24":0,"25":0,"26":0,"27":0,"28":0,"29":0,"30":0,"31":0,"32":0,"33":0,"34":0,"35":0,"36":0,"37":0,"38":0,"39":0,"40":0,"41":0,"42":0,"43":0,"44":0,"45":0,"46":0,"47":0,"48":0,"49":0,"50":0,"51":0,"52":0,"53":0,"54":0,"55":0,"56":0,"57":0,"58":0,"59":0,"60":0,"61":0,"62":0,"63":0,"64":0,"65":0,"66":0,"67":0,"68":0,"69":0,"70":0,"71":0,"72":0,"73":0,"74":0,"75":0,"76":0,"77":0,"78":0,"79":0,"80":0,"81":0,"82":0,"83":0,"84":0},"f":{"0":0,"1":0,"2":0,"3":0,"4":0,"5":0,"6":0,"7":0,"8":0,"9":0,"10":0,"11":0},"b":{"0":[0],"1":[0],"2":[0,0],"3":[0],"4":[0,0],"5":[0],"6":[0,0],"7":[0],"8":[0,0],"9":[0],"10":[0,0],"11":[0,0],"12":[0],"13":[0,0],"14":[0,0],"15":[0,0],"16":[0],"17":[0,0],"18":[0,0],"19":[0,0],"20":[0],"21":[0,0],"22":[0,0],"23":[0,0,0],"24":[0,0],"25":[0,0],"26":[0,0],"27":[0,0],"28":[0,0],"29":[0,0]}}
,"/Users/abhishekkumar/dashboard/src/app/api/appointments/route.ts": {"path":"/Users/abhishekkumar/dashboard/src/app/api/appointments/route.ts","statementMap":{"0":{"start":{"line":8,"column":13},"end":{"line":8,"column":19}},"1":{"start":{"line":89,"column":13},"end":{"line":89,"column":20}},"2":{"start":{"line":1,"column":42},"end":{"line":1,"column":null}},"3":{"start":{"line":2,"column":23},"end":{"line":2,"column":null}},"4":{"start":{"line":3,"column":70},"end":{"line":3,"column":null}},"5":{"start":{"line":4,"column":28},"end":{"line":4,"column":null}},"6":{"start":{"line":5,"column":58},"end":{"line":5,"column":null}},"7":{"start":{"line":8,"column":19},"end":{"line":85,"column":null}},"8":{"start":{"line":10,"column":4},"end":{"line":81,"column":null}},"9":{"start":{"line":11,"column":31},"end":{"line":11,"column":null}},"10":{"start":{"line":12,"column":24},"end":{"line":12,"column":null}},"11":{"start":{"line":13,"column":24},"end":{"line":13,"column":null}},"12":{"start":{"line":14,"column":22},"end":{"line":14,"column":null}},"13":{"start":{"line":15,"column":21},"end":{"line":15,"column":null}},"14":{"start":{"line":16,"column":19},"end":{"line":16,"column":null}},"15":{"start":{"line":17,"column":20},"end":{"line":17,"column":null}},"16":{"start":{"line":18,"column":19},"end":{"line":18,"column":null}},"17":{"start":{"line":21,"column":27},"end":{"line":21,"column":null}},"18":{"start":{"line":23,"column":25},"end":{"line":25,"column":null}},"19":{"start":{"line":27,"column":6},"end":{"line":29,"column":null}},"20":{"start":{"line":28,"column":8},"end":{"line":28,"column":null}},"21":{"start":{"line":31,"column":6},"end":{"line":33,"column":null}},"22":{"start":{"line":32,"column":8},"end":{"line":32,"column":null}},"23":{"start":{"line":35,"column":6},"end":{"line":44,"column":null}},"24":{"start":{"line":36,"column":8},"end":{"line":39,"column":null}},"25":{"start":{"line":40,"column":13},"end":{"line":44,"column":null}},"26":{"start":{"line":41,"column":8},"end":{"line":43,"column":null}},"27":{"start":{"line":46,"column":36},"end":{"line":67,"column":null}},"28":{"start":{"line":69,"column":6},"end":{"line":77,"column":null}},"29":{"start":{"line":79,"column":28},"end":{"line":79,"column":null}},"30":{"start":{"line":80,"column":6},"end":{"line":80,"column":null}},"31":{"start":{"line":89,"column":20},"end":{"line":144,"column":null}},"32":{"start":{"line":91,"column":4},"end":{"line":140,"column":null}},"33":{"start":{"line":92,"column":19},"end":{"line":92,"column":null}},"34":{"start":{"line":95,"column":29},"end":{"line":95,"column":null}},"35":{"start":{"line":97,"column":6},"end":{"line":104,"column":null}},"36":{"start":{"line":98,"column":8},"end":{"line":103,"column":null}},"37":{"start":{"line":99,"column":10},"end":{"line":101,"column":null}},"38":{"start":{"line":107,"column":27},"end":{"line":107,"column":null}},"39":{"start":{"line":108,"column":22},"end":{"line":113,"column":null}},"40":{"start":{"line":115,"column":6},"end":{"line":120,"column":null}},"41":{"start":{"line":116,"column":8},"end":{"line":118,"column":null}},"42":{"start":{"line":122,"column":26},"end":{"line":134,"column":null}},"43":{"start":{"line":136,"column":6},"end":{"line":136,"column":null}},"44":{"start":{"line":138,"column":28},"end":{"line":138,"column":null}},"45":{"start":{"line":139,"column":6},"end":{"line":139,"column":null}}},"fnMap":{"0":{"name":"(anonymous_3)","decl":{"start":{"line":9,"column":2},"end":{"line":9,"column":9}},"loc":{"start":{"line":9,"column":9},"end":{"line":82,"column":null}}},"1":{"name":"(anonymous_4)","decl":{"start":{"line":90,"column":2},"end":{"line":90,"column":9}},"loc":{"start":{"line":90,"column":9},"end":{"line":141,"column":null}}}},"branchMap":{"0":{"loc":{"start":{"line":16,"column":28},"end":{"line":16,"column":null}},"type":"binary-expr","locations":[{"start":{"line":16,"column":28},"end":{"line":16,"column":56}},{"start":{"line":16,"column":56},"end":{"line":16,"column":null}}]},"1":{"loc":{"start":{"line":17,"column":29},"end":{"line":17,"column":null}},"type":"binary-expr","locations":[{"start":{"line":17,"column":29},"end":{"line":17,"column":58}},{"start":{"line":17,"column":58},"end":{"line":17,"column":null}}]},"2":{"loc":{"start":{"line":27,"column":6},"end":{"line":29,"column":null}},"type":"if","locations":[{"start":{"line":27,"column":6},"end":{"line":29,"column":null}}]},"3":{"loc":{"start":{"line":31,"column":6},"end":{"line":33,"column":null}},"type":"if","locations":[{"start":{"line":31,"column":6},"end":{"line":33,"column":null}}]},"4":{"loc":{"start":{"line":35,"column":6},"end":{"line":44,"column":null}},"type":"if","locations":[{"start":{"line":35,"column":6},"end":{"line":44,"column":null}},{"start":{"line":40,"column":13},"end":{"line":44,"column":null}}]},"5":{"loc":{"start":{"line":35,"column":10},"end":{"line":35,"column":32}},"type":"binary-expr","locations":[{"start":{"line":35,"column":10},"end":{"line":35,"column":23}},{"start":{"line":35,"column":23},"end":{"line":35,"column":32}}]},"6":{"loc":{"start":{"line":40,"column":13},"end":{"line":44,"column":null}},"type":"if","locations":[{"start":{"line":40,"column":13},"end":{"line":44,"column":null}}]},"7":{"loc":{"start":{"line":98,"column":8},"end":{"line":103,"column":null}},"type":"if","locations":[{"start":{"line":98,"column":8},"end":{"line":103,"column":null}}]},"8":{"loc":{"start":{"line":115,"column":6},"end":{"line":120,"column":null}},"type":"if","locations":[{"start":{"line":115,"column":6},"end":{"line":120,"column":null}}]}},"s":{"0":0,"1":0,"2":0,"3":0,"4":0,"5":0,"6":0,"7":0,"8":0,"9":0,"10":0,"11":0,"12":0,"13":0,"14":0,"15":0,"16":0,"17":0,"18":0,"19":0,"20":0,"21":0,"22":0,"23":0,"24":0,"25":0,"26":0,"27":0,"28":0,"29":0,"30":0,"31":0,"32":0,"33":0,"34":0,"35":0,"36":0,"37":0,"38":0,"39":0,"40":0,"41":0,"42":0,"43":0,"44":0,"45":0},"f":{"0":0,"1":0},"b":{"0":[0,0],"1":[0,0],"2":[0],"3":[0],"4":[0,0],"5":[0,0],"6":[0],"7":[0],"8":[0]}}
,"/Users/abhishekkumar/dashboard/src/app/api/appointments/[id]/route.ts": {"path":"/Users/abhishekkumar/dashboard/src/app/api/appointments/[id]/route.ts","statementMap":{"0":{"start":{"line":116,"column":22},"end":{"line":116,"column":null}},"1":{"start":{"line":8,"column":22},"end":{"line":8,"column":null}},"2":{"start":{"line":47,"column":22},"end":{"line":47,"column":null}},"3":{"start":{"line":1,"column":42},"end":{"line":1,"column":null}},"4":{"start":{"line":2,"column":21},"end":{"line":2,"column":null}},"5":{"start":{"line":3,"column":23},"end":{"line":3,"column":null}},"6":{"start":{"line":4,"column":45},"end":{"line":4,"column":null}},"7":{"start":{"line":12,"column":2},"end":{"line":43,"column":null}},"8":{"start":{"line":13,"column":19},"end":{"line":13,"column":null}},"9":{"start":{"line":14,"column":20},"end":{"line":14,"column":null}},"10":{"start":{"line":16,"column":4},"end":{"line":18,"column":null}},"11":{"start":{"line":17,"column":6},"end":{"line":17,"column":null}},"12":{"start":{"line":20,"column":24},"end":{"line":30,"column":null}},"13":{"start":{"line":32,"column":4},"end":{"line":34,"column":null}},"14":{"start":{"line":33,"column":6},"end":{"line":33,"column":null}},"15":{"start":{"line":36,"column":4},"end":{"line":36,"column":null}},"16":{"start":{"line":38,"column":4},"end":{"line":38,"column":null}},"17":{"start":{"line":39,"column":4},"end":{"line":41,"column":null}},"18":{"start":{"line":51,"column":2},"end":{"line":112,"column":null}},"19":{"start":{"line":52,"column":19},"end":{"line":52,"column":null}},"20":{"start":{"line":53,"column":20},"end":{"line":53,"column":null}},"21":{"start":{"line":55,"column":4},"end":{"line":57,"column":null}},"22":{"start":{"line":56,"column":6},"end":{"line":56,"column":null}},"23":{"start":{"line":59,"column":17},"end":{"line":59,"column":null}},"24":{"start":{"line":62,"column":32},"end":{"line":69,"column":null}},"25":{"start":{"line":71,"column":4},"end":{"line":73,"column":null}},"26":{"start":{"line":72,"column":6},"end":{"line":72,"column":null}},"27":{"start":{"line":75,"column":19},"end":{"line":75,"column":43}},"28":{"start":{"line":77,"column":24},"end":{"line":92,"column":null}},"29":{"start":{"line":95,"column":4},"end":{"line":103,"column":null}},"30":{"start":{"line":105,"column":4},"end":{"line":105,"column":null}},"31":{"start":{"line":107,"column":4},"end":{"line":107,"column":null}},"32":{"start":{"line":108,"column":4},"end":{"line":110,"column":null}},"33":{"start":{"line":120,"column":2},"end":{"line":168,"column":null}},"34":{"start":{"line":121,"column":19},"end":{"line":121,"column":null}},"35":{"start":{"line":122,"column":20},"end":{"line":122,"column":null}},"36":{"start":{"line":124,"column":4},"end":{"line":126,"column":null}},"37":{"start":{"line":125,"column":6},"end":{"line":125,"column":null}},"38":{"start":{"line":129,"column":32},"end":{"line":136,"column":null}},"39":{"start":{"line":138,"column":4},"end":{"line":140,"column":null}},"40":{"start":{"line":139,"column":6},"end":{"line":139,"column":null}},"41":{"start":{"line":142,"column":19},"end":{"line":142,"column":43}},"42":{"start":{"line":144,"column":4},"end":{"line":148,"column":null}},"43":{"start":{"line":151,"column":4},"end":{"line":159,"column":null}},"44":{"start":{"line":161,"column":4},"end":{"line":161,"column":null}},"45":{"start":{"line":163,"column":4},"end":{"line":163,"column":null}},"46":{"start":{"line":164,"column":4},"end":{"line":166,"column":null}}},"fnMap":{"0":{"name":"GET","decl":{"start":{"line":8,"column":22},"end":{"line":8,"column":null}},"loc":{"start":{"line":10,"column":49},"end":{"line":44,"column":null}}},"1":{"name":"PUT","decl":{"start":{"line":47,"column":22},"end":{"line":47,"column":null}},"loc":{"start":{"line":49,"column":49},"end":{"line":113,"column":null}}},"2":{"name":"DELETE","decl":{"start":{"line":116,"column":22},"end":{"line":116,"column":null}},"loc":{"start":{"line":118,"column":49},"end":{"line":169,"column":null}}}},"branchMap":{"0":{"loc":{"start":{"line":16,"column":4},"end":{"line":18,"column":null}},"type":"if","locations":[{"start":{"line":16,"column":4},"end":{"line":18,"column":null}}]},"1":{"loc":{"start":{"line":32,"column":4},"end":{"line":34,"column":null}},"type":"if","locations":[{"start":{"line":32,"column":4},"end":{"line":34,"column":null}}]},"2":{"loc":{"start":{"line":55,"column":4},"end":{"line":57,"column":null}},"type":"if","locations":[{"start":{"line":55,"column":4},"end":{"line":57,"column":null}}]},"3":{"loc":{"start":{"line":71,"column":4},"end":{"line":73,"column":null}},"type":"if","locations":[{"start":{"line":71,"column":4},"end":{"line":73,"column":null}}]},"4":{"loc":{"start":{"line":100,"column":17},"end":{"line":100,"column":null}},"type":"binary-expr","locations":[{"start":{"line":100,"column":17},"end":{"line":100,"column":59}},{"start":{"line":100,"column":59},"end":{"line":100,"column":null}}]},"5":{"loc":{"start":{"line":101,"column":17},"end":{"line":101,"column":null}},"type":"binary-expr","locations":[{"start":{"line":101,"column":17},"end":{"line":101,"column":54}},{"start":{"line":101,"column":54},"end":{"line":101,"column":null}}]},"6":{"loc":{"start":{"line":124,"column":4},"end":{"line":126,"column":null}},"type":"if","locations":[{"start":{"line":124,"column":4},"end":{"line":126,"column":null}}]},"7":{"loc":{"start":{"line":138,"column":4},"end":{"line":140,"column":null}},"type":"if","locations":[{"start":{"line":138,"column":4},"end":{"line":140,"column":null}}]},"8":{"loc":{"start":{"line":156,"column":17},"end":{"line":156,"column":null}},"type":"binary-expr","locations":[{"start":{"line":156,"column":17},"end":{"line":156,"column":59}},{"start":{"line":156,"column":59},"end":{"line":156,"column":null}}]},"9":{"loc":{"start":{"line":157,"column":17},"end":{"line":157,"column":null}},"type":"binary-expr","locations":[{"start":{"line":157,"column":17},"end":{"line":157,"column":54}},{"start":{"line":157,"column":54},"end":{"line":157,"column":null}}]}},"s":{"0":0,"1":0,"2":0,"3":0,"4":0,"5":0,"6":0,"7":0,"8":0,"9":0,"10":0,"11":0,"12":0,"13":0,"14":0,"15":0,"16":0,"17":0,"18":0,"19":0,"20":0,"21":0,"22":0,"23":0,"24":0,"25":0,"26":0,"27":0,"28":0,"29":0,"30":0,"31":0,"32":0,"33":0,"34":0,"35":0,"36":0,"37":0,"38":0,"39":0,"40":0,"41":0,"42":0,"43":0,"44":0,"45":0,"46":0},"f":{"0":0,"1":0,"2":0},"b":{"0":[0],"1":[0],"2":[0],"3":[0],"4":[0,0],"5":[0,0],"6":[0],"7":[0],"8":[0,0],"9":[0,0]}}
,"/Users/abhishekkumar/dashboard/src/app/api/appointments/calendar/route.ts": {"path":"/Users/abhishekkumar/dashboard/src/app/api/appointments/calendar/route.ts","statementMap":{"0":{"start":{"line":7,"column":22},"end":{"line":7,"column":26}},"1":{"start":{"line":1,"column":42},"end":{"line":1,"column":null}},"2":{"start":{"line":2,"column":21},"end":{"line":2,"column":null}},"3":{"start":{"line":3,"column":23},"end":{"line":3,"column":null}},"4":{"start":{"line":8,"column":2},"end":{"line":71,"column":null}},"5":{"start":{"line":9,"column":20},"end":{"line":9,"column":null}},"6":{"start":{"line":11,"column":4},"end":{"line":13,"column":null}},"7":{"start":{"line":12,"column":6},"end":{"line":12,"column":null}},"8":{"start":{"line":15,"column":29},"end":{"line":15,"column":null}},"9":{"start":{"line":16,"column":22},"end":{"line":16,"column":null}},"10":{"start":{"line":17,"column":20},"end":{"line":17,"column":null}},"11":{"start":{"line":19,"column":23},"end":{"line":23,"column":null}},"12":{"start":{"line":25,"column":4},"end":{"line":30,"column":null}},"13":{"start":{"line":26,"column":6},"end":{"line":29,"column":null}},"14":{"start":{"line":32,"column":25},"end":{"line":48,"column":null}},"15":{"start":{"line":51,"column":32},"end":{"line":58,"column":null}},"16":{"start":{"line":52,"column":22},"end":{"line":52,"column":66}},"17":{"start":{"line":53,"column":6},"end":{"line":55,"column":null}},"18":{"start":{"line":54,"column":8},"end":{"line":54,"column":null}},"19":{"start":{"line":56,"column":6},"end":{"line":56,"column":null}},"20":{"start":{"line":57,"column":6},"end":{"line":57,"column":null}},"21":{"start":{"line":60,"column":4},"end":{"line":64,"column":null}},"22":{"start":{"line":66,"column":4},"end":{"line":66,"column":null}},"23":{"start":{"line":67,"column":4},"end":{"line":69,"column":null}}},"fnMap":{"0":{"name":"GET","decl":{"start":{"line":7,"column":22},"end":{"line":7,"column":26}},"loc":{"start":{"line":7,"column":46},"end":{"line":72,"column":null}}},"1":{"name":"(anonymous_2)","decl":{"start":{"line":51,"column":52},"end":{"line":51,"column":53}},"loc":{"start":{"line":51,"column":63},"end":{"line":58,"column":7}}}},"branchMap":{"0":{"loc":{"start":{"line":11,"column":4},"end":{"line":13,"column":null}},"type":"if","locations":[{"start":{"line":11,"column":4},"end":{"line":13,"column":null}}]},"1":{"loc":{"start":{"line":25,"column":4},"end":{"line":30,"column":null}},"type":"if","locations":[{"start":{"line":25,"column":4},"end":{"line":30,"column":null}}]},"2":{"loc":{"start":{"line":25,"column":8},"end":{"line":25,"column":30}},"type":"binary-expr","locations":[{"start":{"line":25,"column":8},"end":{"line":25,"column":21}},{"start":{"line":25,"column":21},"end":{"line":25,"column":30}}]},"3":{"loc":{"start":{"line":53,"column":6},"end":{"line":55,"column":null}},"type":"if","locations":[{"start":{"line":53,"column":6},"end":{"line":55,"column":null}}]}},"s":{"0":0,"1":0,"2":0,"3":0,"4":0,"5":0,"6":0,"7":0,"8":0,"9":0,"10":0,"11":0,"12":0,"13":0,"14":0,"15":0,"16":0,"17":0,"18":0,"19":0,"20":0,"21":0,"22":0,"23":0},"f":{"0":0,"1":0},"b":{"0":[0],"1":[0],"2":[0,0],"3":[0]}}
,"/Users/abhishekkumar/dashboard/src/app/api/auth/[...nextauth]/route.ts": {"path":"/Users/abhishekkumar/dashboard/src/app/api/auth/[...nextauth]/route.ts","statementMap":{"0":{"start":{"line":3,"column":15},"end":{"line":3,"column":18}},"1":{"start":{"line":3,"column":20},"end":{"line":3,"column":24}},"2":{"start":{"line":1,"column":25},"end":{"line":1,"column":null}},"3":{"start":{"line":3,"column":29},"end":{"line":3,"column":37}}},"fnMap":{},"branchMap":{},"s":{"0":0,"1":0,"2":0,"3":0},"f":{},"b":{}}
,"/Users/abhishekkumar/dashboard/src/app/api/auth/check-login/route.ts": {"path":"/Users/abhishekkumar/dashboard/src/app/api/auth/check-login/route.ts","statementMap":{"0":{"start":{"line":6,"column":22},"end":{"line":6,"column":27}},"1":{"start":{"line":1,"column":42},"end":{"line":1,"column":null}},"2":{"start":{"line":2,"column":23},"end":{"line":2,"column":null}},"3":{"start":{"line":3,"column":31},"end":{"line":3,"column":null}},"4":{"start":{"line":7,"column":2},"end":{"line":68,"column":null}},"5":{"start":{"line":8,"column":44},"end":{"line":8,"column":null}},"6":{"start":{"line":11,"column":22},"end":{"line":11,"column":null}},"7":{"start":{"line":12,"column":4},"end":{"line":14,"column":null}},"8":{"start":{"line":13,"column":6},"end":{"line":13,"column":null}},"9":{"start":{"line":18,"column":4},"end":{"line":31,"column":null}},"10":{"start":{"line":19,"column":6},"end":{"line":21,"column":null}},"11":{"start":{"line":22,"column":11},"end":{"line":31,"column":null}},"12":{"start":{"line":23,"column":6},"end":{"line":30,"column":null}},"13":{"start":{"line":33,"column":4},"end":{"line":37,"column":null}},"14":{"start":{"line":34,"column":6},"end":{"line":36,"column":null}},"15":{"start":{"line":40,"column":4},"end":{"line":47,"column":null}},"16":{"start":{"line":41,"column":31},"end":{"line":41,"column":null}},"17":{"start":{"line":42,"column":6},"end":{"line":46,"column":null}},"18":{"start":{"line":50,"column":4},"end":{"line":57,"column":null}},"19":{"start":{"line":51,"column":6},"end":{"line":56,"column":null}},"20":{"start":{"line":59,"column":4},"end":{"line":61,"column":null}},"21":{"start":{"line":63,"column":4},"end":{"line":63,"column":null}},"22":{"start":{"line":64,"column":4},"end":{"line":66,"column":null}}},"fnMap":{"0":{"name":"POST","decl":{"start":{"line":6,"column":22},"end":{"line":6,"column":27}},"loc":{"start":{"line":6,"column":47},"end":{"line":69,"column":null}}}},"branchMap":{"0":{"loc":{"start":{"line":12,"column":4},"end":{"line":14,"column":null}},"type":"if","locations":[{"start":{"line":12,"column":4},"end":{"line":14,"column":null}}]},"1":{"loc":{"start":{"line":18,"column":4},"end":{"line":31,"column":null}},"type":"if","locations":[{"start":{"line":18,"column":4},"end":{"line":31,"column":null}},{"start":{"line":22,"column":11},"end":{"line":31,"column":null}}]},"2":{"loc":{"start":{"line":22,"column":11},"end":{"line":31,"column":null}},"type":"if","locations":[{"start":{"line":22,"column":11},"end":{"line":31,"column":null}}]},"3":{"loc":{"start":{"line":22,"column":15},"end":{"line":22,"column":39}},"type":"binary-expr","locations":[{"start":{"line":22,"column":15},"end":{"line":22,"column":27}},{"start":{"line":22,"column":27},"end":{"line":22,"column":39}}]},"4":{"loc":{"start":{"line":33,"column":4},"end":{"line":37,"column":null}},"type":"if","locations":[{"start":{"line":33,"column":4},"end":{"line":37,"column":null}}]},"5":{"loc":{"start":{"line":40,"column":4},"end":{"line":47,"column":null}},"type":"if","locations":[{"start":{"line":40,"column":4},"end":{"line":47,"column":null}}]},"6":{"loc":{"start":{"line":40,"column":8},"end":{"line":40,"column":57}},"type":"binary-expr","locations":[{"start":{"line":40,"column":8},"end":{"line":40,"column":24}},{"start":{"line":40,"column":28},"end":{"line":40,"column":57}}]},"7":{"loc":{"start":{"line":50,"column":4},"end":{"line":57,"column":null}},"type":"if","locations":[{"start":{"line":50,"column":4},"end":{"line":57,"column":null}}]}},"s":{"0":0,"1":0,"2":0,"3":0,"4":0,"5":0,"6":0,"7":0,"8":0,"9":0,"10":0,"11":0,"12":0,"13":0,"14":0,"15":0,"16":0,"17":0,"18":0,"19":0,"20":0,"21":0,"22":0},"f":{"0":0},"b":{"0":[0],"1":[0,0],"2":[0],"3":[0,0],"4":[0],"5":[0],"6":[0,0],"7":[0]}}
,"/Users/abhishekkumar/dashboard/src/app/api/auth/forgot-password/route.ts": {"path":"/Users/abhishekkumar/dashboard/src/app/api/auth/forgot-password/route.ts","statementMap":{"0":{"start":{"line":13,"column":22},"end":{"line":13,"column":27}},"1":{"start":{"line":1,"column":42},"end":{"line":1,"column":null}},"2":{"start":{"line":2,"column":23},"end":{"line":2,"column":null}},"3":{"start":{"line":3,"column":39},"end":{"line":3,"column":null}},"4":{"start":{"line":4,"column":45},"end":{"line":4,"column":null}},"5":{"start":{"line":5,"column":74},"end":{"line":5,"column":null}},"6":{"start":{"line":6,"column":19},"end":{"line":6,"column":null}},"7":{"start":{"line":10,"column":2},"end":{"line":10,"column":null}},"8":{"start":{"line":14,"column":2},"end":{"line":98,"column":null}},"9":{"start":{"line":15,"column":22},"end":{"line":15,"column":null}},"10":{"start":{"line":16,"column":21},"end":{"line":16,"column":null}},"11":{"start":{"line":19,"column":22},"end":{"line":19,"column":null}},"12":{"start":{"line":20,"column":4},"end":{"line":27,"column":null}},"13":{"start":{"line":21,"column":6},"end":{"line":25,"column":null}},"14":{"start":{"line":29,"column":4},"end":{"line":31,"column":null}},"15":{"start":{"line":30,"column":6},"end":{"line":30,"column":null}},"16":{"start":{"line":34,"column":17},"end":{"line":36,"column":null}},"17":{"start":{"line":40,"column":4},"end":{"line":44,"column":null}},"18":{"start":{"line":41,"column":6},"end":{"line":43,"column":null}},"19":{"start":{"line":47,"column":4},"end":{"line":49,"column":null}},"20":{"start":{"line":52,"column":23},"end":{"line":52,"column":null}},"21":{"start":{"line":53,"column":22},"end":{"line":53,"column":null}},"22":{"start":{"line":54,"column":4},"end":{"line":54,"column":50}},"23":{"start":{"line":57,"column":4},"end":{"line":63,"column":null}},"24":{"start":{"line":66,"column":24},"end":{"line":70,"column":null}},"25":{"start":{"line":72,"column":4},"end":{"line":78,"column":null}},"26":{"start":{"line":73,"column":6},"end":{"line":73,"column":null}},"27":{"start":{"line":74,"column":6},"end":{"line":76,"column":null}},"28":{"start":{"line":81,"column":4},"end":{"line":86,"column":null}},"29":{"start":{"line":88,"column":4},"end":{"line":90,"column":null}},"30":{"start":{"line":92,"column":4},"end":{"line":92,"column":null}},"31":{"start":{"line":93,"column":4},"end":{"line":95,"column":null}}},"fnMap":{"0":{"name":"generateResetToken","decl":{"start":{"line":9,"column":9},"end":{"line":9,"column":null}},"loc":{"start":{"line":9,"column":9},"end":{"line":11,"column":null}}},"1":{"name":"POST","decl":{"start":{"line":13,"column":22},"end":{"line":13,"column":27}},"loc":{"start":{"line":13,"column":47},"end":{"line":99,"column":null}}}},"branchMap":{"0":{"loc":{"start":{"line":20,"column":4},"end":{"line":27,"column":null}},"type":"if","locations":[{"start":{"line":20,"column":4},"end":{"line":27,"column":null}}]},"1":{"loc":{"start":{"line":23,"column":85},"end":{"line":23,"column":113}},"type":"binary-expr","locations":[{"start":{"line":23,"column":85},"end":{"line":23,"column":104}},{"start":{"line":23,"column":108},"end":{"line":23,"column":113}}]},"2":{"loc":{"start":{"line":29,"column":4},"end":{"line":31,"column":null}},"type":"if","locations":[{"start":{"line":29,"column":4},"end":{"line":31,"column":null}}]},"3":{"loc":{"start":{"line":40,"column":4},"end":{"line":44,"column":null}},"type":"if","locations":[{"start":{"line":40,"column":4},"end":{"line":44,"column":null}}]},"4":{"loc":{"start":{"line":69,"column":16},"end":{"line":69,"column":null}},"type":"binary-expr","locations":[{"start":{"line":69,"column":16},"end":{"line":69,"column":25}},{"start":{"line":69,"column":29},"end":{"line":69,"column":null}}]},"5":{"loc":{"start":{"line":72,"column":4},"end":{"line":78,"column":null}},"type":"if","locations":[{"start":{"line":72,"column":4},"end":{"line":78,"column":null}}]},"6":{"loc":{"start":{"line":85,"column":17},"end":{"line":85,"column":null}},"type":"binary-expr","locations":[{"start":{"line":85,"column":17},"end":{"line":85,"column":54}},{"start":{"line":85,"column":54},"end":{"line":85,"column":null}}]}},"s":{"0":0,"1":0,"2":0,"3":0,"4":0,"5":0,"6":0,"7":0,"8":0,"9":0,"10":0,"11":0,"12":0,"13":0,"14":0,"15":0,"16":0,"17":0,"18":0,"19":0,"20":0,"21":0,"22":0,"23":0,"24":0,"25":0,"26":0,"27":0,"28":0,"29":0,"30":0,"31":0},"f":{"0":0,"1":0},"b":{"0":[0],"1":[0,0],"2":[0],"3":[0],"4":[0,0],"5":[0],"6":[0,0]}}
,"/Users/abhishekkumar/dashboard/src/app/api/auth/reset-password/route.ts": {"path":"/Users/abhishekkumar/dashboard/src/app/api/auth/reset-password/route.ts","statementMap":{"0":{"start":{"line":8,"column":22},"end":{"line":8,"column":27}},"1":{"start":{"line":1,"column":42},"end":{"line":1,"column":null}},"2":{"start":{"line":2,"column":23},"end":{"line":2,"column":null}},"3":{"start":{"line":3,"column":19},"end":{"line":3,"column":null}},"4":{"start":{"line":4,"column":45},"end":{"line":4,"column":null}},"5":{"start":{"line":5,"column":36},"end":{"line":5,"column":null}},"6":{"start":{"line":9,"column":2},"end":{"line":86,"column":null}},"7":{"start":{"line":10,"column":32},"end":{"line":10,"column":null}},"8":{"start":{"line":11,"column":21},"end":{"line":11,"column":null}},"9":{"start":{"line":13,"column":4},"end":{"line":18,"column":null}},"10":{"start":{"line":14,"column":6},"end":{"line":16,"column":null}},"11":{"start":{"line":20,"column":4},"end":{"line":25,"column":null}},"12":{"start":{"line":21,"column":6},"end":{"line":23,"column":null}},"13":{"start":{"line":28,"column":23},"end":{"line":30,"column":null}},"14":{"start":{"line":32,"column":4},"end":{"line":34,"column":null}},"15":{"start":{"line":33,"column":6},"end":{"line":33,"column":null}},"16":{"start":{"line":37,"column":4},"end":{"line":47,"column":null}},"17":{"start":{"line":39,"column":6},"end":{"line":41,"column":null}},"18":{"start":{"line":43,"column":6},"end":{"line":45,"column":null}},"19":{"start":{"line":50,"column":27},"end":{"line":50,"column":null}},"20":{"start":{"line":53,"column":19},"end":{"line":66,"column":null}},"21":{"start":{"line":55,"column":19},"end":{"line":58,"column":null}},"22":{"start":{"line":61,"column":6},"end":{"line":63,"column":null}},"23":{"start":{"line":65,"column":6},"end":{"line":65,"column":null}},"24":{"start":{"line":69,"column":4},"end":{"line":74,"column":null}},"25":{"start":{"line":76,"column":4},"end":{"line":78,"column":null}},"26":{"start":{"line":80,"column":4},"end":{"line":80,"column":null}},"27":{"start":{"line":81,"column":4},"end":{"line":83,"column":null}}},"fnMap":{"0":{"name":"POST","decl":{"start":{"line":8,"column":22},"end":{"line":8,"column":27}},"loc":{"start":{"line":8,"column":47},"end":{"line":87,"column":null}}},"1":{"name":"(anonymous_3)","decl":{"start":{"line":53,"column":45},"end":{"line":53,"column":52}},"loc":{"start":{"line":53,"column":52},"end":{"line":66,"column":null}}}},"branchMap":{"0":{"loc":{"start":{"line":13,"column":4},"end":{"line":18,"column":null}},"type":"if","locations":[{"start":{"line":13,"column":4},"end":{"line":18,"column":null}}]},"1":{"loc":{"start":{"line":13,"column":8},"end":{"line":13,"column":29}},"type":"binary-expr","locations":[{"start":{"line":13,"column":8},"end":{"line":13,"column":18}},{"start":{"line":13,"column":18},"end":{"line":13,"column":29}}]},"2":{"loc":{"start":{"line":20,"column":4},"end":{"line":25,"column":null}},"type":"if","locations":[{"start":{"line":20,"column":4},"end":{"line":25,"column":null}}]},"3":{"loc":{"start":{"line":32,"column":4},"end":{"line":34,"column":null}},"type":"if","locations":[{"start":{"line":32,"column":4},"end":{"line":34,"column":null}}]},"4":{"loc":{"start":{"line":37,"column":4},"end":{"line":47,"column":null}},"type":"if","locations":[{"start":{"line":37,"column":4},"end":{"line":47,"column":null}}]},"5":{"loc":{"start":{"line":73,"column":17},"end":{"line":73,"column":null}},"type":"binary-expr","locations":[{"start":{"line":73,"column":17},"end":{"line":73,"column":54}},{"start":{"line":73,"column":54},"end":{"line":73,"column":null}}]}},"s":{"0":0,"1":0,"2":0,"3":0,"4":0,"5":0,"6":0,"7":0,"8":0,"9":0,"10":0,"11":0,"12":0,"13":0,"14":0,"15":0,"16":0,"17":0,"18":0,"19":0,"20":0,"21":0,"22":0,"23":0,"24":0,"25":0,"26":0,"27":0},"f":{"0":0,"1":0},"b":{"0":[0],"1":[0,0],"2":[0],"3":[0],"4":[0],"5":[0,0]}}
,"/Users/abhishekkumar/dashboard/src/app/api/auth/send-verification/route.ts": {"path":"/Users/abhishekkumar/dashboard/src/app/api/auth/send-verification/route.ts","statementMap":{"0":{"start":{"line":12,"column":22},"end":{"line":12,"column":27}},"1":{"start":{"line":1,"column":42},"end":{"line":1,"column":null}},"2":{"start":{"line":2,"column":23},"end":{"line":2,"column":null}},"3":{"start":{"line":3,"column":38},"end":{"line":3,"column":null}},"4":{"start":{"line":4,"column":19},"end":{"line":4,"column":null}},"5":{"start":{"line":5,"column":78},"end":{"line":5,"column":null}},"6":{"start":{"line":9,"column":2},"end":{"line":9,"column":null}},"7":{"start":{"line":13,"column":2},"end":{"line":108,"column":null}},"8":{"start":{"line":14,"column":21},"end":{"line":14,"column":null}},"9":{"start":{"line":15,"column":22},"end":{"line":15,"column":null}},"10":{"start":{"line":17,"column":4},"end":{"line":24,"column":null}},"11":{"start":{"line":18,"column":6},"end":{"line":22,"column":null}},"12":{"start":{"line":26,"column":44},"end":{"line":26,"column":null}},"13":{"start":{"line":28,"column":4},"end":{"line":30,"column":null}},"14":{"start":{"line":29,"column":6},"end":{"line":29,"column":null}},"15":{"start":{"line":34,"column":4},"end":{"line":47,"column":null}},"16":{"start":{"line":35,"column":6},"end":{"line":37,"column":null}},"17":{"start":{"line":38,"column":11},"end":{"line":47,"column":null}},"18":{"start":{"line":39,"column":6},"end":{"line":46,"column":null}},"19":{"start":{"line":49,"column":4},"end":{"line":54,"column":null}},"20":{"start":{"line":51,"column":6},"end":{"line":53,"column":null}},"21":{"start":{"line":56,"column":4},"end":{"line":60,"column":null}},"22":{"start":{"line":57,"column":6},"end":{"line":59,"column":null}},"23":{"start":{"line":62,"column":22},"end":{"line":62,"column":32}},"24":{"start":{"line":65,"column":4},"end":{"line":67,"column":null}},"25":{"start":{"line":70,"column":30},"end":{"line":70,"column":null}},"26":{"start":{"line":71,"column":22},"end":{"line":71,"column":null}},"27":{"start":{"line":72,"column":4},"end":{"line":72,"column":51}},"28":{"start":{"line":75,"column":4},"end":{"line":81,"column":null}},"29":{"start":{"line":84,"column":24},"end":{"line":88,"column":null}},"30":{"start":{"line":90,"column":4},"end":{"line":96,"column":null}},"31":{"start":{"line":91,"column":6},"end":{"line":91,"column":null}},"32":{"start":{"line":92,"column":6},"end":{"line":94,"column":null}},"33":{"start":{"line":98,"column":4},"end":{"line":100,"column":null}},"34":{"start":{"line":102,"column":4},"end":{"line":102,"column":null}},"35":{"start":{"line":103,"column":4},"end":{"line":105,"column":null}}},"fnMap":{"0":{"name":"generateVerificationToken","decl":{"start":{"line":8,"column":9},"end":{"line":8,"column":null}},"loc":{"start":{"line":8,"column":9},"end":{"line":10,"column":null}}},"1":{"name":"POST","decl":{"start":{"line":12,"column":22},"end":{"line":12,"column":27}},"loc":{"start":{"line":12,"column":47},"end":{"line":109,"column":null}}}},"branchMap":{"0":{"loc":{"start":{"line":17,"column":4},"end":{"line":24,"column":null}},"type":"if","locations":[{"start":{"line":17,"column":4},"end":{"line":24,"column":null}}]},"1":{"loc":{"start":{"line":20,"column":83},"end":{"line":20,"column":111}},"type":"binary-expr","locations":[{"start":{"line":20,"column":83},"end":{"line":20,"column":102}},{"start":{"line":20,"column":106},"end":{"line":20,"column":111}}]},"2":{"loc":{"start":{"line":28,"column":4},"end":{"line":30,"column":null}},"type":"if","locations":[{"start":{"line":28,"column":4},"end":{"line":30,"column":null}}]},"3":{"loc":{"start":{"line":28,"column":8},"end":{"line":28,"column":29}},"type":"binary-expr","locations":[{"start":{"line":28,"column":8},"end":{"line":28,"column":18}},{"start":{"line":28,"column":18},"end":{"line":28,"column":29}}]},"4":{"loc":{"start":{"line":34,"column":4},"end":{"line":47,"column":null}},"type":"if","locations":[{"start":{"line":34,"column":4},"end":{"line":47,"column":null}},{"start":{"line":38,"column":11},"end":{"line":47,"column":null}}]},"5":{"loc":{"start":{"line":38,"column":11},"end":{"line":47,"column":null}},"type":"if","locations":[{"start":{"line":38,"column":11},"end":{"line":47,"column":null}}]},"6":{"loc":{"start":{"line":38,"column":15},"end":{"line":38,"column":39}},"type":"binary-expr","locations":[{"start":{"line":38,"column":15},"end":{"line":38,"column":27}},{"start":{"line":38,"column":27},"end":{"line":38,"column":39}}]},"7":{"loc":{"start":{"line":49,"column":4},"end":{"line":54,"column":null}},"type":"if","locations":[{"start":{"line":49,"column":4},"end":{"line":54,"column":null}}]},"8":{"loc":{"start":{"line":56,"column":4},"end":{"line":60,"column":null}},"type":"if","locations":[{"start":{"line":56,"column":4},"end":{"line":60,"column":null}}]},"9":{"loc":{"start":{"line":87,"column":16},"end":{"line":87,"column":null}},"type":"binary-expr","locations":[{"start":{"line":87,"column":16},"end":{"line":87,"column":25}},{"start":{"line":87,"column":29},"end":{"line":87,"column":null}}]},"10":{"loc":{"start":{"line":90,"column":4},"end":{"line":96,"column":null}},"type":"if","locations":[{"start":{"line":90,"column":4},"end":{"line":96,"column":null}}]}},"s":{"0":0,"1":0,"2":0,"3":0,"4":0,"5":0,"6":0,"7":0,"8":0,"9":0,"10":0,"11":0,"12":0,"13":0,"14":0,"15":0,"16":0,"17":0,"18":0,"19":0,"20":0,"21":0,"22":0,"23":0,"24":0,"25":0,"26":0,"27":0,"28":0,"29":0,"30":0,"31":0,"32":0,"33":0,"34":0,"35":0},"f":{"0":0,"1":0},"b":{"0":[0],"1":[0,0],"2":[0],"3":[0,0],"4":[0,0],"5":[0],"6":[0,0],"7":[0],"8":[0],"9":[0,0],"10":[0]}}
,"/Users/abhishekkumar/dashboard/src/app/api/auth/signup/route.ts": {"path":"/Users/abhishekkumar/dashboard/src/app/api/auth/signup/route.ts","statementMap":{"0":{"start":{"line":15,"column":22},"end":{"line":15,"column":27}},"1":{"start":{"line":1,"column":42},"end":{"line":1,"column":null}},"2":{"start":{"line":3,"column":23},"end":{"line":3,"column":null}},"3":{"start":{"line":4,"column":19},"end":{"line":4,"column":null}},"4":{"start":{"line":5,"column":19},"end":{"line":5,"column":null}},"5":{"start":{"line":6,"column":38},"end":{"line":6,"column":null}},"6":{"start":{"line":7,"column":45},"end":{"line":7,"column":null}},"7":{"start":{"line":8,"column":36},"end":{"line":8,"column":null}},"8":{"start":{"line":12,"column":2},"end":{"line":12,"column":null}},"9":{"start":{"line":16,"column":2},"end":{"line":116,"column":null}},"10":{"start":{"line":17,"column":44},"end":{"line":17,"column":null}},"11":{"start":{"line":18,"column":21},"end":{"line":18,"column":null}},"12":{"start":{"line":21,"column":4},"end":{"line":26,"column":null}},"13":{"start":{"line":22,"column":6},"end":{"line":24,"column":null}},"14":{"start":{"line":28,"column":4},"end":{"line":33,"column":null}},"15":{"start":{"line":29,"column":6},"end":{"line":31,"column":null}},"16":{"start":{"line":36,"column":31},"end":{"line":36,"column":null}},"17":{"start":{"line":37,"column":27},"end":{"line":37,"column":null}},"18":{"start":{"line":40,"column":25},"end":{"line":42,"column":null}},"19":{"start":{"line":44,"column":4},"end":{"line":49,"column":null}},"20":{"start":{"line":45,"column":6},"end":{"line":47,"column":null}},"21":{"start":{"line":52,"column":27},"end":{"line":52,"column":null}},"22":{"start":{"line":55,"column":23},"end":{"line":55,"column":null}},"23":{"start":{"line":58,"column":17},"end":{"line":67,"column":null}},"24":{"start":{"line":70,"column":30},"end":{"line":70,"column":null}},"25":{"start":{"line":71,"column":22},"end":{"line":71,"column":null}},"26":{"start":{"line":72,"column":4},"end":{"line":72,"column":null}},"27":{"start":{"line":74,"column":4},"end":{"line":80,"column":null}},"28":{"start":{"line":83,"column":4},"end":{"line":87,"column":null}},"29":{"start":{"line":90,"column":4},"end":{"line":96,"column":null}},"30":{"start":{"line":98,"column":4},"end":{"line":108,"column":null}},"31":{"start":{"line":111,"column":4},"end":{"line":111,"column":null}},"32":{"start":{"line":112,"column":4},"end":{"line":114,"column":null}}},"fnMap":{"0":{"name":"generateVerificationToken","decl":{"start":{"line":11,"column":9},"end":{"line":11,"column":null}},"loc":{"start":{"line":11,"column":9},"end":{"line":13,"column":null}}},"1":{"name":"POST","decl":{"start":{"line":15,"column":22},"end":{"line":15,"column":27}},"loc":{"start":{"line":15,"column":47},"end":{"line":117,"column":null}}}},"branchMap":{"0":{"loc":{"start":{"line":21,"column":4},"end":{"line":26,"column":null}},"type":"if","locations":[{"start":{"line":21,"column":4},"end":{"line":26,"column":null}}]},"1":{"loc":{"start":{"line":21,"column":8},"end":{"line":21,"column":38}},"type":"binary-expr","locations":[{"start":{"line":21,"column":8},"end":{"line":21,"column":17}},{"start":{"line":21,"column":17},"end":{"line":21,"column":27}},{"start":{"line":21,"column":27},"end":{"line":21,"column":38}}]},"2":{"loc":{"start":{"line":28,"column":4},"end":{"line":33,"column":null}},"type":"if","locations":[{"start":{"line":28,"column":4},"end":{"line":33,"column":null}}]},"3":{"loc":{"start":{"line":37,"column":27},"end":{"line":37,"column":null}},"type":"cond-expr","locations":[{"start":{"line":37,"column":63},"end":{"line":37,"column":70}},{"start":{"line":37,"column":70},"end":{"line":37,"column":null}}]},"4":{"loc":{"start":{"line":37,"column":27},"end":{"line":37,"column":63}},"type":"binary-expr","locations":[{"start":{"line":37,"column":27},"end":{"line":37,"column":35}},{"start":{"line":37,"column":35},"end":{"line":37,"column":63}}]},"5":{"loc":{"start":{"line":44,"column":4},"end":{"line":49,"column":null}},"type":"if","locations":[{"start":{"line":44,"column":4},"end":{"line":49,"column":null}}]},"6":{"loc":{"start":{"line":94,"column":17},"end":{"line":94,"column":null}},"type":"binary-expr","locations":[{"start":{"line":94,"column":17},"end":{"line":94,"column":54}},{"start":{"line":94,"column":54},"end":{"line":94,"column":null}}]}},"s":{"0":0,"1":0,"2":0,"3":0,"4":0,"5":0,"6":0,"7":0,"8":0,"9":0,"10":0,"11":0,"12":0,"13":0,"14":0,"15":0,"16":0,"17":0,"18":0,"19":0,"20":0,"21":0,"22":0,"23":0,"24":0,"25":0,"26":0,"27":0,"28":0,"29":0,"30":0,"31":0,"32":0},"f":{"0":0,"1":0},"b":{"0":[0],"1":[0,0,0],"2":[0],"3":[0,0],"4":[0,0],"5":[0],"6":[0,0]}}
,"/Users/abhishekkumar/dashboard/src/app/api/auth/verify-email/route.ts": {"path":"/Users/abhishekkumar/dashboard/src/app/api/auth/verify-email/route.ts","statementMap":{"0":{"start":{"line":8,"column":22},"end":{"line":8,"column":27}},"1":{"start":{"line":1,"column":42},"end":{"line":1,"column":null}},"2":{"start":{"line":2,"column":23},"end":{"line":2,"column":null}},"3":{"start":{"line":3,"column":45},"end":{"line":3,"column":null}},"4":{"start":{"line":4,"column":36},"end":{"line":4,"column":null}},"5":{"start":{"line":5,"column":33},"end":{"line":5,"column":null}},"6":{"start":{"line":9,"column":2},"end":{"line":79,"column":null}},"7":{"start":{"line":10,"column":22},"end":{"line":10,"column":null}},"8":{"start":{"line":11,"column":21},"end":{"line":11,"column":null}},"9":{"start":{"line":13,"column":4},"end":{"line":15,"column":null}},"10":{"start":{"line":14,"column":6},"end":{"line":14,"column":null}},"11":{"start":{"line":18,"column":30},"end":{"line":20,"column":null}},"12":{"start":{"line":22,"column":4},"end":{"line":24,"column":null}},"13":{"start":{"line":23,"column":6},"end":{"line":23,"column":null}},"14":{"start":{"line":27,"column":4},"end":{"line":36,"column":null}},"15":{"start":{"line":28,"column":6},"end":{"line":30,"column":null}},"16":{"start":{"line":32,"column":6},"end":{"line":34,"column":null}},"17":{"start":{"line":39,"column":17},"end":{"line":45,"column":null}},"18":{"start":{"line":48,"column":4},"end":{"line":50,"column":null}},"19":{"start":{"line":53,"column":4},"end":{"line":58,"column":null}},"20":{"start":{"line":61,"column":4},"end":{"line":67,"column":null}},"21":{"start":{"line":69,"column":4},"end":{"line":71,"column":null}},"22":{"start":{"line":73,"column":4},"end":{"line":73,"column":null}},"23":{"start":{"line":74,"column":4},"end":{"line":76,"column":null}}},"fnMap":{"0":{"name":"POST","decl":{"start":{"line":8,"column":22},"end":{"line":8,"column":27}},"loc":{"start":{"line":8,"column":47},"end":{"line":80,"column":null}}}},"branchMap":{"0":{"loc":{"start":{"line":13,"column":4},"end":{"line":15,"column":null}},"type":"if","locations":[{"start":{"line":13,"column":4},"end":{"line":15,"column":null}}]},"1":{"loc":{"start":{"line":22,"column":4},"end":{"line":24,"column":null}},"type":"if","locations":[{"start":{"line":22,"column":4},"end":{"line":24,"column":null}}]},"2":{"loc":{"start":{"line":27,"column":4},"end":{"line":36,"column":null}},"type":"if","locations":[{"start":{"line":27,"column":4},"end":{"line":36,"column":null}}]},"3":{"loc":{"start":{"line":57,"column":17},"end":{"line":57,"column":null}},"type":"binary-expr","locations":[{"start":{"line":57,"column":17},"end":{"line":57,"column":54}},{"start":{"line":57,"column":54},"end":{"line":57,"column":null}}]},"4":{"loc":{"start":{"line":63,"column":16},"end":{"line":63,"column":null}},"type":"binary-expr","locations":[{"start":{"line":63,"column":16},"end":{"line":63,"column":25}},{"start":{"line":63,"column":29},"end":{"line":63,"column":null}}]}},"s":{"0":0,"1":0,"2":0,"3":0,"4":0,"5":0,"6":0,"7":0,"8":0,"9":0,"10":0,"11":0,"12":0,"13":0,"14":0,"15":0,"16":0,"17":0,"18":0,"19":0,"20":0,"21":0,"22":0,"23":0},"f":{"0":0},"b":{"0":[0],"1":[0],"2":[0],"3":[0,0],"4":[0,0]}}
,"/Users/abhishekkumar/dashboard/src/app/api/auth/verify-reset-token/route.ts": {"path":"/Users/abhishekkumar/dashboard/src/app/api/auth/verify-reset-token/route.ts","statementMap":{"0":{"start":{"line":5,"column":22},"end":{"line":5,"column":26}},"1":{"start":{"line":1,"column":42},"end":{"line":1,"column":null}},"2":{"start":{"line":2,"column":23},"end":{"line":2,"column":null}},"3":{"start":{"line":6,"column":2},"end":{"line":48,"column":null}},"4":{"start":{"line":7,"column":29},"end":{"line":7,"column":null}},"5":{"start":{"line":8,"column":18},"end":{"line":8,"column":null}},"6":{"start":{"line":10,"column":4},"end":{"line":12,"column":null}},"7":{"start":{"line":11,"column":6},"end":{"line":11,"column":null}},"8":{"start":{"line":15,"column":23},"end":{"line":17,"column":null}},"9":{"start":{"line":19,"column":4},"end":{"line":21,"column":null}},"10":{"start":{"line":20,"column":6},"end":{"line":20,"column":null}},"11":{"start":{"line":24,"column":4},"end":{"line":34,"column":null}},"12":{"start":{"line":26,"column":6},"end":{"line":28,"column":null}},"13":{"start":{"line":30,"column":6},"end":{"line":32,"column":null}},"14":{"start":{"line":37,"column":4},"end":{"line":40,"column":null}},"15":{"start":{"line":42,"column":4},"end":{"line":42,"column":null}},"16":{"start":{"line":43,"column":4},"end":{"line":45,"column":null}}},"fnMap":{"0":{"name":"GET","decl":{"start":{"line":5,"column":22},"end":{"line":5,"column":26}},"loc":{"start":{"line":5,"column":46},"end":{"line":49,"column":null}}}},"branchMap":{"0":{"loc":{"start":{"line":10,"column":4},"end":{"line":12,"column":null}},"type":"if","locations":[{"start":{"line":10,"column":4},"end":{"line":12,"column":null}}]},"1":{"loc":{"start":{"line":19,"column":4},"end":{"line":21,"column":null}},"type":"if","locations":[{"start":{"line":19,"column":4},"end":{"line":21,"column":null}}]},"2":{"loc":{"start":{"line":24,"column":4},"end":{"line":34,"column":null}},"type":"if","locations":[{"start":{"line":24,"column":4},"end":{"line":34,"column":null}}]}},"s":{"0":0,"1":0,"2":0,"3":0,"4":0,"5":0,"6":0,"7":0,"8":0,"9":0,"10":0,"11":0,"12":0,"13":0,"14":0,"15":0,"16":0},"f":{"0":0},"b":{"0":[0],"1":[0],"2":[0]}}
,"/Users/abhishekkumar/dashboard/src/app/api/clinic/accept-invitation/route.ts": {"path":"/Users/abhishekkumar/dashboard/src/app/api/clinic/accept-invitation/route.ts","statementMap":{"0":{"start":{"line":14,"column":22},"end":{"line":14,"column":27}},"1":{"start":{"line":1,"column":42},"end":{"line":1,"column":null}},"2":{"start":{"line":2,"column":23},"end":{"line":2,"column":null}},"3":{"start":{"line":3,"column":19},"end":{"line":3,"column":null}},"4":{"start":{"line":4,"column":19},"end":{"line":4,"column":null}},"5":{"start":{"line":5,"column":38},"end":{"line":5,"column":null}},"6":{"start":{"line":6,"column":45},"end":{"line":6,"column":null}},"7":{"start":{"line":7,"column":36},"end":{"line":7,"column":null}},"8":{"start":{"line":11,"column":2},"end":{"line":11,"column":null}},"9":{"start":{"line":15,"column":2},"end":{"line":160,"column":null}},"10":{"start":{"line":16,"column":17},"end":{"line":16,"column":null}},"11":{"start":{"line":17,"column":38},"end":{"line":17,"column":null}},"12":{"start":{"line":18,"column":21},"end":{"line":18,"column":null}},"13":{"start":{"line":20,"column":4},"end":{"line":25,"column":null}},"14":{"start":{"line":21,"column":6},"end":{"line":23,"column":null}},"15":{"start":{"line":27,"column":4},"end":{"line":32,"column":null}},"16":{"start":{"line":28,"column":6},"end":{"line":30,"column":null}},"17":{"start":{"line":35,"column":23},"end":{"line":40,"column":null}},"18":{"start":{"line":42,"column":4},"end":{"line":44,"column":null}},"19":{"start":{"line":43,"column":6},"end":{"line":43,"column":null}},"20":{"start":{"line":47,"column":4},"end":{"line":52,"column":null}},"21":{"start":{"line":48,"column":6},"end":{"line":50,"column":null}},"22":{"start":{"line":55,"column":4},"end":{"line":65,"column":null}},"23":{"start":{"line":56,"column":6},"end":{"line":59,"column":null}},"24":{"start":{"line":61,"column":6},"end":{"line":63,"column":null}},"25":{"start":{"line":68,"column":25},"end":{"line":70,"column":null}},"26":{"start":{"line":72,"column":4},"end":{"line":77,"column":null}},"27":{"start":{"line":73,"column":6},"end":{"line":75,"column":null}},"28":{"start":{"line":80,"column":27},"end":{"line":80,"column
[...]
11":{"start":{"line":39,"column":6},"end":{"line":49,"column":null}},"12":{"start":{"line":40,"column":25},"end":{"line":40,"column":null}},"13":{"start":{"line":42,"column":26},"end":{"line":42,"column":null}},"14":{"start":{"line":43,"column":20},"end":{"line":43,"column":null}},"15":{"start":{"line":44,"column":26},"end":{"line":44,"column":null}},"16":{"start":{"line":46,"column":8},"end":{"line":48,"column":null}},"17":{"start":{"line":47,"column":10},"end":{"line":47,"column":null}},"18":{"start":{"line":51,"column":6},"end":{"line":51,"column":null}},"19":{"start":{"line":54,"column":2},"end":{"line":54,"column":null}},"20":{"start":{"line":58,"column":2},"end":{"line":64,"column":null}},"21":{"start":{"line":59,"column":4},"end":{"line":63,"column":null}},"22":{"start":{"line":60,"column":6},"end":{"line":60,"column":null}},"23":{"start":{"line":62,"column":6},"end":{"line":62,"column":null}}},"fnMap":{"0":{"name":"saveOnboardingProgress","decl":{"start":{"line":25,"column":16},"end":{"line":25,"column":39}},"loc":{"start":{"line":25,"column":67},"end":{"line":33,"column":null}}},"1":{"name":"loadOnboardingProgress","decl":{"start":{"line":35,"column":16},"end":{"line":35,"column":null}},"loc":{"start":{"line":35,"column":16},"end":{"line":55,"column":null}}},"2":{"name":"clearOnboardingProgress","decl":{"start":{"line":57,"column":16},"end":{"line":57,"column":null}},"loc":{"start":{"line":57,"column":16},"end":{"line":65,"column":null}}}},"branchMap":{"0":{"loc":{"start":{"line":26,"column":2},"end":{"line":32,"column":null}},"type":"if","locations":[{"start":{"line":26,"column":2},"end":{"line":32,"column":null}}]},"1":{"loc":{"start":{"line":36,"column":2},"end":{"line":53,"column":null}},"type":"if","locations":[{"start":{"line":36,"column":2},"end":{"line":53,"column":null}}]},"2":{"loc":{"start":{"line":39,"column":6},"end":{"line":49,"column":null}},"type":"if","locations":[{"start":{"line":39,"column":6},"end":{"line":49,"column":null}}]},"3":{"loc":{"start":{"line":46,"column":8},"end":{"line":48,"column":null}},"type":"if","locations":[{"start":{"line":46,"column":8},"end":{"line":48,"column":null}}]},"4":{"loc":{"start":{"line":58,"column":2},"end":{"line":64,"column":null}},"type":"if","locations":[{"start":{"line":58,"column":2},"end":{"line":64,"column":null}}]}},"s":{"0":0,"1":0,"2":0,"3":0,"4":0,"5":0,"6":0,"7":0,"8":0,"9":0,"10":0,"11":0,"12":0,"13":0,"14":0,"15":0,"16":0,"17":0,"18":0,"19":0,"20":0,"21":0,"22":0,"23":0},"f":{"0":0,"1":0,"2":0},"b":{"0":[0],"1":[0],"2":[0],"3":[0],"4":[0]}}
,"/Users/abhishekkumar/dashboard/src/lib/rate-limiter.ts": {"path":"/Users/abhishekkumar/dashboard/src/lib/rate-limiter.ts","statementMap":{"0":{"start":{"line":37,"column":22},"end":{"line":37,"column":null}},"1":{"start":{"line":85,"column":22},"end":{"line":85,"column":null}},"2":{"start":{"line":6,"column":34},"end":{"line":6,"column":null}},"3":{"start":{"line":7,"column":42},"end":{"line":7,"column":null}},"4":{"start":{"line":8,"column":27},"end":{"line":8,"column":null}},"5":{"start":{"line":11,"column":21},"end":{"line":29,"column":null}},"6":{"start":{"line":43,"column":4},"end":{"line":46,"column":null}},"7":{"start":{"line":48,"column":2},"end":{"line":78,"column":null}},"8":{"start":{"line":50,"column":4},"end":{"line":50,"column":null}},"9":{"start":{"line":51,"column":4},"end":{"line":51,"column":null}},"10":{"start":{"line":54,"column":23},"end":{"line":54,"column":null}},"11":{"start":{"line":56,"column":4},"end":{"line":77,"column":null}},"12":{"start":{"line":90,"column":4},"end":{"line":93,"column":null}},"13":{"start":{"line":95,"column":2},"end":{"line":112,"column":null}},"14":{"start":{"line":96,"column":16},"end":{"line":96,"column":null}},"15":{"start":{"line":97,"column":22},"end":{"line":97,"column":102}},"16":{"start":{"line":98,"column":18},"end":{"line":98,"column":null}},"17":{"start":{"line":100,"column":4},"end":{"line":104,"column":null}},"18":{"start":{"line":107,"column":4},"end":{"line":111,"column":null}}},"fnMap":{"0":{"name":"checkRateLimit","decl":{"start":{"line":37,"column":22},"end":{"line":37,"column":null}},"loc":{"start":{"line":39,"column":41},"end":{"line":79,"column":null}}},"1":{"name":"getRateLimitInfo","decl":{"start":{"line":85,"column":22},"end":{"line":85,"column":null}},"loc":{"start":{"line":87,"column":41},"end":{"line":113,"column":null}}}},"branchMap":{"0":{"loc":{"start":{"line":39,"column":2},"end":{"line":39,"column":41}},"type":"default-arg","locations":[{"start":{"line":39,"column":36},"end":{"line":39,"column":41}}]},"1":{"loc":{"start":{"line":43,"column":4},"end":{"line":46,"column":null}},"type":"binary-expr","locations":[{"start":{"line":43,"column":4},"end":{"line":43,"column":null}},{"start":{"line":44,"column":4},"end":{"line":44,"column":null}},{"start":{"line":45,"column":4},"end":{"line":45,"column":14}},{"start":{"line":46,"column":4},"end":{"line":46,"column":null}}]},"2":{"loc":{"start":{"line":54,"column":23},"end":{"line":54,"column":null}},"type":"binary-expr","locations":[{"start":{"line":54,"column":23},"end":{"line":54,"column":72}},{"start":{"line":54,"column":72},"end":{"line":54,"column":null}}]},"3":{"loc":{"start":{"line":87,"column":2},"end":{"line":87,"column":41}},"type":"default-arg","locations":[{"start":{"line":87,"column":36},"end":{"line":87,"column":41}}]},"4":{"loc":{"start":{"line":90,"column":4},"end":{"line":93,"column":null}},"type":"binary-expr","locations":[{"start":{"line":90,"column":4},"end":{"line":90,"column":null}},{"start":{"line":91,"column":4},"end":{"line":91,"column":null}},{"start":{"line":92,"column":4},"end":{"line":92,"column":14}},{"start":{"line":93,"column":4},"end":{"line":93,"column":null}}]},"5":{"loc":{"start":{"line":97,"column":22},"end":{"line":97,"column":102}},"type":"cond-expr","locations":[{"start":{"line":97,"column":28},"end":{"line":97,"column":74}},{"start":{"line":97,"column":77},"end":{"line":97,"column":102}}]},"6":{"loc":{"start":{"line":98,"column":18},"end":{"line":98,"column":null}},"type":"cond-expr","locations":[{"start":{"line":98,"column":24},"end":{"line":98,"column":66}},{"start":{"line":98,"column":66},"end":{"line":98,"column":null}}]}},"s":{"0":0,"1":0,"2":0,"3":0,"4":0,"5":0,"6":0,"7":0,"8":0,"9":0,"10":0,"11":0,"12":0,"13":0,"14":0,"15":0,"16":0,"17":0,"18":0},"f":{"0":0,"1":0},"b":{"0":[0],"1":[0,0,0,0],"2":[0,0],"3":[0],"4":[0,0,0,0],"5":[0,0],"6":[0,0]}}
,"/Users/abhishekkumar/dashboard/src/lib/rbac.ts": {"path":"/Users/abhishekkumar/dashboard/src/lib/rbac.ts","statementMap":{"0":{"start":{"line":4,"column":13},"end":{"line":4,"column":27}},"1":{"start":{"line":71,"column":13},"end":{"line":71,"column":59}},"2":{"start":{"line":215,"column":16},"end":{"line":215,"column":37}},"3":{"start":{"line":231,"column":16},"end":{"line":231,"column":33}},"4":{"start":{"line":223,"column":16},"end":{"line":223,"column":37}},"5":{"start":{"line":235,"column":16},"end":{"line":235,"column":35}},"6":{"start":{"line":227,"column":16},"end":{"line":227,"column":31}},"7":{"start":{"line":296,"column":22},"end":{"line":296,"column":38}},"8":{"start":{"line":264,"column":16},"end":{"line":264,"column":null}},"9":{"start":{"line":252,"column":16},"end":{"line":252,"column":35}},"10":{"start":{"line":240,"column":16},"end":{"line":240,"column":28}},"11":{"start":{"line":210,"column":16},"end":{"line":210,"column":34}},"12":{"start":{"line":206,"column":16},"end":{"line":206,"column":33}},"13":{"start":{"line":202,"column":16},"end":{"line":202,"column":30}},"14":{"start":{"line":219,"column":16},"end":{"line":219,"column":33}},"15":{"start":{"line":4,"column":27},"end":{"line":66,"column":null}},"16":{"start":{"line":71,"column":59},"end":{"line":199,"column":null}},"17":{"start":{"line":203,"column":2},"end":{"line":203,"column":null}},"18":{"start":{"line":207,"column":2},"end":{"line":207,"column":null}},"19":{"start":{"line":207,"column":40},"end":{"line":207,"column":null}},"20":{"start":{"line":211,"column":2},"end":{"line":211,"column":null}},"21":{"start":{"line":211,"column":41},"end":{"line":211,"column":null}},"22":{"start":{"line":216,"column":2},"end":{"line":216,"column":null}},"23":{"start":{"line":220,"column":2},"end":{"line":220,"column":null}},"24":{"start":{"line":224,"column":2},"end":{"line":224,"column":null}},"25":{"start":{"line":228,"column":2},"end":{"line":228,"column":null}},"26":{"start":{"line":232,"column":2},"end":{"line":232,"column":null}},"27":{"start":{"line":236,"column":2},"end":{"line":236,"column":null}},"28":{"start":{"line":241,"column":42},"end":{"line":247,"column":null}},"29":{"start":{"line":248,"column":2},"end":{"line":248,"column":null}},"30":{"start":{"line":253,"column":45},"end":{"line":259,"column":null}},"31":{"start":{"line":260,"column":2},"end":{"line":260,"column":null}},"32":{"start":{"line":265,"column":2},"end":{"line":265,"column":null}},"33":{"start":{"line":270,"column":14},"end":{"line":270,"column":65}},"34":{"start":{"line":273,"column":66},"end":{"line":289,"column":null}},"35":{"start":{"line":291,"column":24},"end":{"line":291,"column":42}},"36":{"start":{"line":292,"column":2},"end":{"line":292,"column":null}},"37":{"start":{"line":297,"column":21},"end":{"line":297,"column":null}},"38":{"start":{"line":298,"column":2},"end":{"line":300,"column":null}},"39":{"start":{"line":299,"column":4},"end":{"line":299,"column":null}},"40":{"start":{"line":301,"column":2},"end":{"line":301,"column":null}}},"fnMap":{"0":{"name":"hasPermission","decl":{"start":{"line":202,"column":16},"end":{"line":202,"column":30}},"loc":{"start":{"line":202,"column":64},"end":{"line":204,"column":null}}},"1":{"name":"hasAnyPermission","decl":{"start":{"line":206,"column":16},"end":{"line":206,"column":33}},"loc":{"start":{"line":206,"column":70},"end":{"line":208,"column":null}}},"2":{"name":"(anonymous_18)","decl":{"start":{"line":207,"column":26},"end":{"line":207,"column":40}},"loc":{"start":{"line":207,"column":40},"end":{"line":207,"column":null}}},"3":{"name":"hasAllPermissions","decl":{"start":{"line":210,"column":16},"end":{"line":210,"column":34}},"loc":{"start":{"line":210,"column":71},"end":{"line":212,"column":null}}},"4":{"name":"(anonymous_20)","decl":{"start":{"line":211,"column":27},"end":{"line":211,"column":41}},"loc":{"start":{"line":211,"column":41},"end":{"line":211,"column":null}}},"5":{"name":"canAccessAllPatients","decl":{"start":{"line":215,"column":16},"end":{"line":215,"column":37}},"loc":{"start":{"line":215,"column":47},"end":{"line":217,"column":null}}},"6":{"name":"isExternalDoctor","decl":{"start":{"line":219,"column":16},"end":{"line":219,"column":33}},"loc":{"start":{"line":219,"column":43},"end":{"line":221,"column":null}}},"7":{"name":"canFinalizeDocuments","decl":{"start":{"line":223,"column":16},"end":{"line":223,"column":37}},"loc":{"start":{"line":223,"column":47},"end":{"line":225,"column":null}}},"8":{"name":"canManageStaff","decl":{"start":{"line":227,"column":16},"end":{"line":227,"column":31}},"loc":{"start":{"line":227,"column":41},"end":{"line":229,"column":null}}},"9":{"name":"canAccessFinance","decl":{"start":{"line":231,"column":16},"end":{"line":231,"column":33}},"loc":{"start":{"line":231,"column":43},"end":{"line":233,"column":null}}},"10":{"name":"canManageInventory","decl":{"start":{"line":235,"column":16},"end":{"line":235,"column":35}},"loc":{"start":{"line":235,"column":45},"end":{"line":237,"column":null}}},"11":{"name":"getRoleName","decl":{"start":{"line":240,"column":16},"end":{"line":240,"column":28}},"loc":{"start":{"line":240,"column":38},"end":{"line":249,"column":null}}},"12":{"name":"getRoleDescription","decl":{"start":{"line":252,"column":16},"end":{"line":252,"column":35}},"loc":{"start":{"line":252,"column":45},"end":{"line":261,"column":null}}},"13":{"name":"getAvailableRoles","decl":{"start":{"line":264,"column":16},"end":{"line":264,"column":null}},"loc":{"start":{"line":264,"column":16},"end":{"line":266,"column":null}}},"14":{"name":"getPermissionKey","decl":{"start":{"line":269,"column":9},"end":{"line":269,"column":26}},"loc":{"start":{"line":269,"column":58},"end":{"line":293,"column":null}}},"15":{"name":"checkPermission","decl":{"start":{"line":296,"column":22},"end":{"line":296,"column":38}},"loc":{"start":{"line":296,"column":81},"end":{"line":302,"column":null}}}},"branchMap":{"0":{"loc":{"start":{"line":203,"column":9},"end":{"line":203,"column":null}},"type":"binary-expr","locations":[{"start":{"line":203,"column":9},"end":{"line":203,"column":56}},{"start":{"line":203,"column":56},"end":{"line":203,"column":null}}]},"1":{"loc":{"start":{"line":292,"column":9},"end":{"line":292,"column":null}},"type":"cond-expr","locations":[{"start":{"line":292,"column":25},"end":{"line":292,"column":51}},{"start":{"line":292,"column":54},"end":{"line":292,"column":null}}]},"2":{"loc":{"start":{"line":298,"column":2},"end":{"line":300,"column":null}},"type":"if","locations":[{"start":{"line":298,"column":2},"end":{"line":300,"column":null}}]}},"s":{"0":120,"1":0,"2":2,"3":5,"4":4,"5":3,"6":5,"7":0,"8":0,"9":3,"10":5,"11":3,"12":3,"13":110,"14":1,"15":1,"16":1,"17":133,"18":3,"19":4,"20":3,"21":5,"22":2,"23":1,"24":4,"25":5,"26":5,"27":3,"28":5,"29":5,"30":3,"31":3,"32":0,"33":0,"34":0,"35":0,"36":0,"37":0,"38":0,"39":0,"40":0},"f":{"0":133,"1":3,"2":4,"3":3,"4":5,"5":2,"6":1,"7":4,"8":5,"9":5,"10":3,"11":5,"12":3,"13":0,"14":0,"15":0},"b":{"0":[133,46],"1":[0,0],"2":[0]}}
,"/Users/abhishekkumar/dashboard/src/lib/utils.ts": {"path":"/Users/abhishekkumar/dashboard/src/lib/utils.ts","statementMap":{"0":{"start":{"line":4,"column":16},"end":{"line":4,"column":19}},"1":{"start":{"line":1,"column":38},"end":{"line":1,"column":null}},"2":{"start":{"line":2,"column":24},"end":{"line":2,"column":null}},"3":{"start":{"line":5,"column":2},"end":{"line":5,"column":null}}},"fnMap":{"0":{"name":"cn","decl":{"start":{"line":4,"column":16},"end":{"line":4,"column":19}},"loc":{"start":{"line":4,"column":42},"end":{"line":6,"column":null}}}},"branchMap":{},"s":{"0":0,"1":0,"2":0,"3":0},"f":{"0":0},"b":{}}
,"/Users/abhishekkumar/dashboard/src/lib/validation.ts": {"path":"/Users/abhishekkumar/dashboard/src/lib/validation.ts","statementMap":{"0":{"start":{"line":182,"column":13},"end":{"line":182,"column":33}},"1":{"start":{"line":116,"column":13},"end":{"line":116,"column":28}},"2":{"start":{"line":141,"column":13},"end":{"line":141,"column":36}},"3":{"start":{"line":162,"column":13},"end":{"line":162,"column":32}},"4":{"start":{"line":194,"column":16},"end":{"line":194,"column":36}},"5":{"start":{"line":40,"column":13},"end":{"line":40,"column":33}},"6":{"start":{"line":50,"column":13},"end":{"line":50,"column":29}},"7":{"start":{"line":9,"column":13},"end":{"line":9,"column":29}},"8":{"start":{"line":64,"column":13},"end":{"line":64,"column":29}},"9":{"start":{"line":77,"column":13},"end":{"line":77,"column":40}},"10":{"start":{"line":86,"column":13},"end":{"line":86,"column":31}},"11":{"start":{"line":107,"column":13},"end":{"line":107,"column":39}},"12":{"start":{"line":204,"column":16},"end":{"line":204,"column":null}},"13":{"start":{"line":1,"column":18},"end":{"line":1,"column":null}},"14":{"start":{"line":9,"column":29},"end":{"line":37,"column":null}},"15":{"start":{"line":14,"column":21},"end":{"line":14,"column":null}},"16":{"start":{"line":40,"column":33},"end":{"line":47,"column":null}},"17":{"start":{"line":50,"column":29},"end":{"line":61,"column":null}},"18":{"start":{"line":58,"column":17},"end":{"line":58,"column":null}},"19":{"start":{"line":58,"column":38},"end":{"line":58,"column":null}},"20":{"start":{"line":64,"column":29},"end":{"line":74,"column":null}},"21":{"start":{"line":70,"column":21},"end":{"line":70,"column":null}},"22":{"start":{"line":77,"column":40},"end":{"line":83,"column":null}},"23":{"start":{"line":78,"column":2},"end":{"line":83,"column":null}},"24":{"start":{"line":86,"column":31},"end":{"line":104,"column":null}},"25":{"start":{"line":107,"column":39},"end":{"line":112,"column":null}},"26":{"start":{"line":108,"column":12},"end":{"line":108,"column":41}},"27":{"start":{"line":116,"column":28},"end":{"line":138,"column":null}},"28":{"start":{"line":141,"column":36},"end":{"line":159,"column":null}},"29":{"start":{"line":155,"column":23},"end":{"line":155,"column":null}},"30":{"start":{"line":162,"column":32},"end":{"line":179,"column":null}},"31":{"start":{"line":165,"column":22},"end":{"line":165,"column":53}},"32":{"start":{"line":168,"column":8},"end":{"line":176,"column":null}},"33":{"start":{"line":182,"column":33},"end":{"line":191,"column":null}},"34":{"start":{"line":195,"column":41},"end":{"line":195,"column":null}},"35":{"start":{"line":196,"column":2},"end":{"line":199,"column":null}},"36":{"start":{"line":197,"column":17},"end":{"line":197,"column":null}},"37":{"start":{"line":198,"column":4},"end":{"line":198,"column":null}},"38":{"start":{"line":200,"column":2},"end":{"line":200,"column":null}},"39":{"start":{"line":208,"column":17},"end":{"line":208,"column":null}},"40":{"start":{"line":209,"column":2},"end":{"line":211,"column":null}},"41":{"start":{"line":210,"column":4},"end":{"line":210,"column":null}},"42":{"start":{"line":212,"column":2},"end":{"line":212,"column":null}}},"fnMap":{"0":{"name":"(anonymous_14)","decl":{"start":{"line":14,"column":14},"end":{"line":14,"column":21}},"loc":{"start":{"line":14,"column":21},"end":{"line":14,"column":null}}},"1":{"name":"(anonymous_15)","decl":{"start":{"line":58,"column":6},"end":{"line":58,"column":7}},"loc":{"start":{"line":58,"column":17},"end":{"line":58,"column":null}}},"2":{"name":"(anonymous_16)","decl":{"start":{"line":58,"column":28},"end":{"line":58,"column":29}},"loc":{"start":{"line":58,"column":38},"end":{"line":58,"column":null}}},"3":{"name":"(anonymous_17)","decl":{"start":{"line":70,"column":14},"end":{"line":70,"column":21}},"loc":{"start":{"line":70,"column":21},"end":{"line":70,"column":null}}},"4":{"name":"(anonymous_18)","decl":{"start":{"line":77,"column":40},"end":{"line":77,"column":41}},"loc":{"start":{"line":78,"column":2},"end":{"line":83,"column":null}}},"5":{"name":"(anonymous_19)","decl":{"start":{"line":108,"column":2},"end":{"line":108,"column":3}},"loc":{"start":{"line":108,"column":12},"end":{"line":108,"column":41}}},"6":{"name":"(anonymous_20)","decl":{"start":{"line":155,"column":16},"end":{"line":155,"column":23}},"loc":{"start":{"line":155,"column":23},"end":{"line":155,"column":null}}},"7":{"name":"(anonymous_21)","decl":{"start":{"line":165,"column":12},"end":{"line":165,"column":13}},"loc":{"start":{"line":165,"column":22},"end":{"line":165,"column":53}}},"8":{"name":"(anonymous_22)","decl":{"start":{"line":167,"column":6},"end":{"line":167,"column":7}},"loc":{"start":{"line":168,"column":8},"end":{"line":176,"column":null}}},"9":{"name":"getValidationErrors","decl":{"start":{"line":194,"column":16},"end":{"line":194,"column":36}},"loc":{"start":{"line":194,"column":53},"end":{"line":201,"column":null}}},"10":{"name":"(anonymous_24)","decl":{"start":{"line":196,"column":23},"end":{"line":196,"column":24}},"loc":{"start":{"line":196,"column":24},"end":{"line":199,"column":null}}},"11":{"name":"validateData","decl":{"start":{"line":204,"column":16},"end":{"line":204,"column":null}},"loc":{"start":{"line":206,"column":15},"end":{"line":213,"column":null}}}},"branchMap":{"0":{"loc":{"start":{"line":209,"column":2},"end":{"line":211,"column":null}},"type":"if","locations":[{"start":{"line":209,"column":2},"end":{"line":211,"column":null}}]}},"s":{"0":0,"1":0,"2":0,"3":0,"4":0,"5":0,"6":0,"7":0,"8":0,"9":0,"10":0,"11":0,"12":0,"13":0,"14":0,"15":0,"16":0,"17":0,"18":0,"19":0,"20":0,"21":0,"22":0,"23":0,"24":0,"25":0,"26":0,"27":0,"28":0,"29":0,"30":0,"31":0,"32":0,"33":0,"34":0,"35":0,"36":0,"37":0,"38":0,"39":0,"40":0,"41":0,"42":0},"f":{"0":0,"1":0,"2":0,"3":0,"4":0,"5":0,"6":0,"7":0,"8":0,"9":0,"10":0,"11":0},"b":{"0":[0]}}
}
