TN:
SF:src/auth.ts
FN:22,(anonymous_6)
FN:189,(anonymous_7)
FN:200,(anonymous_8)
FN:211,(anonymous_9)
FNF:4
FNH:0
FNDA:0,(anonymous_6)
FNDA:0,(anonymous_7)
FNDA:0,(anonymous_8)
FNDA:0,(anonymous_9)
DA:1,0
DA:2,0
DA:3,0
DA:4,0
DA:5,0
DA:6,0
DA:8,0
DA:10,0
DA:23,0
DA:24,0
DA:30,0
DA:32,0
DA:50,0
DA:52,0
DA:65,0
DA:68,0
DA:69,0
DA:73,0
DA:74,0
DA:75,0
DA:76,0
DA:80,0
DA:81,0
DA:82,0
DA:85,0
DA:90,0
DA:92,0
DA:99,0
DA:100,0
DA:103,0
DA:104,0
DA:105,0
DA:106,0
DA:109,0
DA:114,0
DA:118,0
DA:127,0
DA:132,0
DA:191,0
DA:192,0
DA:195,0
DA:197,0
DA:198,0
DA:201,0
DA:202,0
DA:203,0
DA:204,0
DA:205,0
DA:206,0
DA:207,0
DA:209,0
DA:212,0
DA:213,0
DA:214,0
DA:215,0
DA:216,0
DA:217,0
DA:218,0
DA:220,0
LF:59
LH:0
BRDA:23,0,0,0
BRDA:30,1,0,0
BRDA:30,1,1,0
BRDA:30,2,0,0
BRDA:30,2,1,0
BRDA:50,3,0,0
BRDA:50,3,1,0
BRDA:68,4,0,0
BRDA:68,5,0,0
BRDA:68,5,1,0
BRDA:73,6,0,0
BRDA:73,7,0,0
BRDA:73,7,1,0
BRDA:80,8,0,0
BRDA:90,9,0,0
BRDA:103,10,0,0
BRDA:155,11,0,0
BRDA:155,11,1,0
BRDA:166,12,0,0
BRDA:166,12,1,0
BRDA:177,13,0,0
BRDA:177,13,1,0
BRDA:191,14,0,0
BRDA:191,15,0,0
BRDA:191,15,1,0
BRDA:195,16,0,0
BRDA:197,17,0,0
BRDA:201,18,0,0
BRDA:212,19,0,0
BRDA:223,20,0,0
BRDA:223,20,1,0
BRF:31
BRH:0
end_of_record
TN:
SF:src/app/landing-temp.tsx
FN:3,RootPage
FNF:1
FNH:0
FNDA:0,RootPage
DA:1,0
DA:3,0
DA:5,0
LF:3
LH:0
BRF:0
BRH:0
end_of_record
TN:
SF:src/app/layout.tsx
FN:21,RootLayout
FNF:1
FNH:0
FNDA:0,RootLayout
DA:2,0
DA:3,0
DA:4,0
DA:6,0
DA:11,0
DA:16,0
DA:21,0
LF:7
LH:0
BRF:0
BRH:0
end_of_record
TN:
SF:src/app/page.tsx
FN:273,LandingPage
FN:359,(anonymous_3)
FN:393,(anonymous_4)
FN:447,(anonymous_5)
FN:474,(anonymous_6)
FN:486,(anonymous_7)
FN:518,(anonymous_8)
FN:547,(anonymous_9)
FN:576,(anonymous_10)
FN:608,(anonymous_11)
FN:623,(anonymous_12)
FN:654,(anonymous_13)
FN:691,(anonymous_14)
FN:719,(anonymous_15)
FNF:14
FNH:0
FNDA:0,LandingPage
FNDA:0,(anonymous_3)
FNDA:0,(anonymous_4)
FNDA:0,(anonymous_5)
FNDA:0,(anonymous_6)
FNDA:0,(anonymous_7)
FNDA:0,(anonymous_8)
FNDA:0,(anonymous_9)
FNDA:0,(anonymous_10)
FNDA:0,(anonymous_11)
FNDA:0,(anonymous_12)
FNDA:0,(anonymous_13)
FNDA:0,(anonymous_14)
FNDA:0,(anonymous_15)
DA:3,0
DA:4,0
DA:5,0
DA:23,0
DA:24,0
DA:26,0
DA:32,0
DA:39,0
DA:75,0
DA:98,0
DA:119,0
DA:143,0
DA:159,0
DA:187,0
DA:205,0
DA:226,0
DA:250,0
DA:273,0
DA:274,0
DA:360,0
DA:394,0
DA:448,0
DA:475,0
DA:487,0
DA:519,0
DA:548,0
DA:577,0
DA:609,0
DA:624,0
DA:655,0
DA:692,0
DA:720,0
LF:32
LH:0
BRDA:363,0,0,0
BRDA:397,1,0,0
BRDA:397,1,1,0
BRDA:526,2,0,0
BRF:4
BRH:0
end_of_record
TN:
SF:src/app/api/analytics/route.ts
FN:7,getTimeAgo
FN:32,(anonymous_2)
FN:264,(anonymous_3)
FN:279,(anonymous_4)
FN:287,(anonymous_5)
FN:294,(anonymous_6)
FN:299,(anonymous_7)
FN:302,(anonymous_8)
FN:319,(anonymous_9)
FN:328,(anonymous_10)
FN:337,(anonymous_11)
FN:347,(anonymous_12)
FNF:12
FNH:0
FNDA:0,getTimeAgo
FNDA:0,(anonymous_2)
FNDA:0,(anonymous_3)
FNDA:0,(anonymous_4)
FNDA:0,(anonymous_5)
FNDA:0,(anonymous_6)
FNDA:0,(anonymous_7)
FNDA:0,(anonymous_8)
FNDA:0,(anonymous_9)
FNDA:0,(anonymous_10)
FNDA:0,(anonymous_11)
FNDA:0,(anonymous_12)
DA:1,0
DA:2,0
DA:3,0
DA:4,0
DA:8,0
DA:9,0
DA:10,0
DA:11,0
DA:12,0
DA:14,0
DA:15,0
DA:16,0
DA:17,0
DA:18,0
DA:19,0
DA:20,0
DA:22,0
DA:23,0
DA:24,0
DA:26,0
DA:27,0
DA:31,0
DA:33,0
DA:34,0
DA:35,0
DA:37,0
DA:38,0
DA:39,0
DA:42,0
DA:43,0
DA:44,0
DA:51,0
DA:52,0
DA:53,0
DA:54,0
DA:56,0
DA:57,0
DA:58,0
DA:63,0
DA:66,0
DA:67,0
DA:70,0
DA:71,0
DA:72,0
DA:88,0
DA:260,0
DA:264,0
DA:265,0
DA:268,0
DA:269,0
DA:274,0
DA:275,0
DA:276,0
DA:279,0
DA:286,0
DA:287,0
DA:288,0
DA:289,0
DA:293,0
DA:294,0
DA:295,0
DA:296,0
DA:299,0
DA:300,0
DA:303,0
DA:309,0
DA:317,0
DA:319,0
DA:320,0
DA:328,0
DA:329,0
DA:337,0
DA:338,0
DA:347,0
DA:349,0
DA:366,0
DA:367,0
LF:77
LH:0
BRDA:14,0,0,0
BRDA:15,1,0,0
BRDA:15,2,0,0
BRDA:15,2,1,0
BRDA:16,3,0,0
BRDA:16,4,0,0
BRDA:16,4,1,0
BRDA:17,5,0,0
BRDA:17,6,0,0
BRDA:17,6,1,0
BRDA:18,7,0,0
BRDA:20,8,0,0
BRDA:20,8,1,0
BRDA:22,9,0,0
BRDA:24,10,0,0
BRDA:24,10,1,0
BRDA:27,11,0,0
BRDA:27,11,1,0
BRDA:43,12,0,0
BRDA:43,13,0,0
BRDA:43,13,1,0
BRDA:52,14,0,0
BRDA:52,14,1,0
BRDA:52,15,0,0
BRDA:52,15,1,0
BRDA:57,16,0,0
BRDA:219,17,0,0
BRDA:219,17,1,0
BRDA:260,18,0,0
BRDA:260,18,1,0
BRDA:261,19,0,0
BRDA:261,19,1,0
BRDA:268,20,0,0
BRDA:275,21,0,0
BRDA:275,21,1,0
BRDA:289,22,0,0
BRDA:289,22,1,0
BRDA:295,23,0,0
BRDA:295,23,1,0
BRDA:295,23,2,0
BRDA:296,24,0,0
BRDA:296,24,1,0
BRDA:310,25,0,0
BRDA:310,25,1,0
BRDA:312,26,0,0
BRDA:312,26,1,0
BRDA:332,27,0,0
BRDA:332,27,1,0
BRDA:342,28,0,0
BRDA:342,28,1,0
BRDA:354,29,0,0
BRDA:354,29,1,0
BRF:52
BRH:0
end_of_record
TN:
SF:src/app/api/appointments/route.ts
FN:9,(anonymous_3)
FN:90,(anonymous_4)
FNF:2
FNH:0
FNDA:0,(anonymous_3)
FNDA:0,(anonymous_4)
DA:1,0
DA:2,0
DA:3,0
DA:4,0
DA:5,0
DA:8,0
DA:10,0
DA:11,0
DA:12,0
DA:13,0
DA:14,0
DA:15,0
DA:16,0
DA:17,0
DA:18,0
DA:21,0
DA:23,0
DA:27,0
DA:28,0
DA:31,0
DA:32,0
DA:35,0
DA:36,0
DA:40,0
DA:41,0
DA:46,0
DA:69,0
DA:79,0
DA:80,0
DA:89,0
DA:91,0
DA:92,0
DA:95,0
DA:97,0
DA:98,0
DA:99,0
DA:107,0
DA:108,0
DA:115,0
DA:116,0
DA:122,0
DA:136,0
DA:138,0
DA:139,0
LF:44
LH:0
BRDA:16,0,0,0
BRDA:16,0,1,0
BRDA:17,1,0,0
BRDA:17,1,1,0
BRDA:27,2,0,0
BRDA:31,3,0,0
BRDA:35,4,0,0
BRDA:35,4,1,0
BRDA:35,5,0,0
BRDA:35,5,1,0
BRDA:40,6,0,0
BRDA:98,7,0,0
BRDA:115,8,0,0
BRF:13
BRH:0
end_of_record
TN:
SF:src/app/api/appointments/[id]/route.ts
FN:8,GET
FN:47,PUT
FN:116,DELETE
FNF:3
FNH:0
FNDA:0,GET
FNDA:0,PUT
FNDA:0,DELETE
DA:1,0
DA:2,0
DA:3,0
DA:4,0
DA:8,0
DA:12,0
DA:13,0
DA:14,0
DA:16,0
DA:17,0
DA:20,0
DA:32,0
DA:33,0
DA:36,0
DA:38,0
DA:39,0
DA:47,0
DA:51,0
DA:52,0
DA:53,0
DA:55,0
DA:56,0
DA:59,0
DA:62,0
DA:71,0
DA:72,0
DA:75,0
DA:77,0
DA:95,0
DA:105,0
DA:107,0
DA:108,0
DA:116,0
DA:120,0
DA:121,0
DA:122,0
DA:124,0
DA:125,0
DA:129,0
DA:138,0
DA:139,0
DA:142,0
DA:144,0
DA:151,0
DA:161,0
DA:163,0
DA:164,0
LF:47
LH:0
BRDA:16,0,0,0
BRDA:32,1,0,0
BRDA:55,2,0,0
BRDA:71,3,0,0
BRDA:100,4,0,0
BRDA:100,4,1,0
BRDA:101,5,0,0
BRDA:101,5,1,0
BRDA:124,6,0,0
BRDA:138,7,0,0
BRDA:156,8,0,0
BRDA:156,8,1,0
BRDA:157,9,0,0
BRDA:157,9,1,0
BRF:14
BRH:0
end_of_record
TN:
SF:src/app/api/appointments/calendar/route.ts
FN:7,GET
FN:51,(anonymous_2)
FNF:2
FNH:0
FNDA:0,GET
FNDA:0,(anonymous_2)
DA:1,0
DA:2,0
DA:3,0
DA:7,0
DA:8,0
DA:9,0
DA:11,0
DA:12,0
DA:15,0
DA:16,0
DA:17,0
DA:19,0
DA:25,0
DA:26,0
DA:32,0
DA:51,0
DA:52,0
DA:53,0
DA:54,0
DA:56,0
DA:57,0
DA:60,0
DA:66,0
DA:67,0
LF:24
LH:0
BRDA:11,0,0,0
BRDA:25,1,0,0
BRDA:25,2,0,0
BRDA:25,2,1,0
BRDA:53,3,0,0
BRF:5
BRH:0
end_of_record
TN:
SF:src/app/api/auth/[...nextauth]/route.ts
FNF:0
FNH:0
DA:1,0
DA:3,0
LF:2
LH:0
BRF:0
BRH:0
end_of_record
TN:
SF:src/app/api/auth/check-login/route.ts
FN:6,POST
FNF:1
FNH:0
FNDA:0,POST
DA:1,0
DA:2,0
DA:3,0
DA:6,0
DA:7,0
DA:8,0
DA:11,0
DA:12,0
DA:13,0
DA:18,0
DA:19,0
DA:22,0
DA:23,0
DA:33,0
DA:34,0
DA:40,0
DA:41,0
DA:42,0
DA:50,0
DA:51,0
DA:59,0
DA:63,0
DA:64,0
LF:23
LH:0
BRDA:12,0,0,0
BRDA:18,1,0,0
BRDA:18,1,1,0
BRDA:22,2,0,0
BRDA:22,3,0,0
BRDA:22,3,1,0
BRDA:33,4,0,0
BRDA:40,5,0,0
BRDA:40,6,0,0
BRDA:40,6,1,0
BRDA:50,7,0,0
BRF:11
BRH:0
end_of_record
TN:
SF:src/app/api/auth/forgot-password/route.ts
FN:9,generateResetToken
FN:13,POST
FNF:2
FNH:0
FNDA:0,generateResetToken
FNDA:0,POST
DA:1,0
DA:2,0
DA:3,0
DA:4,0
DA:5,0
DA:6,0
DA:10,0
DA:13,0
DA:14,0
DA:15,0
DA:16,0
DA:19,0
DA:20,0
DA:21,0
DA:29,0
DA:30,0
DA:34,0
DA:40,0
DA:41,0
DA:47,0
DA:52,0
DA:53,0
DA:54,0
DA:57,0
DA:66,0
DA:72,0
DA:73,0
DA:74,0
DA:81,0
DA:88,0
DA:92,0
DA:93,0
LF:32
LH:0
BRDA:20,0,0,0
BRDA:23,1,0,0
BRDA:23,1,1,0
BRDA:29,2,0,0
BRDA:40,3,0,0
BRDA:69,4,0,0
BRDA:69,4,1,0
BRDA:72,5,0,0
BRDA:85,6,0,0
BRDA:85,6,1,0
BRF:10
BRH:0
end_of_record
TN:
SF:src/app/api/auth/reset-password/route.ts
FN:8,POST
FN:53,(anonymous_3)
FNF:2
FNH:0
FNDA:0,POST
FNDA:0,(anonymous_3)
DA:1,0
DA:2,0
DA:3,0
DA:4,0
DA:5,0
DA:8,0
DA:9,0
DA:10,0
DA:11,0
DA:13,0
DA:14,0
DA:20,0
DA:21,0
DA:28,0
DA:32,0
DA:33,0
DA:37,0
DA:39,0
DA:43,0
DA:50,0
DA:53,0
DA:55,0
DA:61,0
DA:65,0
DA:69,0
DA:76,0
DA:80,0
DA:81,0
LF:28
LH:0
BRDA:13,0,0,0
BRDA:13,1,0,0
BRDA:13,1,1,0
BRDA:20,2,0,0
BRDA:32,3,0,0
BRDA:37,4,0,0
BRDA:73,5,0,0
BRDA:73,5,1,0
BRF:8
BRH:0
end_of_record
TN:
SF:src/app/api/auth/send-verification/route.ts
FN:8,generateVerificationToken
FN:12,POST
FNF:2
FNH:0
FNDA:0,generateVerificationToken
FNDA:0,POST
DA:1,0
DA:2,0
DA:3,0
DA:4,0
DA:5,0
DA:9,0
DA:12,0
DA:13,0
DA:14,0
DA:15,0
DA:17,0
DA:18,0
DA:26,0
DA:28,0
DA:29,0
DA:34,0
DA:35,0
DA:38,0
DA:39,0
DA:49,0
DA:51,0
DA:56,0
DA:57,0
DA:62,0
DA:65,0
DA:70,0
DA:71,0
DA:72,0
DA:75,0
DA:84,0
DA:90,0
DA:91,0
DA:92,0
DA:98,0
DA:102,0
DA:103,0
LF:36
LH:0
BRDA:17,0,0,0
BRDA:20,1,0,0
BRDA:20,1,1,0
BRDA:28,2,0,0
BRDA:28,3,0,0
BRDA:28,3,1,0
BRDA:34,4,0,0
BRDA:34,4,1,0
BRDA:38,5,0,0
BRDA:38,6,0,0
BRDA:38,6,1,0
BRDA:49,7,0,0
BRDA:56,8,0,0
BRDA:87,9,0,0
BRDA:87,9,1,0
BRDA:90,10,0,0
BRF:16
BRH:0
end_of_record
TN:
SF:src/app/api/auth/signup/route.ts
FN:11,generateVerificationToken
FN:15,POST
FNF:2
FNH:0
FNDA:0,generateVerificationToken
FNDA:0,POST
DA:1,0
DA:3,0
DA:4,0
DA:5,0
DA:6,0
DA:7,0
DA:8,0
DA:12,0
DA:15,0
DA:16,0
DA:17,0
DA:18,0
DA:21,0
DA:22,0
DA:28,0
DA:29,0
DA:36,0
DA:37,0
DA:40,0
DA:44,0
DA:45,0
DA:52,0
DA:55,0
DA:58,0
DA:70,0
DA:71,0
DA:72,0
DA:74,0
DA:83,0
DA:90,0
DA:98,0
DA:111,0
DA:112,0
LF:33
LH:0
BRDA:21,0,0,0
BRDA:21,1,0,0
BRDA:21,1,1,0
BRDA:21,1,2,0
BRDA:28,2,0,0
BRDA:37,3,0,0
BRDA:37,3,1,0
BRDA:37,4,0,0
BRDA:37,4,1,0
BRDA:44,5,0,0
BRDA:94,6,0,0
BRDA:94,6,1,0
BRF:12
BRH:0
end_of_record
TN:
SF:src/app/api/auth/verify-email/route.ts
FN:8,POST
FNF:1
FNH:0
FNDA:0,POST
DA:1,0
DA:2,0
DA:3,0
DA:4,0
DA:5,0
DA:8,0
DA:9,0
DA:10,0
DA:11,0
DA:13,0
DA:14,0
DA:18,0
DA:22,0
DA:23,0
DA:27,0
DA:28,0
DA:32,0
DA:39,0
DA:48,0
DA:53,0
DA:61,0
DA:69,0
DA:73,0
DA:74,0
LF:24
LH:0
BRDA:13,0,0,0
BRDA:22,1,0,0
BRDA:27,2,0,0
BRDA:57,3,0,0
BRDA:57,3,1,0
BRDA:63,4,0,0
BRDA:63,4,1,0
BRF:7
BRH:0
end_of_record
TN:
SF:src/app/api/auth/verify-reset-token/route.ts
FN:5,GET
FNF:1
FNH:0
FNDA:0,GET
DA:1,0
DA:2,0
DA:5,0
DA:6,0
DA:7,0
DA:8,0
DA:10,0
DA:11,0
DA:15,0
DA:19,0
DA:20,0
DA:24,0
DA:26,0
DA:30,0
DA:37,0
DA:42,0
DA:43,0
LF:17
LH:0
BRDA:10,0,0,0
BRDA:19,1,0,0
BRDA:24,2,0,0
BRF:3
BRH:0
end_of_record
TN:
SF:src/app/api/clinic/accept-invitation/route.ts
FN:10,generateVerificationToken
FN:14,POST
FN:83,(anonymous_4)
FNF:3
FNH:0
FNDA:0,generateVerificationToken
FNDA:0,POST
FNDA:0,(anonymous_4)
DA:1,0
DA:2,0
DA:3,0
DA:4,0
DA:5,0
DA:6,0
DA:7,0
DA:11,0
DA:14,0
DA:15,0
DA:16,0
DA:17,0
DA:18,0
DA:20,0
DA:21,0
DA:27,0
DA:28,0
DA:35,0
DA:42,0
DA:43,0
DA:47,0
DA:48,0
DA:55,0
DA:56,0
DA:61,0
DA:68,0
DA:72,0
DA:73,0
DA:80,0
DA:83,0
DA:85,0
DA:98,0
DA:103,0
DA:107,0
DA:108,0
DA:109,0
DA:111,0
DA:120,0
DA:127,0
DA:136,0
DA:144,0
DA:154,0
DA:155,0
LF:43
LH:0
BRDA:20,0,0,0
BRDA:20,1,0,0
BRDA:20,1,1,0
BRDA:20,1,2,0
BRDA:27,2,0,0
BRDA:42,3,0,0
BRDA:47,4,0,0
BRDA:55,5,0,0
BRDA:72,6,0,0
BRDA:133,7,0,0
BRDA:133,7,1,0
BRDA:140,8,0,0
BRDA:140,8,1,0
BRF:13
BRH:0
end_of_record
TN:
SF:src/app/api/clinic/invitations/route.ts
FN:10,generateInvitationToken
FN:14,POST
FNF:2
FNH:0
FNDA:0,generateInvitationToken
FNDA:0,POST
DA:1,0
DA:2,0
DA:3,0
DA:4,0
DA:5,0
DA:6,0
DA:7,0
DA:11,0
DA:14,0
DA:15,0
DA:16,0
DA:17,0
DA:19,0
DA:20,0
DA:23,0
DA:24,0
DA:25,0
DA:28,0
DA:29,0
DA:30,0
DA:38,0
DA:39,0
DA:42,0
DA:43,0
DA:45,0
DA:46,0
DA:50,0
DA:54,0
DA:55,0
DA:58,0
DA:64,0
DA:65,0
DA:67,0
DA:68,0
DA:69,0
DA:72,0
DA:74,0
DA:78,0
DA:79,0
DA:80,0
DA:84,0
DA:92,0
DA:93,0
DA:94,0
DA:98,0
DA:101,0
DA:102,0
DA:104,0
DA:117,0
DA:126,0
DA:127,0
DA:130,0
DA:139,0
DA:142,0
DA:143,0
DA:147,0
DA:152,0
DA:153,0
LF:58
LH:0
BRDA:19,0,0,0
BRDA:29,1,0,0
BRDA:38,2,0,0
BRDA:45,3,0,0
BRDA:45,4,0,0
BRDA:45,4,1,0
BRDA:45,4,2,0
BRDA:54,5,0,0
BRDA:67,6,0,0
BRDA:67,7,0,0
BRDA:67,7,1,0
BRDA:68,8,0,0
BRDA:68,8,1,0
BRDA:78,9,0,0
BRDA:92,10,0,0
BRDA:122,11,0,0
BRDA:122,11,1,0
BRDA:126,12,0,0
BRDA:126,12,1,0
BRDA:135,13,0,0
BRDA:135,13,1,0
BRF:21
BRH:0
end_of_record
TN:
SF:src/app/api/clinic/settings/route.ts
FN:7,(anonymous_1)
FNF:1
FNH:0
FNDA:0,(anonymous_1)
DA:1,0
DA:2,0
DA:3,0
DA:4,0
DA:6,0
DA:8,0
DA:9,0
DA:11,0
DA:12,0
DA:18,0
DA:35,0
DA:36,0
DA:42,0
DA:44,0
DA:45,0
LF:15
LH:0
BRDA:11,0,0,0
BRDA:35,1,0,0
BRF:2
BRH:0
end_of_record
TN:
SF:src/app/api/clinic/setup/route.ts
FN:10,generateVerificationToken
FN:15,generateClinicCode
FN:18,(anonymous_4)
FN:26,POST
FN:81,(anonymous_6)
FNF:5
FNH:0
FNDA:0,generateVerificationToken
FNDA:0,generateClinicCode
FNDA:0,(anonymous_4)
FNDA:0,POST
FNDA:0,(anonymous_6)
DA:1,0
DA:2,0
DA:3,0
DA:4,0
DA:5,0
DA:6,0
DA:7,0
DA:11,0
DA:16,0
DA:18,0
DA:22,0
DA:23,0
DA:26,0
DA:27,0
DA:28,0
DA:29,0
DA:32,0
DA:33,0
DA:39,0
DA:40,0
DA:47,0
DA:51,0
DA:52,0
DA:59,0
DA:62,0
DA:63,0
DA:64,0
DA:65,0
DA:66,0
DA:67,0
DA:70,0
DA:71,0
DA:78,0
DA:81,0
DA:83,0
DA:84,0
DA:102,0
DA:104,0
DA:117,0
DA:121,0
DA:122,0
DA:123,0
DA:125,0
DA:134,0
DA:141,0
DA:150,0
DA:158,0
DA:169,0
DA:170,0
LF:49
LH:0
BRDA:32,0,0,0
BRDA:32,1,0,0
BRDA:32,1,1,0
BRDA:32,1,2,0
BRDA:32,1,3,0
BRDA:32,1,4,0
BRDA:39,2,0,0
BRDA:51,3,0,0
BRDA:64,4,0,0
BRDA:64,4,1,0
BRDA:70,5,0,0
BRDA:88,6,0,0
BRDA:88,6,1,0
BRDA:90,7,0,0
BRDA:90,7,1,0
BRDA:91,8,0,0
BRDA:91,8,1,0
BRDA:92,9,0,0
BRDA:92,9,1,0
BRDA:93,10,0,0
BRDA:93,10,1,0
BRDA:147,11,0,0
BRDA:147,11,1,0
BRDA:154,12,0,0
BRDA:154,12,1,0
BRF:25
BRH:0
end_of_record
TN:
SF:src/app/api/clinic/update/route.ts
FN:7,(anonymous_1)
FNF:1
FNH:0
FNDA:0,(anonymous_1)
DA:1,0
DA:2,0
DA:3,0
DA:4,0
DA:6,0
DA:8,0
DA:9,0
DA:11,0
DA:12,0
DA:18,0
DA:21,0
DA:36,0
DA:41,0
DA:42,0
LF:14
LH:0
BRDA:11,0,0,0
BRF:1
BRH:0
end_of_record
TN:
SF:src/app/api/clinic/update-logo/route.ts
FN:10,(anonymous_1)
FNF:1
FNH:0
FNDA:0,(anonymous_1)
DA:1,0
DA:2,0
DA:3,0
DA:4,0
DA:5,0
DA:6,0
DA:7,0
DA:9,0
DA:11,0
DA:12,0
DA:14,0
DA:15,0
DA:21,0
DA:22,0
DA:24,0
DA:25,0
DA:32,0
DA:33,0
DA:34,0
DA:38,0
DA:39,0
DA:40,0
DA:41,0
DA:44,0
DA:45,0
DA:46,0
DA:49,0
DA:56,0
DA:61,0
DA:62,0
LF:30
LH:0
BRDA:14,0,0,0
BRDA:24,1,0,0
BRDA:33,2,0,0
BRF:3
BRH:0
end_of_record
TN:
SF:src/app/api/clinic/upload/route.ts
FN:7,POST
FNF:1
FNH:0
FNDA:0,POST
DA:1,0
DA:2,0
DA:3,0
DA:4,0
DA:5,0
DA:7,0
DA:8,0
DA:9,0
DA:11,0
DA:12,0
DA:15,0
DA:16,0
DA:17,0
DA:19,0
DA:20,0
DA:24,0
DA:25,0
DA:26,0
DA:33,0
DA:34,0
DA:35,0
DA:36,0
DA:44,0
DA:45,0
DA:46,0
DA:50,0
DA:51,0
DA:52,0
DA:53,0
DA:56,0
DA:57,0
DA:58,0
DA:61,0
DA:63,0
DA:69,0
DA:70,0
LF:36
LH:0
BRDA:11,0,0,0
BRDA:19,1,0,0
BRDA:24,2,0,0
BRDA:24,2,1,0
BRDA:25,3,0,0
BRDA:33,4,0,0
BRDA:35,5,0,0
BRDA:45,6,0,0
BRF:8
BRH:0
end_of_record
TN:
SF:src/app/api/clinic/verify/route.ts
FN:5,GET
FNF:1
FNH:0
FNDA:0,GET
DA:1,0
DA:2,0
DA:5,0
DA:6,0
DA:7,0
DA:8,0
DA:10,0
DA:11,0
DA:17,0
DA:33,0
DA:34,0
DA:39,0
DA:45,0
DA:46,0
LF:14
LH:0
BRDA:10,0,0,0
BRDA:33,1,0,0
BRDA:33,1,1,0
BRF:3
BRH:0
end_of_record
TN:
SF:src/app/api/clinic/verify-invitation/route.ts
FN:5,GET
FNF:1
FNH:0
FNDA:0,GET
DA:1,0
DA:2,0
DA:5,0
DA:6,0
DA:7,0
DA:8,0
DA:10,0
DA:11,0
DA:15,0
DA:27,0
DA:28,0
DA:32,0
DA:33,0
DA:40,0
DA:42,0
DA:47,0
DA:54,0
DA:61,0
DA:62,0
LF:19
LH:0
BRDA:10,0,0,0
BRDA:27,1,0,0
BRDA:32,2,0,0
BRDA:40,3,0,0
BRF:4
BRH:0
end_of_record
TN:
SF:src/app/api/documents/route.ts
FN:9,(anonymous_3)
FN:61,(anonymous_4)
FNF:2
FNH:0
FNDA:0,(anonymous_3)
FNDA:0,(anonymous_4)
DA:1,0
DA:2,0
DA:3,0
DA:4,0
DA:8,0
DA:10,0
DA:11,0
DA:12,0
DA:14,0
DA:15,0
DA:22,0
DA:23,0
DA:30,0
DA:31,0
DA:37,0
DA:44,0
DA:46,0
DA:47,0
DA:60,0
DA:62,0
DA:63,0
DA:66,0
DA:68,0
DA:69,0
DA:70,0
DA:78,0
DA:79,0
DA:86,0
DA:87,0
DA:93,0
DA:97,0
DA:99,0
DA:100,0
LF:33
LH:0
BRDA:14,0,0,0
BRDA:30,1,0,0
BRDA:69,2,0,0
BRDA:86,3,0,0
BRF:4
BRH:0
end_of_record
TN:
SF:src/app/api/documents/[id]/route.ts
FN:6,GET
FN:51,DELETE
FNF:2
FNH:0
FNDA:0,GET
FNDA:0,DELETE
DA:1,0
DA:2,0
DA:3,0
DA:6,0
DA:10,0
DA:11,0
DA:12,0
DA:14,0
DA:15,0
DA:18,0
DA:36,0
DA:37,0
DA:40,0
DA:42,0
DA:43,0
DA:51,0
DA:55,0
DA:56,0
DA:57,0
DA:59,0
DA:60,0
DA:64,0
DA:73,0
DA:74,0
DA:77,0
DA:83,0
DA:85,0
DA:86,0
LF:28
LH:0
BRDA:14,0,0,0
BRDA:36,1,0,0
BRDA:59,2,0,0
BRDA:73,3,0,0
BRF:4
BRH:0
end_of_record
TN:
SF:src/app/api/documents/[id]/download/route.ts
FN:10,(anonymous_1)
FNF:1
FNH:0
FNDA:0,(anonymous_1)
DA:1,0
DA:2,0
DA:3,0
DA:4,0
DA:5,0
DA:6,0
DA:7,0
DA:9,0
DA:11,0
DA:12,0
DA:13,0
DA:16,0
DA:22,0
DA:29,0
DA:30,0
DA:37,0
DA:39,0
DA:40,0
DA:47,0
DA:50,0
DA:51,0
DA:53,0
DA:55,0
DA:56,0
DA:59,0
DA:60,0
DA:62,0
DA:63,0
DA:65,0
DA:66,0
DA:68,0
DA:69,0
DA:71,0
DA:73,0
DA:75,0
DA:76,0
DA:80,0
DA:89,0
DA:90,0
LF:39
LH:0
BRDA:29,0,0,0
BRDA:39,1,0,0
BRDA:53,2,0,0
BRDA:53,2,1,0
BRDA:53,2,2,0
BRDA:53,2,3,0
BRDA:53,2,4,0
BRDA:53,2,5,0
BRDA:53,2,6,0
BRDA:53,2,7,0
BRF:10
BRH:0
end_of_record
TN:
SF:src/app/api/documents/upload/route.ts
FN:12,(anonymous_1)
FNF:1
FNH:0
FNDA:0,(anonymous_1)
DA:1,0
DA:2,0
DA:3,0
DA:4,0
DA:5,0
DA:6,0
DA:7,0
DA:8,0
DA:9,0
DA:11,0
DA:14,0
DA:15,0
DA:17,0
DA:18,0
DA:19,0
DA:20,0
DA:21,0
DA:22,0
DA:23,0
DA:25,0
DA:26,0
DA:29,0
DA:30,0
DA:34,0
DA:39,0
DA:46,0
DA:47,0
DA:51,0
DA:52,0
DA:53,0
DA:57,0
DA:58,0
DA:59,0
DA:60,0
DA:63,0
DA:64,0
DA:65,0
DA:68,0
DA:79,0
DA:87,0
DA:88,0
LF:41
LH:0
BRDA:15,0,0,0
BRDA:25,1,0,0
BRDA:29,2,0,0
BRDA:29,3,0,0
BRDA:29,3,1,0
BRDA:46,4,0,0
BRDA:52,5,0,0
BRDA:71,6,0,0
BRDA:71,6,1,0
BRDA:74,7,0,0
BRDA:74,7,1,0
BRF:11
BRH:0
end_of_record
TN:
SF:src/app/api/employees/route.ts
FN:7,GET
FNF:1
FNH:0
FNDA:0,GET
DA:1,0
DA:2,0
DA:3,0
DA:4,0
DA:7,0
DA:8,0
DA:9,0
DA:11,0
DA:12,0
DA:15,0
DA:16,0
DA:17,0
DA:20,0
DA:21,0
DA:22,0
DA:25,0
DA:26,0
DA:30,0
DA:50,0
DA:67,0
DA:73,0
DA:74,0
LF:22
LH:0
BRDA:11,0,0,0
BRDA:21,1,0,0
BRDA:25,2,0,0
BRF:3
BRH:0
end_of_record
TN:
SF:src/app/api/employees/[id]/route.ts
FN:9,GET
FN:63,PUT
FN:149,DELETE
FNF:3
FNH:0
FNDA:0,GET
FNDA:0,PUT
FNDA:0,DELETE
DA:1,0
DA:2,0
DA:3,0
DA:4,0
DA:5,0
DA:9,0
DA:13,0
DA:14,0
DA:15,0
DA:17,0
DA:18,0
DA:21,0
DA:22,0
DA:24,0
DA:25,0
DA:26,0
DA:29,0
DA:47,0
DA:48,0
DA:51,0
DA:53,0
DA:54,0
DA:63,0
DA:67,0
DA:68,0
DA:69,0
DA:71,0
DA:72,0
DA:75,0
DA:76,0
DA:77,0
DA:79,0
DA:80,0
DA:81,0
DA:85,0
DA:86,0
DA:92,0
DA:93,0
DA:96,0
DA:103,0
DA:104,0
DA:108,0
DA:124,0
DA:134,0
DA:139,0
DA:140,0
DA:149,0
DA:153,0
DA:154,0
DA:155,0
DA:157,0
DA:158,0
DA:161,0
DA:162,0
DA:163,0
DA:165,0
DA:166,0
DA:167,0
DA:171,0
DA:172,0
DA:179,0
DA:186,0
DA:187,0
DA:191,0
DA:196,0
DA:206,0
DA:210,0
DA:211,0
LF:68
LH:0
BRDA:17,0,0,0
BRDA:25,1,0,0
BRDA:47,2,0,0
BRDA:71,3,0,0
BRDA:80,4,0,0
BRDA:85,5,0,0
BRDA:103,6,0,0
BRDA:111,7,0,0
BRDA:111,7,1,0
BRDA:112,8,0,0
BRDA:112,8,1,0
BRDA:129,9,0,0
BRDA:129,9,1,0
BRDA:130,10,0,0
BRDA:130,10,1,0
BRDA:157,11,0,0
BRDA:166,12,0,0
BRDA:171,13,0,0
BRDA:186,14,0,0
BRDA:201,15,0,0
BRDA:201,15,1,0
BRDA:202,16,0,0
BRDA:202,16,1,0
BRF:23
BRH:0
end_of_record
TN:
SF:src/app/api/inventory/route.ts
FN:7,GET
FN:67,(anonymous_4)
FN:72,(anonymous_5)
FN:73,(anonymous_6)
FN:74,(anonymous_7)
FN:96,POST
FNF:6
FNH:0
FNDA:0,GET
FNDA:0,(anonymous_4)
FNDA:0,(anonymous_5)
FNDA:0,(anonymous_6)
FNDA:0,(anonymous_7)
FNDA:0,POST
DA:1,0
DA:2,0
DA:3,0
DA:4,0
DA:7,0
DA:8,0
DA:9,0
DA:11,0
DA:12,0
DA:15,0
DA:16,0
DA:19,0
DA:20,0
DA:21,0
DA:24,0
DA:25,0
DA:26,0
DA:27,0
DA:29,0
DA:33,0
DA:34,0
DA:37,0
DA:38,0
DA:44,0
DA:65,0
DA:66,0
DA:67,0
DA:71,0
DA:72,0
DA:73,0
DA:74,0
DA:76,0
DA:86,0
DA:87,0
DA:96,0
DA:97,0
DA:98,0
DA:100,0
DA:101,0
DA:104,0
DA:105,0
DA:106,0
DA:109,0
DA:110,0
DA:111,0
DA:114,0
DA:117,0
DA:118,0
DA:125,0
DA:137,0
DA:138,0
DA:151,0
DA:153,0
DA:154,0
LF:54
LH:0
BRDA:11,0,0,0
BRDA:20,1,0,0
BRDA:33,2,0,0
BRDA:37,3,0,0
BRDA:66,4,0,0
BRDA:100,5,0,0
BRDA:110,6,0,0
BRDA:117,7,0,0
BRDA:117,8,0,0
BRDA:117,8,1,0
BRDA:117,8,2,0
BRDA:117,8,3,0
BRDA:129,9,0,0
BRDA:129,9,1,0
BRDA:137,10,0,0
BRF:15
BRH:0
end_of_record
TN:
SF:src/app/api/inventory/[id]/route.ts
FN:8,GET
FN:60,PUT
FN:117,DELETE
FNF:3
FNH:0
FNDA:0,GET
FNDA:0,PUT
FNDA:0,DELETE
DA:1,0
DA:2,0
DA:3,0
DA:4,0
DA:8,0
DA:12,0
DA:13,0
DA:14,0
DA:16,0
DA:17,0
DA:20,0
DA:21,0
DA:23,0
DA:24,0
DA:25,0
DA:28,0
DA:44,0
DA:45,0
DA:48,0
DA:50,0
DA:51,0
DA:60,0
DA:64,0
DA:65,0
DA:66,0
DA:68,0
DA:69,0
DA:72,0
DA:73,0
DA:75,0
DA:76,0
DA:77,0
DA:81,0
DA:88,0
DA:89,0
DA:92,0
DA:95,0
DA:97,0
DA:105,0
DA:107,0
DA:108,0
DA:117,0
DA:121,0
DA:122,0
DA:123,0
DA:125,0
DA:126,0
DA:129,0
DA:130,0
DA:132,0
DA:133,0
DA:134,0
DA:138,0
DA:145,0
DA:146,0
DA:149,0
DA:153,0
DA:155,0
DA:156,0
LF:59
LH:0
BRDA:16,0,0,0
BRDA:24,1,0,0
BRDA:44,2,0,0
BRDA:68,3,0,0
BRDA:76,4,0,0
BRDA:88,5,0,0
BRDA:125,6,0,0
BRDA:133,7,0,0
BRDA:145,8,0,0
BRF:9
BRH:0
end_of_record
TN:
SF:src/app/api/inventory/[id]/adjust-stock/route.ts
FN:8,POST
FNF:1
FNH:0
FNDA:0,POST
DA:1,0
DA:2,0
DA:3,0
DA:4,0
DA:8,0
DA:12,0
DA:13,0
DA:14,0
DA:16,0
DA:17,0
DA:20,0
DA:21,0
DA:22,0
DA:24,0
DA:25,0
DA:26,0
DA:30,0
DA:37,0
DA:38,0
DA:41,0
DA:43,0
DA:44,0
DA:50,0
DA:51,0
DA:58,0
DA:59,0
DA:60,0
DA:62,0
DA:66,0
DA:67,0
DA:74,0
DA:96,0
DA:101,0
DA:102,0
LF:34
LH:0
BRDA:16,0,0,0
BRDA:25,1,0,0
BRDA:37,2,0,0
BRDA:43,3,0,0
BRDA:43,4,0,0
BRDA:43,4,1,0
BRDA:50,5,0,0
BRDA:59,6,0,0
BRDA:59,6,1,0
BRDA:59,7,0,0
BRDA:59,7,1,0
BRDA:66,8,0,0
BRF:12
BRH:0
end_of_record
TN:
SF:src/app/api/invitations/[id]/route.ts
FN:9,DELETE
FNF:1
FNH:0
FNDA:0,DELETE
DA:1,0
DA:2,0
DA:3,0
DA:4,0
DA:5,0
DA:9,0
DA:13,0
DA:14,0
DA:15,0
DA:17,0
DA:18,0
DA:21,0
DA:22,0
DA:23,0
DA:25,0
DA:26,0
DA:27,0
DA:31,0
DA:38,0
DA:39,0
DA:43,0
DA:48,0
DA:58,0
DA:62,0
DA:63,0
LF:25
LH:0
BRDA:17,0,0,0
BRDA:26,1,0,0
BRDA:38,2,0,0
BRDA:53,3,0,0
BRDA:53,3,1,0
BRDA:54,4,0,0
BRDA:54,4,1,0
BRF:7
BRH:0
end_of_record
TN:
SF:src/app/api/invoices/route.ts
FN:8,generateInvoiceNumber
FN:17,GET
FN:105,(anonymous_5)
FN:107,(anonymous_6)
FN:108,(anonymous_7)
FN:110,(anonymous_8)
FN:111,(anonymous_9)
FN:113,(anonymous_10)
FN:114,(anonymous_11)
FN:125,(anonymous_12)
FN:126,(anonymous_13)
FN:127,(anonymous_14)
FN:138,POST
FN:163,(anonymous_16)
FN:195,(anonymous_17)
FNF:15
FNH:0
FNDA:0,generateInvoiceNumber
FNDA:0,GET
FNDA:0,(anonymous_5)
FNDA:0,(anonymous_6)
FNDA:0,(anonymous_7)
FNDA:0,(anonymous_8)
FNDA:0,(anonymous_9)
FNDA:0,(anonymous_10)
FNDA:0,(anonymous_11)
FNDA:0,(anonymous_12)
FNDA:0,(anonymous_13)
FNDA:0,(anonymous_14)
FNDA:0,POST
FNDA:0,(anonymous_16)
FNDA:0,(anonymous_17)
DA:1,0
DA:2,0
DA:3,0
DA:4,0
DA:5,0
DA:9,0
DA:10,0
DA:11,0
DA:12,0
DA:13,0
DA:17,0
DA:18,0
DA:19,0
DA:21,0
DA:22,0
DA:25,0
DA:26,0
DA:28,0
DA:29,0
DA:30,0
DA:33,0
DA:34,0
DA:35,0
DA:36,0
DA:37,0
DA:38,0
DA:40,0
DA:42,0
DA:43,0
DA:46,0
DA:47,0
DA:50,0
DA:51,0
DA:55,0
DA:56,0
DA:64,0
DA:65,0
DA:66,0
DA:67,0
DA:68,0
DA:69,0
DA:70,0
DA:74,0
DA:105,0
DA:106,0
DA:107,0
DA:108,0
DA:109,0
DA:110,0
DA:111,0
DA:112,0
DA:113,0
DA:114,0
DA:116,0
DA:125,0
DA:126,0
DA:127,0
DA:132,0
DA:133,0
DA:138,0
DA:139,0
DA:140,0
DA:142,0
DA:143,0
DA:146,0
DA:147,0
DA:148,0
DA:150,0
DA:151,0
DA:152,0
DA:155,0
DA:158,0
DA:159,0
DA:163,0
DA:164,0
DA:166,0
DA:167,0
DA:168,0
DA:171,0
DA:174,0
DA:175,0
DA:176,0
DA:180,0
DA:195,0
DA:210,0
DA:212,0
DA:213,0
LF:87
LH:0
BRDA:21,0,0,0
BRDA:29,1,0,0
BRDA:42,2,0,0
BRDA:46,3,0,0
BRDA:46,4,0,0
BRDA:46,4,1,0
BRDA:50,5,0,0
BRDA:55,6,0,0
BRDA:64,7,0,0
BRDA:64,8,0,0
BRDA:64,8,1,0
BRDA:66,9,0,0
BRDA:67,10,0,0
BRDA:142,11,0,0
BRDA:151,12,0,0
BRDA:158,13,0,0
BRDA:158,14,0,0
BRDA:158,14,1,0
BRDA:158,14,2,0
BRDA:166,15,0,0
BRDA:166,15,1,0
BRDA:167,16,0,0
BRDA:167,16,1,0
BRDA:174,17,0,0
BRDA:174,17,1,0
BRDA:175,18,0,0
BRDA:184,19,0,0
BRDA:184,19,1,0
BRDA:189,20,0,0
BRDA:189,20,1,0
BRF:30
BRH:0
end_of_record
TN:
SF:src/app/api/invoices/[id]/route.ts
FN:9,GET
FN:58,PUT
FN:115,DELETE
FNF:3
FNH:0
FNDA:0,GET
FNDA:0,PUT
FNDA:0,DELETE
DA:1,0
DA:2,0
DA:3,0
DA:4,0
DA:5,0
DA:9,0
DA:13,0
DA:14,0
DA:15,0
DA:17,0
DA:18,0
DA:21,0
DA:22,0
DA:24,0
DA:25,0
DA:26,0
DA:29,0
DA:46,0
DA:47,0
DA:50,0
DA:52,0
DA:53,0
DA:58,0
DA:62,0
DA:63,0
DA:64,0
DA:66,0
DA:67,0
DA:70,0
DA:71,0
DA:73,0
DA:74,0
DA:75,0
DA:78,0
DA:85,0
DA:86,0
DA:89,0
DA:91,0
DA:107,0
DA:109,0
DA:110,0
DA:115,0
DA:119,0
DA:120,0
DA:121,0
DA:123,0
DA:124,0
DA:127,0
DA:128,0
DA:130,0
DA:131,0
DA:132,0
DA:135,0
DA:142,0
DA:143,0
DA:146,0
DA:150,0
DA:152,0
DA:153,0
LF:59
LH:0
BRDA:17,0,0,0
BRDA:25,1,0,0
BRDA:46,2,0,0
BRDA:66,3,0,0
BRDA:74,4,0,0
BRDA:85,5,0,0
BRDA:96,6,0,0
BRDA:96,6,1,0
BRDA:97,7,0,0
BRDA:97,7,1,0
BRDA:123,8,0,0
BRDA:131,9,0,0
BRDA:142,10,0,0
BRF:13
BRH:0
end_of_record
TN:
SF:src/app/api/invoices/[id]/payments/route.ts
FN:8,POST
FN:55,(anonymous_2)
FNF:2
FNH:0
FNDA:0,POST
FNDA:0,(anonymous_2)
DA:1,0
DA:2,0
DA:3,0
DA:4,0
DA:8,0
DA:12,0
DA:13,0
DA:14,0
DA:16,0
DA:17,0
DA:20,0
DA:21,0
DA:22,0
DA:24,0
DA:25,0
DA:26,0
DA:30,0
DA:40,0
DA:41,0
DA:44,0
DA:47,0
DA:48,0
DA:55,0
DA:56,0
DA:59,0
DA:62,0
DA:63,0
DA:70,0
DA:84,0
DA:85,0
DA:86,0
DA:88,0
DA:97,0
DA:107,0
DA:108,0
LF:35
LH:0
BRDA:16,0,0,0
BRDA:25,1,0,0
BRDA:40,2,0,0
BRDA:47,3,0,0
BRDA:47,4,0,0
BRDA:47,4,1,0
BRDA:56,5,0,0
BRDA:56,5,1,0
BRDA:62,6,0,0
BRDA:75,7,0,0
BRDA:75,7,1,0
BRDA:77,8,0,0
BRDA:77,8,1,0
BRDA:85,9,0,0
BRDA:85,10,0,0
BRDA:85,10,1,0
BRF:16
BRH:0
end_of_record
TN:
SF:src/app/api/invoices/[id]/pdf/route.ts
FN:7,(anonymous_1)
FN:67,(anonymous_2)
FNF:2
FNH:0
FNDA:0,(anonymous_1)
FNDA:0,(anonymous_2)
DA:1,0
DA:2,0
DA:3,0
DA:4,0
DA:6,0
DA:8,0
DA:9,0
DA:10,0
DA:13,0
DA:22,0
DA:23,0
DA:30,0
DA:49,0
DA:67,0
DA:76,0
DA:77,0
DA:80,0
DA:88,0
DA:89,0
LF:19
LH:0
BRDA:22,0,0,0
BRDA:34,1,0,0
BRDA:34,1,1,0
BRDA:58,2,0,0
BRDA:58,2,1,0
BRDA:64,3,0,0
BRDA:64,3,1,0
BRF:7
BRH:0
end_of_record
TN:
SF:src/app/api/notifications/route.ts
FN:7,GET
FN:54,POST
FN:94,PATCH
FNF:3
FNH:0
FNDA:0,GET
FNDA:0,POST
FNDA:0,PATCH
DA:1,0
DA:2,0
DA:3,0
DA:7,0
DA:8,0
DA:9,0
DA:11,0
DA:12,0
DA:15,0
DA:16,0
DA:17,0
DA:19,0
DA:20,0
DA:21,0
DA:24,0
DA:32,0
DA:39,0
DA:44,0
DA:45,0
DA:54,0
DA:55,0
DA:56,0
DA:58,0
DA:59,0
DA:62,0
DA:64,0
DA:65,0
DA:71,0
DA:82,0
DA:84,0
DA:85,0
DA:94,0
DA:95,0
DA:96,0
DA:98,0
DA:99,0
DA:102,0
DA:103,0
DA:105,0
DA:106,0
DA:115,0
DA:116,0
DA:127,0
DA:129,0
DA:130,0
LF:45
LH:0
BRDA:11,0,0,0
BRDA:20,1,0,0
BRDA:58,2,0,0
BRDA:64,3,0,0
BRDA:64,4,0,0
BRDA:64,4,1,0
BRDA:64,4,2,0
BRDA:64,4,3,0
BRDA:78,5,0,0
BRDA:78,5,1,0
BRDA:98,6,0,0
BRDA:105,7,0,0
BRDA:105,7,1,0
BRDA:115,8,0,0
BRDA:115,9,0,0
BRDA:115,9,1,0
BRF:16
BRH:0
end_of_record
TN:
SF:src/app/api/notifications/preferences/route.ts
FN:7,GET
FN:40,PUT
FNF:2
FNH:0
FNDA:0,GET
FNDA:0,PUT
DA:1,0
DA:2,0
DA:3,0
DA:7,0
DA:8,0
DA:9,0
DA:11,0
DA:12,0
DA:15,0
DA:17,0
DA:22,0
DA:23,0
DA:28,0
DA:30,0
DA:31,0
DA:40,0
DA:41,0
DA:42,0
DA:44,0
DA:45,0
DA:48,0
DA:49,0
DA:51,0
DA:60,0
DA:62,0
DA:63,0
LF:26
LH:0
BRDA:11,0,0,0
BRDA:22,1,0,0
BRDA:44,2,0,0
BRF:3
BRH:0
end_of_record
TN:
SF:src/app/api/patients/route.ts
FN:9,(anonymous_3)
FN:74,(anonymous_4)
FNF:2
FNH:0
FNDA:0,(anonymous_3)
FNDA:0,(anonymous_4)
DA:1,0
DA:2,0
DA:3,0
DA:4,0
DA:5,0
DA:8,0
DA:10,0
DA:11,0
DA:12,0
DA:13,0
DA:14,0
DA:15,0
DA:18,0
DA:26,0
DA:27,0
DA:35,0
DA:53,0
DA:63,0
DA:64,0
DA:73,0
DA:75,0
DA:76,0
DA:79,0
DA:91,0
DA:92,0
DA:93,0
DA:102,0
DA:103,0
DA:107,0
DA:141,0
DA:145,0
DA:147,0
DA:148,0
LF:33
LH:0
BRDA:13,0,0,0
BRDA:13,0,1,0
BRDA:14,1,0,0
BRDA:14,1,1,0
BRDA:26,2,0,0
BRDA:92,3,0,0
BRDA:102,4,0,0
BRDA:102,5,0,0
BRDA:102,5,1,0
BRDA:112,6,0,0
BRDA:112,6,1,0
BRDA:113,7,0,0
BRDA:113,7,1,0
BRDA:114,8,0,0
BRDA:114,8,1,0
BRDA:116,9,0,0
BRDA:116,9,1,0
BRDA:117,10,0,0
BRDA:117,10,1,0
BRDA:122,11,0,0
BRDA:122,11,1,0
BRDA:123,12,0,0
BRDA:123,12,1,0
BRDA:124,13,0,0
BRDA:124,13,1,0
BRDA:125,14,0,0
BRDA:125,14,1,0
BRDA:126,15,0,0
BRDA:126,15,1,0
BRDA:127,16,0,0
BRDA:127,16,1,0
BRDA:128,17,0,0
BRDA:128,17,1,0
BRDA:129,18,0,0
BRDA:129,18,1,0
BRDA:130,19,0,0
BRDA:130,19,1,0
BRDA:131,20,0,0
BRDA:131,20,1,0
BRDA:132,21,0,0
BRDA:132,21,1,0
BRDA:133,22,0,0
BRDA:133,22,1,0
BRDA:134,23,0,0
BRDA:134,23,1,0
BRDA:135,24,0,0
BRDA:135,24,1,0
BRDA:138,25,0,0
BRDA:138,25,1,0
BRF:49
BRH:0
end_of_record
TN:
SF:src/app/api/patients/[id]/route.ts
FN:8,(anonymous_4)
FN:52,(anonymous_5)
FN:53,(anonymous_6)
FN:84,(anonymous_7)
FN:124,(anonymous_8)
FNF:5
FNH:0
FNDA:0,(anonymous_4)
FNDA:0,(anonymous_5)
FNDA:0,(anonymous_6)
FNDA:0,(anonymous_7)
FNDA:0,(anonymous_8)
DA:1,0
DA:2,0
DA:3,0
DA:4,0
DA:7,0
DA:9,0
DA:10,0
DA:13,0
DA:22,0
DA:24,0
DA:46,0
DA:47,0
DA:51,0
DA:52,0
DA:53,0
DA:54,0
DA:56,0
DA:65,0
DA:70,0
DA:71,0
DA:83,0
DA:85,0
DA:86,0
DA:89,0
DA:97,0
DA:99,0
DA:101,0
DA:108,0
DA:110,0
DA:111,0
DA:123,0
DA:125,0
DA:126,0
DA:129,0
DA:137,0
DA:139,0
DA:145,0
DA:147,0
DA:148,0
LF:39
LH:0
BRDA:22,0,0,0
BRDA:46,1,0,0
BRDA:97,2,0,0
BRDA:137,3,0,0
BRF:4
BRH:0
end_of_record
TN:
SF:src/app/api/reports/revenue/route.ts
FN:8,GET
FN:89,(anonymous_2)
FN:90,(anonymous_3)
FN:94,(anonymous_4)
FN:95,(anonymous_5)
FN:96,(anonymous_6)
FN:101,(anonymous_7)
FN:102,(anonymous_8)
FN:116,(anonymous_9)
FN:123,(anonymous_10)
FN:124,(anonymous_11)
FN:151,(anonymous_12)
FN:160,(anonymous_13)
FNF:13
FNH:0
FNDA:0,GET
FNDA:0,(anonymous_2)
FNDA:0,(anonymous_3)
FNDA:0,(anonymous_4)
FNDA:0,(anonymous_5)
FNDA:0,(anonymous_6)
FNDA:0,(anonymous_7)
FNDA:0,(anonymous_8)
FNDA:0,(anonymous_9)
FNDA:0,(anonymous_10)
FNDA:0,(anonymous_11)
FNDA:0,(anonymous_12)
FNDA:0,(anonymous_13)
DA:1,0
DA:2,0
DA:3,0
DA:4,0
DA:5,0
DA:8,0
DA:9,0
DA:10,0
DA:12,0
DA:13,0
DA:16,0
DA:17,0
DA:19,0
DA:20,0
DA:21,0
DA:24,0
DA:25,0
DA:26,0
DA:27,0
DA:33,0
DA:34,0
DA:35,0
DA:36,0
DA:37,0
DA:38,0
DA:39,0
DA:42,0
DA:43,0
DA:47,0
DA:70,0
DA:89,0
DA:90,0
DA:91,0
DA:93,0
DA:94,0
DA:95,0
DA:96,0
DA:100,0
DA:101,0
DA:102,0
DA:103,0
DA:109,0
DA:110,0
DA:111,0
DA:112,0
DA:113,0
DA:114,0
DA:116,0
DA:117,0
DA:118,0
DA:121,0
DA:123,0
DA:124,0
DA:129,0
DA:151,0
DA:160,0
DA:170,0
DA:171,0
LF:58
LH:0
BRDA:12,0,0,0
BRDA:20,1,0,0
BRDA:25,2,0,0
BRDA:25,2,1,0
BRDA:26,3,0,0
BRDA:26,3,1,0
BRDA:27,4,0,0
BRDA:27,4,1,0
BRDA:33,5,0,0
BRDA:33,5,1,0
BRDA:33,6,0,0
BRDA:33,6,1,0
BRDA:36,7,0,0
BRDA:36,7,1,0
BRDA:37,8,0,0
BRDA:37,8,1,0
BRDA:104,9,0,0
BRDA:104,9,1,0
BRDA:110,10,0,0
BRDA:118,11,0,0
BRDA:118,11,1,0
BRDA:134,12,0,0
BRDA:134,12,1,0
BRDA:136,13,0,0
BRDA:136,13,1,0
BRDA:146,14,0,0
BRDA:146,14,1,0
BRF:27
BRH:0
end_of_record
TN:
SF:src/app/api/reports/treatment/[id]/route.ts
FN:7,GET
FN:80,(anonymous_2)
FNF:2
FNH:0
FNDA:0,GET
FNDA:0,(anonymous_2)
DA:1,0
DA:2,0
DA:3,0
DA:4,0
DA:7,0
DA:11,0
DA:12,0
DA:13,0
DA:15,0
DA:16,0
DA:20,0
DA:30,0
DA:31,0
DA:35,0
DA:42,0
DA:48,0
DA:61,0
DA:78,0
DA:80,0
DA:87,0
DA:88,0
DA:91,0
DA:99,0
DA:100,0
LF:24
LH:0
BRDA:15,0,0,0
BRDA:30,1,0,0
BRDA:65,2,0,0
BRDA:65,2,1,0
BRDA:72,3,0,0
BRDA:72,3,1,0
BRDA:79,4,0,0
BRDA:79,4,1,0
BRDA:82,5,0,0
BRDA:82,5,1,0
BRDA:83,6,0,0
BRDA:83,6,1,0
BRF:12
BRH:0
end_of_record
TN:
SF:src/app/api/sessions/route.ts
FN:7,GET
FNF:1
FNH:0
FNDA:0,GET
DA:1,0
DA:2,0
DA:3,0
DA:7,0
DA:8,0
DA:9,0
DA:11,0
DA:12,0
DA:15,0
DA:18,0
DA:23,0
DA:25,0
DA:26,0
LF:13
LH:0
BRDA:11,0,0,0
BRF:1
BRH:0
end_of_record
TN:
SF:src/app/api/sessions/[id]/route.ts
FN:9,DELETE
FNF:1
FNH:0
FNDA:0,DELETE
DA:1,0
DA:2,0
DA:3,0
DA:4,0
DA:5,0
DA:9,0
DA:13,0
DA:14,0
DA:15,0
DA:16,0
DA:18,0
DA:19,0
DA:22,0
DA:25,0
DA:29,0
DA:30,0
DA:34,0
DA:35,0
DA:39,0
DA:44,0
DA:53,0
DA:57,0
DA:58,0
LF:23
LH:0
BRDA:18,0,0,0
BRDA:29,1,0,0
BRDA:34,2,0,0
BRDA:50,3,0,0
BRDA:50,3,1,0
BRF:5
BRH:0
end_of_record
TN:
SF:src/app/api/settings/password/route.ts
FN:9,PUT
FNF:1
FNH:0
FNDA:0,PUT
DA:1,0
DA:2,0
DA:3,0
DA:4,0
DA:5,0
DA:9,0
DA:10,0
DA:11,0
DA:13,0
DA:14,0
DA:17,0
DA:19,0
DA:20,0
DA:26,0
DA:27,0
DA:34,0
DA:40,0
DA:41,0
DA:48,0
DA:50,0
DA:51,0
DA:58,0
DA:61,0
DA:63,0
DA:73,0
DA:82,0
DA:84,0
DA:85,0
LF:28
LH:0
BRDA:13,0,0,0
BRDA:19,1,0,0
BRDA:19,2,0,0
BRDA:19,2,1,0
BRDA:26,3,0,0
BRDA:40,4,0,0
BRDA:40,5,0,0
BRDA:40,5,1,0
BRDA:50,6,0,0
BRDA:78,7,0,0
BRDA:78,7,1,0
BRDA:79,8,0,0
BRDA:79,8,1,0
BRF:13
BRH:0
end_of_record
TN:
SF:src/app/api/settings/profile/route.ts
FN:8,GET
FN:45,PUT
FNF:2
FNH:0
FNDA:0,GET
FNDA:0,PUT
DA:1,0
DA:2,0
DA:3,0
DA:4,0
DA:8,0
DA:9,0
DA:10,0
DA:12,0
DA:13,0
DA:16,0
DA:30,0
DA:31,0
DA:34,0
DA:36,0
DA:37,0
DA:45,0
DA:46,0
DA:47,0
DA:49,0
DA:50,0
DA:53,0
DA:54,0
DA:56,0
DA:58,0
DA:77,0
DA:87,0
DA:89,0
DA:90,0
LF:28
LH:0
BRDA:12,0,0,0
BRDA:30,1,0,0
BRDA:49,2,0,0
BRDA:63,3,0,0
BRDA:63,3,1,0
BRDA:64,4,0,0
BRDA:64,4,1,0
BRDA:82,5,0,0
BRDA:82,5,1,0
BRDA:83,6,0,0
BRDA:83,6,1,0
BRF:11
BRH:0
end_of_record
TN:
SF:src/app/api/suppliers/route.ts
FN:8,GET
FN:52,POST
FNF:2
FNH:0
FNDA:0,GET
FNDA:0,POST
DA:1,0
DA:2,0
DA:3,0
DA:4,0
DA:8,0
DA:9,0
DA:10,0
DA:12,0
DA:13,0
DA:16,0
DA:17,0
DA:19,0
DA:20,0
DA:21,0
DA:24,0
DA:40,0
DA:42,0
DA:43,0
DA:52,0
DA:53,0
DA:54,0
DA:56,0
DA:57,0
DA:60,0
DA:61,0
DA:63,0
DA:64,0
DA:65,0
DA:68,0
DA:70,0
DA:71,0
DA:77,0
DA:84,0
DA:86,0
DA:87,0
LF:35
LH:0
BRDA:12,0,0,0
BRDA:20,1,0,0
BRDA:56,2,0,0
BRDA:64,3,0,0
BRDA:70,4,0,0
BRF:5
BRH:0
end_of_record
TN:
SF:src/app/api/treatments/route.ts
FN:9,(anonymous_3)
FN:101,(anonymous_4)
FNF:2
FNH:0
FNDA:0,(anonymous_3)
FNDA:0,(anonymous_4)
DA:1,0
DA:2,0
DA:3,0
DA:4,0
DA:5,0
DA:8,0
DA:10,0
DA:11,0
DA:12,0
DA:13,0
DA:14,0
DA:15,0
DA:16,0
DA:17,0
DA:19,0
DA:24,0
DA:25,0
DA:29,0
DA:30,0
DA:34,0
DA:35,0
DA:42,0
DA:43,0
DA:50,0
DA:53,0
DA:54,0
DA:60,0
DA:80,0
DA:90,0
DA:91,0
DA:100,0
DA:102,0
DA:103,0
DA:106,0
DA:117,0
DA:118,0
DA:119,0
DA:127,0
DA:128,0
DA:135,0
DA:136,0
DA:142,0
DA:159,0
DA:161,0
DA:162,0
LF:45
LH:0
BRDA:13,0,0,0
BRDA:13,0,1,0
BRDA:14,1,0,0
BRDA:14,1,1,0
BRDA:24,2,0,0
BRDA:29,3,0,0
BRDA:42,4,0,0
BRDA:53,5,0,0
BRDA:53,6,0,0
BRDA:53,6,1,0
BRDA:118,7,0,0
BRDA:135,8,0,0
BRF:12
BRH:0
end_of_record
TN:
SF:src/app/api/treatments/[id]/route.ts
FN:7,GET
FN:44,PUT
FN:98,DELETE
FNF:3
FNH:0
FNDA:0,GET
FNDA:0,PUT
FNDA:0,DELETE
DA:1,0
DA:2,0
DA:3,0
DA:7,0
DA:11,0
DA:12,0
DA:13,0
DA:15,0
DA:16,0
DA:19,0
DA:29,0
DA:30,0
DA:33,0
DA:35,0
DA:36,0
DA:44,0
DA:48,0
DA:49,0
DA:50,0
DA:52,0
DA:53,0
DA:56,0
DA:59,0
DA:66,0
DA:67,0
DA:70,0
DA:87,0
DA:89,0
DA:90,0
DA:98,0
DA:102,0
DA:103,0
DA:104,0
DA:106,0
DA:107,0
DA:111,0
DA:118,0
DA:119,0
DA:122,0
DA:128,0
DA:130,0
DA:131,0
LF:42
LH:0
BRDA:15,0,0,0
BRDA:29,1,0,0
BRDA:52,2,0,0
BRDA:66,3,0,0
BRDA:106,4,0,0
BRDA:118,5,0,0
BRF:6
BRH:0
end_of_record
TN:
SF:src/app/api/treatments/[id]/payment/route.ts
FN:7,POST
FNF:1
FNH:0
FNDA:0,POST
DA:1,0
DA:2,0
DA:3,0
DA:7,0
DA:11,0
DA:12,0
DA:13,0
DA:15,0
DA:16,0
DA:19,0
DA:21,0
DA:22,0
DA:29,0
DA:36,0
DA:37,0
DA:41,0
DA:44,0
DA:45,0
DA:52,0
DA:71,0
DA:77,0
DA:78,0
LF:22
LH:0
BRDA:15,0,0,0
BRDA:21,1,0,0
BRDA:21,2,0,0
BRDA:21,2,1,0
BRDA:36,3,0,0
BRDA:44,4,0,0
BRF:6
BRH:0
end_of_record
TN:
SF:src/app/dashboard/error.tsx
FN:8,DashboardError
FN:15,(anonymous_2)
FN:50,(anonymous_3)
FNF:3
FNH:0
FNDA:0,DashboardError
FNDA:0,(anonymous_2)
FNDA:0,(anonymous_3)
DA:3,0
DA:4,0
DA:5,0
DA:6,0
DA:8,0
DA:15,0
DA:16,0
DA:50,0
LF:8
LH:0
BRDA:36,0,0,0
BRDA:36,0,1,0
BRF:2
BRH:0
end_of_record
TN:
SF:src/app/dashboard/layout.tsx
FN:7,DashboardLayout
FNF:1
FNH:0
FNDA:0,DashboardLayout
DA:1,0
DA:2,0
DA:3,0
DA:4,0
DA:5,0
DA:7,0
LF:6
LH:0
BRF:0
BRH:0
end_of_record
TN:
SF:src/app/dashboard/page.tsx
FN:55,DashboardHome
FN:62,(anonymous_3)
FN:67,(anonymous_4)
FN:70,(anonymous_5)
FN:74,(anonymous_6)
FN:77,(anonymous_7)
FN:90,(anonymous_8)
FN:189,(anonymous_9)
FN:198,(anonymous_10)
FN:268,(anonymous_11)
FN:301,(anonymous_12)
FN:331,(anonymous_13)
FN:332,(anonymous_14)
FN:381,(anonymous_15)
FN:405,(anonymous_16)
FNF:15
FNH:0
FNDA:0,DashboardHome
FNDA:0,(anonymous_3)
FNDA:0,(anonymous_4)
FNDA:0,(anonymous_5)
FNDA:0,(anonymous_6)
FNDA:0,(anonymous_7)
FNDA:0,(anonymous_8)
FNDA:0,(anonymous_9)
FNDA:0,(anonymous_10)
FNDA:0,(anonymous_11)
FNDA:0,(anonymous_12)
FNDA:0,(anonymous_13)
FNDA:0,(anonymous_14)
FNDA:0,(anonymous_15)
FNDA:0,(anonymous_16)
DA:3,0
DA:4,0
DA:5,0
DA:6,0
DA:7,0
DA:8,0
DA:24,0
DA:25,0
DA:26,0
DA:28,0
DA:55,0
DA:56,0
DA:57,0
DA:58,0
DA:59,0
DA:62,0
DA:63,0
DA:67,0
DA:68,0
DA:70,0
DA:71,0
DA:74,0
DA:77,0
DA:78,0
DA:79,0
DA:80,0
DA:81,0
DA:82,0
DA:84,0
DA:86,0
DA:90,0
DA:91,0
DA:92,0
DA:93,0
DA:94,0
DA:95,0
DA:96,0
DA:99,0
DA:107,0
DA:108,0
DA:109,0
DA:110,0
DA:112,0
DA:189,0
DA:198,0
DA:269,0
DA:302,0
DA:332,0
DA:333,0
DA:335,0
DA:337,0
DA:339,0
DA:341,0
DA:345,0
DA:346,0
DA:348,0
DA:382,0
DA:406,0
LF:58
LH:0
BRDA:68,0,0,0
BRDA:77,1,0,0
BRDA:79,2,0,0
BRDA:86,3,0,0
BRDA:92,4,0,0
BRDA:94,5,0,0
BRDA:99,6,0,0
BRDA:107,7,0,0
BRDA:107,7,1,0
BRDA:108,8,0,0
BRDA:108,8,1,0
BRDA:109,9,0,0
BRDA:109,9,1,0
BRDA:110,10,0,0
BRDA:110,10,1,0
BRDA:115,11,0,0
BRDA:115,11,1,0
BRDA:125,12,0,0
BRDA:125,12,1,0
BRDA:135,13,0,0
BRDA:135,13,1,0
BRDA:145,14,0,0
BRDA:145,14,1,0
BRDA:187,15,0,0
BRDA:187,15,1,0
BRDA:192,16,0,0
BRDA:192,16,1,0
BRDA:193,17,0,0
BRDA:193,17,1,0
BRDA:202,18,0,0
BRDA:208,19,0,0
BRDA:328,20,0,0
BRDA:328,20,1,0
BRDA:333,21,0,0
BRDA:333,21,1,0
BRDA:333,21,2,0
BRDA:333,21,3,0
BRF:37
BRH:0
end_of_record
TN:
SF:src/app/dashboard/analytics/page.tsx
FN:10,AnalyticsPage
FN:14,(anonymous_2)
FN:18,(anonymous_3)
FN:136,(anonymous_4)
FN:140,(anonymous_5)
FN:173,(anonymous_6)
FN:203,(anonymous_7)
FNF:7
FNH:0
FNDA:0,AnalyticsPage
FNDA:0,(anonymous_2)
FNDA:0,(anonymous_3)
FNDA:0,(anonymous_4)
FNDA:0,(anonymous_5)
FNDA:0,(anonymous_6)
FNDA:0,(anonymous_7)
DA:3,0
DA:4,0
DA:5,0
DA:6,0
DA:7,0
DA:8,0
DA:10,0
DA:11,0
DA:12,0
DA:14,0
DA:15,0
DA:18,0
DA:19,0
DA:20,0
DA:21,0
DA:22,0
DA:24,0
DA:26,0
DA:30,0
DA:38,0
DA:46,0
DA:47,0
DA:48,0
DA:137,0
DA:140,0
DA:174,0
DA:204,0
LF:27
LH:0
BRDA:30,0,0,0
BRDA:38,1,0,0
BRDA:38,1,1,0
BRDA:46,2,0,0
BRDA:46,2,1,0
BRDA:47,3,0,0
BRDA:47,3,1,0
BRDA:48,4,0,0
BRDA:48,4,1,0
BRDA:129,5,0,0
BRDA:172,6,0,0
BRDA:202,7,0,0
BRF:12
BRH:0
end_of_record
TN:
SF:src/app/dashboard/appointments/page.tsx
FN:70,AppointmentsPage
FN:95,(anonymous_2)
FN:100,(anonymous_3)
FN:116,(anonymous_4)
FN:125,(anonymous_5)
FN:161,(anonymous_6)
FN:199,(anonymous_7)
FN:220,(anonymous_8)
FN:232,(anonymous_9)
FN:247,(anonymous_10)
FN:251,(anonymous_11)
FN:255,(anonymous_12)
FN:258,(anonymous_13)
FN:267,(anonymous_14)
FN:270,(anonymous_15)
FN:283,(anonymous_16)
FN:285,(anonymous_17)
FN:289,(anonymous_18)
FN:295,(anonymous_19)
FN:301,(anonymous_20)
FN:305,(anonymous_21)
FN:331,(anonymous_22)
FN:350,(anonymous_23)
FN:429,(anonymous_24)
FN:449,(anonymous_25)
FN:453,(anonymous_26)
FN:500,(anonymous_27)
FN:518,(anonymous_28)
FN:525,(anonymous_29)
FN:567,(anonymous_30)
FN:589,(anonymous_31)
FN:602,(anonymous_32)
FN:607,(anonymous_33)
FN:617,(anonymous_34)
FN:637,(anonymous_35)
FN:645,(anonymous_36)
FN:651,(anonymous_37)
FN:668,(anonymous_38)
FN:673,(anonymous_39)
FN:685,(anonymous_40)
FN:698,(anonymous_41)
FN:703,(anonymous_42)
FN:713,(anonymous_43)
FN:733,(anonymous_44)
FN:741,(anonymous_45)
FN:747,(anonymous_46)
FN:764,(anonymous_47)
FN:769,(anonymous_48)
FN:781,(anonymous_49)
FNF:49
FNH:0
FNDA:0,AppointmentsPage
FNDA:0,(anonymous_2)
FNDA:0,(anonymous_3)
FNDA:0,(anonymous_4)
FNDA:0,(anonymous_5)
FNDA:0,(anonymous_6)
FNDA:0,(anonymous_7)
FNDA:0,(anonymous_8)
FNDA:0,(anonymous_9)
FNDA:0,(anonymous_10)
FNDA:0,(anonymous_11)
FNDA:0,(anonymous_12)
FNDA:0,(anonymous_13)
FNDA:0,(anonymous_14)
FNDA:0,(anonymous_15)
FNDA:0,(anonymous_16)
FNDA:0,(anonymous_17)
FNDA:0,(anonymous_18)
FNDA:0,(anonymous_19)
FNDA:0,(anonymous_20)
FNDA:0,(anonymous_21)
FNDA:0,(anonymous_22)
FNDA:0,(anonymous_23)
FNDA:0,(anonymous_24)
FNDA:0,(anonymous_25)
FNDA:0,(anonymous_26)
FNDA:0,(anonymous_27)
FNDA:0,(anonymous_28)
FNDA:0,(anonymous_29)
FNDA:0,(anonymous_30)
FNDA:0,(anonymous_31)
FNDA:0,(anonymous_32)
FNDA:0,(anonymous_33)
FNDA:0,(anonymous_34)
FNDA:0,(anonymous_35)
FNDA:0,(anonymous_36)
FNDA:0,(anonymous_37)
FNDA:0,(anonymous_38)
FNDA:0,(anonymous_39)
FNDA:0,(anonymous_40)
FNDA:0,(anonymous_41)
FNDA:0,(anonymous_42)
FNDA:0,(anonymous_43)
FNDA:0,(anonymous_44)
FNDA:0,(anonymous_45)
FNDA:0,(anonymous_46)
FNDA:0,(anonymous_47)
FNDA:0,(anonymous_48)
FNDA:0,(anonymous_49)
DA:3,0
DA:4,0
DA:5,0
DA:6,0
DA:7,0
DA:8,0
DA:9,0
DA:17,0
DA:24,0
DA:32,0
DA:42,0
DA:43,0
DA:44,0
DA:45,0
DA:46,0
DA:70,0
DA:71,0
DA:72,0
DA:73,0
DA:74,0
DA:75,0
DA:76,0
DA:77,0
DA:80,0
DA:81,0
DA:84,0
DA:93,0
DA:95,0
DA:96,0
DA:97,0
DA:100,0
DA:101,0
DA:102,0
DA:103,0
DA:104,0
DA:106,0
DA:112,0
DA:116,0
DA:117,0
DA:118,0
DA:119,0
DA:121,0
DA:125,0
DA:126,0
DA:127,0
DA:132,0
DA:135,0
DA:136,0
DA:137,0
DA:142,0
DA:147,0
DA:148,0
DA:149,0
DA:151,0
DA:157,0
DA:161,0
DA:162,0
DA:163,0
DA:168,0
DA:171,0
DA:172,0
DA:173,0
DA:175,0
DA:180,0
DA:185,0
DA:186,0
DA:187,0
DA:189,0
DA:195,0
DA:199,0
DA:200,0
DA:202,0
DA:203,0
DA:204,0
DA:208,0
DA:210,0
DA:216,0
DA:220,0
DA:221,0
DA:229,0
DA:232,0
DA:233,0
DA:243,0
DA:244,0
DA:246,0
DA:247,0
DA:250,0
DA:251,0
DA:254,0
DA:255,0
DA:258,0
DA:259,0
DA:260,0
DA:261,0
DA:262,0
DA:263,0
DA:264,0
DA:267,0
DA:270,0
DA:271,0
DA:272,0
DA:274,0
DA:275,0
DA:276,0
DA:277,0
DA:278,0
DA:280,0
DA:283,0
DA:284,0
DA:285,0
DA:289,0
DA:290,0
DA:291,0
DA:292,0
DA:295,0
DA:296,0
DA:297,0
DA:298,0
DA:301,0
DA:302,0
DA:305,0
DA:306,0
DA:308,0
DA:310,0
DA:312,0
DA:314,0
DA:316,0
DA:331,0
DA:350,0
DA:430,0
DA:431,0
DA:433,0
DA:450,0
DA:453,0
DA:501,0
DA:518,0
DA:525,0
DA:568,0
DA:590,0
DA:591,0
DA:602,0
DA:608,0
DA:617,0
DA:637,0
DA:645,0
DA:651,0
DA:668,0
DA:673,0
DA:686,0
DA:687,0
DA:698,0
DA:704,0
DA:713,0
DA:733,0
DA:741,0
DA:747,0
DA:764,0
DA:769,0
DA:781,0
LF:159
LH:0
BRDA:104,0,0,0
BRDA:104,0,1,0
BRDA:108,1,0,0
BRDA:108,1,1,0
BRDA:119,2,0,0
BRDA:119,2,1,0
BRDA:126,3,0,0
BRDA:126,4,0,0
BRDA:126,4,1,0
BRDA:126,4,2,0
BRDA:126,4,3,0
BRDA:153,5,0,0
BRDA:153,5,1,0
BRDA:162,6,0,0
BRDA:162,7,0,0
BRDA:162,7,1,0
BRDA:162,7,2,0
BRDA:191,8,0,0
BRDA:191,8,1,0
BRDA:200,9,0,0
BRDA:212,10,0,0
BRDA:212,10,1,0
BRDA:227,11,0,0
BRDA:227,11,1,0
BRDA:247,12,0,0
BRDA:247,12,1,0
BRDA:251,13,0,0
BRDA:251,13,1,0
BRDA:264,14,0,0
BRDA:264,14,1,0
BRDA:306,15,0,0
BRDA:306,15,1,0
BRDA:306,15,2,0
BRDA:306,15,3,0
BRDA:306,15,4,0
BRDA:437,16,0,0
BRDA:437,16,1,0
BRDA:444,17,0,0
BRDA:444,17,1,0
BRDA:480,18,0,0
BRDA:484,19,0,0
BRDA:548,20,0,0
BRDA:552,21,0,0
BRDA:591,22,0,0
BRDA:677,23,0,0
BRDA:686,24,0,0
BRDA:686,24,1,0
BRDA:687,25,0,0
BRDA:773,26,0,0
BRF:49
BRH:0
end_of_record
TN:
SF:src/app/dashboard/dental-explorer/page.tsx
FN:66,useInitialTooth
FN:67,(anonymous_2)
FN:70,DentalExplorerPage
FN:137,(anonymous_4)
FN:139,(anonymous_5)
FN:150,(anonymous_6)
FN:162,(anonymous_7)
FNF:7
FNH:0
FNDA:0,useInitialTooth
FNDA:0,(anonymous_2)
FNDA:0,DentalExplorerPage
FNDA:0,(anonymous_4)
FNDA:0,(anonymous_5)
FNDA:0,(anonymous_6)
FNDA:0,(anonymous_7)
DA:3,0
DA:4,0
DA:5,0
DA:6,0
DA:7,0
DA:8,0
DA:9,0
DA:11,0
DA:58,0
DA:67,0
DA:70,0
DA:71,0
DA:72,0
DA:73,0
DA:137,0
DA:140,0
DA:151,0
DA:163,0
LF:18
LH:0
BRF:0
BRH:0
end_of_record
TN:
SF:src/app/dashboard/employees/page.tsx
FN:64,EmployeesPage
FN:77,(anonymous_2)
FN:81,(anonymous_3)
FN:98,(anonymous_4)
FN:127,(anonymous_5)
FN:150,(anonymous_6)
FN:151,(anonymous_7)
FN:174,(anonymous_8)
FN:193,(anonymous_9)
FN:197,(anonymous_10)
FN:198,(anonymous_11)
FN:201,(anonymous_12)
FN:207,(anonymous_13)
FN:242,(anonymous_14)
FN:293,(anonymous_15)
FN:336,(anonymous_16)
FN:352,(anonymous_17)
FN:359,(anonymous_18)
FN:397,(anonymous_19)
FN:414,(anonymous_20)
FN:441,(anonymous_21)
FN:449,(anonymous_22)
FN:456,(anonymous_23)
FN:473,(anonymous_24)
FN:487,(anonymous_25)
FN:499,(anonymous_26)
FN:511,(anonymous_27)
FN:524,(anonymous_28)
FN:542,(anonymous_29)
FN:551,(anonymous_30)
FNF:30
FNH:0
FNDA:0,EmployeesPage
FNDA:0,(anonymous_2)
FNDA:0,(anonymous_3)
FNDA:0,(anonymous_4)
FNDA:0,(anonymous_5)
FNDA:0,(anonymous_6)
FNDA:0,(anonymous_7)
FNDA:0,(anonymous_8)
FNDA:0,(anonymous_9)
FNDA:0,(anonymous_10)
FNDA:0,(anonymous_11)
FNDA:0,(anonymous_12)
FNDA:0,(anonymous_13)
FNDA:0,(anonymous_14)
FNDA:0,(anonymous_15)
FNDA:0,(anonymous_16)
FNDA:0,(anonymous_17)
FNDA:0,(anonymous_18)
FNDA:0,(anonymous_19)
FNDA:0,(anonymous_20)
FNDA:0,(anonymous_21)
FNDA:0,(anonymous_22)
FNDA:0,(anonymous_23)
FNDA:0,(anonymous_24)
FNDA:0,(anonymous_25)
FNDA:0,(anonymous_26)
FNDA:0,(anonymous_27)
FNDA:0,(anonymous_28)
FNDA:0,(anonymous_29)
FNDA:0,(anonymous_30)
DA:3,0
DA:4,0
DA:5,0
DA:6,0
DA:7,0
DA:8,0
DA:16,0
DA:23,0
DA:33,0
DA:41,0
DA:42,0
DA:43,0
DA:44,0
DA:64,0
DA:65,0
DA:66,0
DA:67,0
DA:68,0
DA:69,0
DA:70,0
DA:71,0
DA:72,0
DA:73,0
DA:75,0
DA:77,0
DA:78,0
DA:81,0
DA:82,0
DA:83,0
DA:84,0
DA:85,0
DA:86,0
DA:88,0
DA:94,0
DA:98,0
DA:99,0
DA:101,0
DA:102,0
DA:103,0
DA:104,0
DA:109,0
DA:110,0
DA:115,0
DA:117,0
DA:123,0
DA:127,0
DA:128,0
DA:130,0
DA:131,0
DA:135,0
DA:139,0
DA:140,0
DA:142,0
DA:150,0
DA:151,0
DA:153,0
DA:154,0
DA:159,0
DA:162,0
DA:163,0
DA:164,0
DA:166,0
DA:171,0
DA:172,0
DA:174,0
DA:179,0
DA:180,0
DA:181,0
DA:183,0
DA:189,0
DA:193,0
DA:194,0
DA:197,0
DA:198,0
DA:201,0
DA:202,0
DA:203,0
DA:204,0
DA:207,0
DA:208,0
DA:216,0
DA:242,0
DA:294,0
DA:337,0
DA:352,0
DA:360,0
DA:361,0
DA:398,0
DA:415,0
DA:416,0
DA:442,0
DA:449,0
DA:456,0
DA:473,0
DA:487,0
DA:499,0
DA:512,0
DA:525,0
DA:542,0
DA:551,0
LF:100
LH:0
BRDA:85,0,0,0
BRDA:85,0,1,0
BRDA:86,1,0,0
BRDA:86,1,1,0
BRDA:90,2,0,0
BRDA:90,2,1,0
BRDA:99,3,0,0
BRDA:102,4,0,0
BRDA:102,4,1,0
BRDA:119,5,0,0
BRDA:119,5,1,0
BRDA:128,6,0,0
BRDA:144,7,0,0
BRDA:144,7,1,0
BRDA:151,8,0,0
BRDA:151,8,1,0
BRDA:153,9,0,0
BRDA:171,10,0,0
BRDA:185,11,0,0
BRDA:185,11,1,0
BRDA:225,12,0,0
BRDA:225,12,1,0
BRDA:226,13,0,0
BRDA:226,13,1,0
BRDA:294,14,0,0
BRDA:294,14,1,0
BRDA:311,15,0,0
BRDA:315,16,0,0
BRDA:343,17,0,0
BRDA:343,17,1,0
BRDA:378,18,0,0
BRDA:469,19,0,0
BRDA:491,20,0,0
BRDA:505,21,0,0
BRDA:555,22,0,0
BRDA:555,22,1,0
BRDA:558,23,0,0
BRDA:558,23,1,0
BRDA:566,24,0,0
BRDA:566,24,1,0
BRF:40
BRH:0
end_of_record
TN:
SF:src/app/dashboard/finance/error.tsx
FN:9,FinanceError
FN:16,(anonymous_3)
FNF:2
FNH:0
FNDA:0,FinanceError
FNDA:0,(anonymous_3)
DA:3,0
DA:4,0
DA:5,0
DA:6,0
DA:7,0
DA:9,0
DA:16,0
DA:17,0
LF:8
LH:0
BRDA:37,0,0,0
BRDA:37,0,1,0
BRF:2
BRH:0
end_of_record
TN:
SF:src/app/dashboard/finance/page.tsx
FN:92,FinancePage
FN:144,(anonymous_2)
FN:150,(anonymous_3)
FN:154,(anonymous_4)
FN:169,(anonymous_5)
FN:184,(anonymous_6)
FN:186,(anonymous_7)
FN:214,(anonymous_8)
FN:225,(anonymous_9)
FN:250,(anonymous_10)
FN:278,(anonymous_11)
FN:288,(anonymous_12)
FN:295,(anonymous_13)
FN:296,(anonymous_14)
FN:300,(anonymous_15)
FN:306,(anonymous_16)
FN:307,(anonymous_17)
FN:312,(anonymous_18)
FN:314,(anonymous_19)
FN:324,(anonymous_20)
FN:339,(anonymous_21)
FN:386,(anonymous_22)
FN:397,(anonymous_23)
FN:408,(anonymous_24)
FN:422,(anonymous_25)
FN:449,(anonymous_26)
FN:496,(anonymous_27)
FN:512,(anonymous_28)
FN:528,(anonymous_29)
FN:529,(anonymous_30)
FN:530,(anonymous_31)
FN:531,(anonymous_32)
FN:533,(anonymous_33)
FN:534,(anonymous_34)
FN:535,(anonymous_35)
FN:673,(anonymous_36)
FN:681,(anonymous_37)
FN:697,(anonymous_38)
FN:705,(anonymous_39)
FN:724,(anonymous_40)
FN:733,(anonymous_41)
FN:739,(anonymous_42)
FN:757,(anonymous_43)
FN:778,(anonymous_44)
FN:803,(anonymous_45)
FN:815,(anonymous_46)
FN:827,(anonymous_47)
FN:840,(anonymous_48)
FN:873,(anonymous_49)
FN:881,(anonymous_50)
FN:921,(anonymous_51)
FN:1100,(anonymous_52)
FN:1117,(anonymous_53)
FN:1123,(anonymous_54)
FN:1136,(anonymous_55)
FN:1142,(anonymous_56)
FN:1142,(anonymous_57)
FN:1157,(anonymous_58)
FN:1174,(anonymous_59)
FN:1195,(anonymous_60)
FN:1334,(anonymous_61)
FN:1346,(anonymous_62)
FN:1365,(anonymous_63)
FN:1390,(anonymous_64)
FN:1403,(anonymous_65)
FN:1422,(anonymous_66)
FN:1446,(anonymous_67)
FN:1465,(anonymous_68)
FN:1492,(anonymous_69)
FN:1502,(anonymous_70)
FN:1545,(anonymous_71)
FN:1564,(anonymous_72)
FN:1595,(anonymous_73)
FN:1617,(anonymous_74)
FN:1627,(anonymous_75)
FNF:75
FNH:0
FNDA:0,FinancePage
FNDA:0,(anonymous_2)
FNDA:0,(anonymous_3)
FNDA:0,(anonymous_4)
FNDA:0,(anonymous_5)
FNDA:0,(anonymous_6)
FNDA:0,(anonymous_7)
FNDA:0,(anonymous_8)
FNDA:0,(anonymous_9)
FNDA:0,(anonymous_10)
FNDA:0,(anonymous_11)
FNDA:0,(anonymous_12)
FNDA:0,(anonymous_13)
FNDA:0,(anonymous_14)
FNDA:0,(anonymous_15)
FNDA:0,(anonymous_16)
FNDA:0,(anonymous_17)
FNDA:0,(anonymous_18)
FNDA:0,(anonymous_19)
FNDA:0,(anonymous_20)
FNDA:0,(anonymous_21)
FNDA:0,(anonymous_22)
FNDA:0,(anonymous_23)
FNDA:0,(anonymous_24)
FNDA:0,(anonymous_25)
FNDA:0,(anonymous_26)
FNDA:0,(anonymous_27)
FNDA:0,(anonymous_28)
FNDA:0,(anonymous_29)
FNDA:0,(anonymous_30)
FNDA:0,(anonymous_31)
FNDA:0,(anonymous_32)
FNDA:0,(anonymous_33)
FNDA:0,(anonymous_34)
FNDA:0,(anonymous_35)
FNDA:0,(anonymous_36)
FNDA:0,(anonymous_37)
FNDA:0,(anonymous_38)
FNDA:0,(anonymous_39)
FNDA:0,(anonymous_40)
FNDA:0,(anonymous_41)
FNDA:0,(anonymous_42)
FNDA:0,(anonymous_43)
FNDA:0,(anonymous_44)
FNDA:0,(anonymous_45)
FNDA:0,(anonymous_46)
FNDA:0,(anonymous_47)
FNDA:0,(anonymous_48)
FNDA:0,(anonymous_49)
FNDA:0,(anonymous_50)
FNDA:0,(anonymous_51)
FNDA:0,(anonymous_52)
FNDA:0,(anonymous_53)
FNDA:0,(anonymous_54)
FNDA:0,(anonymous_55)
FNDA:0,(anonymous_56)
FNDA:0,(anonymous_57)
FNDA:0,(anonymous_58)
FNDA:0,(anonymous_59)
FNDA:0,(anonymous_60)
FNDA:0,(anonymous_61)
FNDA:0,(anonymous_62)
FNDA:0,(anonymous_63)
FNDA:0,(anonymous_64)
FNDA:0,(anonymous_65)
FNDA:0,(anonymous_66)
FNDA:0,(anonymous_67)
FNDA:0,(anonymous_68)
FNDA:0,(anonymous_69)
FNDA:0,(anonymous_70)
FNDA:0,(anonymous_71)
FNDA:0,(anonymous_72)
FNDA:0,(anonymous_73)
FNDA:0,(anonymous_74)
FNDA:0,(anonymous_75)
DA:3,0
DA:4,0
DA:5,0
DA:6,0
DA:7,0
DA:8,0
DA:9,0
DA:10,0
DA:11,0
DA:19,0
DA:26,0
DA:34,0
DA:57,0
DA:58,0
DA:59,0
DA:60,0
DA:61,0
DA:62,0
DA:63,0
DA:69,0
DA:92,0
DA:93,0
DA:94,0
DA:95,0
DA:96,0
DA:97,0
DA:98,0
DA:99,0
DA:100,0
DA:103,0
DA:112,0
DA:113,0
DA:114,0
DA:115,0
DA:121,0
DA:124,0
DA:125,0
DA:126,0
DA:127,0
DA:133,0
DA:136,0
DA:137,0
DA:144,0
DA:145,0
DA:146,0
DA:150,0
DA:151,0
DA:154,0
DA:155,0
DA:156,0
DA:159,0
DA:160,0
DA:161,0
DA:162,0
DA:163,0
DA:165,0
DA:167,0
DA:169,0
DA:180,0
DA:183,0
DA:184,0
DA:185,0
DA:186,0
DA:187,0
DA:200,0
DA:201,0
DA:204,0
DA:210,0
DA:214,0
DA:215,0
DA:216,0
DA:217,0
DA:218,0
DA:221,0
DA:225,0
DA:226,0
DA:228,0
DA:231,0
DA:233,0
DA:234,0
DA:235,0
DA:240,0
DA:243,0
DA:246,0
DA:250,0
DA:257,0
DA:259,0
DA:264,0
DA:265,0
DA:266,0
DA:268,0
DA:274,0
DA:278,0
DA:279,0
DA:285,0
DA:288,0
DA:289,0
DA:295,0
DA:296,0
DA:297,0
DA:300,0
DA:301,0
DA:302,0
DA:303,0
DA:306,0
DA:307,0
DA:308,0
DA:312,0
DA:313,0
DA:314,0
DA:315,0
DA:316,0
DA:321,0
DA:324,0
DA:325,0
DA:327,0
DA:329,0
DA:330,0
DA:335,0
DA:339,0
DA:340,0
DA:343,0
DA:351,0
DA:353,0
DA:354,0
DA:355,0
DA:360,0
DA:363,0
DA:365,0
DA:367,0
DA:372,0
DA:373,0
DA:374,0
DA:376,0
DA:382,0
DA:386,0
DA:387,0
DA:393,0
DA:394,0
DA:397,0
DA:398,0
DA:399,0
DA:400,0
DA:401,0
DA:404,0
DA:405,0
DA:406,0
DA:407,0
DA:408,0
DA:409,0
DA:413,0
DA:414,0
DA:422,0
DA:423,0
DA:424,0
DA:425,0
DA:426,0
DA:429,0
DA:430,0
DA:431,0
DA:432,0
DA:433,0
DA:434,0
DA:435,0
DA:436,0
DA:437,0
DA:439,0
DA:440,0
DA:449,0
DA:450,0
DA:451,0
DA:452,0
DA:457,0
DA:458,0
DA:459,0
DA:460,0
DA:463,0
DA:464,0
DA:465,0
DA:468,0
DA:471,0
DA:472,0
DA:473,0
DA:474,0
DA:475,0
DA:478,0
DA:480,0
DA:485,0
DA:486,0
DA:492,0
DA:496,0
DA:497,0
DA:500,0
DA:503,0
DA:506,0
DA:508,0
DA:512,0
DA:513,0
DA:524,0
DA:528,0
DA:529,0
DA:530,0
DA:531,0
DA:533,0
DA:534,0
DA:535,0
DA:537,0
DA:673,0
DA:681,0
DA:697,0
DA:705,0
DA:724,0
DA:733,0
DA:739,0
DA:757,0
DA:779,0
DA:803,0
DA:815,0
DA:827,0
DA:840,0
DA:873,0
DA:884,0
DA:922,0
DA:1100,0
DA:1117,0
DA:1124,0
DA:1125,0
DA:1136,0
DA:1142,0
DA:1143,0
DA:1157,0
DA:1174,0
DA:1195,0
DA:1335,0
DA:1336,0
DA:1337,0
DA:1338,0
DA:1347,0
DA:1366,0
DA:1391,0
DA:1404,0
DA:1423,0
DA:1447,0
DA:1465,0
DA:1493,0
DA:1503,0
DA:1504,0
DA:1546,0
DA:1547,0
DA:1548,0
DA:1549,0
DA:1565,0
DA:1566,0
DA:1567,0
DA:1568,0
DA:1596,0
DA:1597,0
DA:1598,0
DA:1599,0
DA:1618,0
DA:1628,0
DA:1629,0
LF:262
LH:0
BRDA:160,0,0,0
BRDA:161,1,0,0
BRDA:162,2,0,0
BRDA:163,3,0,0
BRDA:167,4,0,0
BRDA:177,5,0,0
BRDA:177,5,1,0
BRDA:185,6,0,0
BRDA:185,7,0,0
BRDA:185,7,1,0
BRDA:201,8,0,0
BRDA:201,8,1,0
BRDA:206,9,0,0
BRDA:206,9,1,0
BRDA:217,10,0,0
BRDA:233,11,0,0
BRDA:248,12,0,0
BRDA:248,12,1,0
BRDA:270,13,0,0
BRDA:270,13,1,0
BRDA:315,14,0,0
BRDA:318,15,0,0
BRDA:318,15,1,0
BRDA:329,16,0,0
BRDA:340,17,0,0
BRDA:340,17,1,0
BRDA:340,18,0,0
BRDA:340,18,1,0
BRDA:353,19,0,0
BRDA:357,20,0,0
BRDA:357,20,1,0
BRDA:378,21,0,0
BRDA:378,21,1,0
BRDA:400,22,0,0
BRDA:407,23,0,0
BRDA:425,24,0,0
BRDA:457,25,0,0
BRDA:457,25,1,0
BRDA:459,26,0,0
BRDA:464,27,0,0
BRDA:472,28,0,0
BRDA:472,28,1,0
BRDA:474,29,0,0
BRDA:488,30,0,0
BRDA:488,30,1,0
BRDA:497,31,0,0
BRDA:497,31,1,0
BRDA:497,31,2,0
BRDA:497,31,3,0
BRDA:497,31,4,0
BRDA:497,31,5,0
BRDA:497,31,6,0
BRDA:513,32,0,0
BRDA:513,32,1,0
BRDA:513,32,2,0
BRDA:513,32,3,0
BRDA:528,33,0,0
BRDA:528,33,1,0
BRDA:533,34,0,0
BRDA:533,34,1,0
BRDA:534,35,0,0
BRDA:534,35,1,0
BRDA:535,36,0,0
BRDA:535,36,1,0
BRDA:537,37,0,0
BRDA:735,38,0,0
BRDA:735,38,1,0
BRDA:735,38,2,0
BRDA:735,38,3,0
BRDA:750,39,0,0
BRDA:752,40,0,0
BRDA:834,41,0,0
BRDA:898,42,0,0
BRDA:900,43,0,0
BRDA:1131,44,0,0
BRDA:1152,45,0,0
BRDA:1179,46,0,0
BRDA:1336,47,0,0
BRDA:1342,48,0,0
BRDA:1342,48,1,0
BRDA:1353,49,0,0
BRDA:1385,50,0,0
BRDA:1406,51,0,0
BRDA:1406,51,1,0
BRDA:1408,52,0,0
BRDA:1426,53,0,0
BRDA:1426,53,1,0
BRDA:1429,54,0,0
BRDA:1429,54,1,0
BRDA:1431,55,0,0
BRDA:1450,56,0,0
BRDA:1450,56,1,0
BRDA:1453,57,0,0
BRDA:1453,57,1,0
BRDA:1455,58,0,0
BRDA:1512,59,0,0
BRDA:1547,60,0,0
BRDA:1552,61,0,0
BRDA:1552,61,1,0
BRDA:1554,62,0,0
BRDA:1566,63,0,0
BRDA:1572,64,0,0
BRDA:1572,64,1,0
BRDA:1583,65,0,0
BRDA:1597,66,0,0
BRDA:1602,67,0,0
BRDA:1602,67,1,0
BRDA:1604,68,0,0
BRDA:1637,69,0,0
BRF:109
BRH:0
end_of_record
TN:
SF:src/app/dashboard/finance/invoices/[id]/page.tsx
FN:20,InvoiceDetailPage
FN:28,(anonymous_3)
FN:29,(anonymous_4)
FN:35,(anonymous_5)
FN:52,(anonymous_6)
FN:85,(anonymous_7)
FN:98,(anonymous_8)
FN:111,(anonymous_9)
FN:313,(anonymous_10)
FN:365,(anonymous_11)
FNF:10
FNH:0
FNDA:0,InvoiceDetailPage
FNDA:0,(anonymous_3)
FNDA:0,(anonymous_4)
FNDA:0,(anonymous_5)
FNDA:0,(anonymous_6)
FNDA:0,(anonymous_7)
FNDA:0,(anonymous_8)
FNDA:0,(anonymous_9)
FNDA:0,(anonymous_10)
FNDA:0,(anonymous_11)
DA:3,0
DA:4,0
DA:5,0
DA:6,0
DA:7,0
DA:8,0
DA:9,0
DA:10,0
DA:11,0
DA:12,0
DA:13,0
DA:14,0
DA:20,0
DA:21,0
DA:22,0
DA:23,0
DA:24,0
DA:25,0
DA:26,0
DA:28,0
DA:29,0
DA:30,0
DA:31,0
DA:35,0
DA:36,0
DA:37,0
DA:38,0
DA:39,0
DA:41,0
DA:42,0
DA:48,0
DA:52,0
DA:53,0
DA:54,0
DA:55,0
DA:57,0
DA:59,0
DA:60,0
DA:61,0
DA:62,0
DA:63,0
DA:64,0
DA:65,0
DA:66,0
DA:67,0
DA:69,0
DA:74,0
DA:75,0
DA:81,0
DA:85,0
DA:86,0
DA:87,0
DA:89,0
DA:91,0
DA:92,0
DA:93,0
DA:94,0
DA:95,0
DA:96,0
DA:98,0
DA:99,0
DA:102,0
DA:103,0
DA:111,0
DA:112,0
DA:114,0
DA:116,0
DA:118,0
DA:120,0
DA:124,0
DA:143,0
DA:160,0
DA:314,0
DA:366,0
LF:74
LH:0
BRDA:44,0,0,0
BRDA:44,0,1,0
BRDA:57,1,0,0
BRDA:63,2,0,0
BRDA:63,2,1,0
BRDA:77,3,0,0
BRDA:77,3,1,0
BRDA:89,4,0,0
BRDA:105,5,0,0
BRDA:105,5,1,0
BRDA:112,6,0,0
BRDA:112,6,1,0
BRDA:112,6,2,0
BRDA:112,6,3,0
BRDA:124,7,0,0
BRDA:143,8,0,0
BRDA:160,9,0,0
BRDA:160,9,1,0
BRDA:160,10,0,0
BRDA:160,10,1,0
BRDA:191,11,0,0
BRDA:236,12,0,0
BRDA:236,12,1,0
BRDA:285,13,0,0
BRDA:285,13,1,0
BRDA:290,14,0,0
BRDA:290,14,1,0
BRDA:336,15,0,0
BRDA:348,16,0,0
BRDA:348,16,1,0
BRDA:377,17,0,0
BRDA:377,17,1,0
BRF:32
BRH:0
end_of_record
TN:
SF:src/app/dashboard/finance/invoices/[id]/edit/page.tsx
FN:22,InvoiceEditPage
FN:38,(anonymous_3)
FN:39,(anonymous_4)
FN:45,(anonymous_5)
FN:59,(anonymous_6)
FN:79,(anonymous_7)
FN:86,(anonymous_8)
FN:124,(anonymous_9)
FN:131,(anonymous_10)
FN:133,(anonymous_11)
FN:138,(anonymous_12)
FN:144,(anonymous_13)
FN:146,(anonymous_14)
FN:195,(anonymous_15)
FN:203,(anonymous_16)
FN:221,(anonymous_17)
FN:235,(anonymous_18)
FN:257,(anonymous_19)
FN:278,(anonymous_20)
FN:288,(anonymous_21)
FN:307,(anonymous_22)
FN:326,(anonymous_23)
FN:352,(anonymous_24)
FNF:23
FNH:0
FNDA:0,InvoiceEditPage
FNDA:0,(anonymous_3)
FNDA:0,(anonymous_4)
FNDA:0,(anonymous_5)
FNDA:0,(anonymous_6)
FNDA:0,(anonymous_7)
FNDA:0,(anonymous_8)
FNDA:0,(anonymous_9)
FNDA:0,(anonymous_10)
FNDA:0,(anonymous_11)
FNDA:0,(anonymous_12)
FNDA:0,(anonymous_13)
FNDA:0,(anonymous_14)
FNDA:0,(anonymous_15)
FNDA:0,(anonymous_16)
FNDA:0,(anonymous_17)
FNDA:0,(anonymous_18)
FNDA:0,(anonymous_19)
FNDA:0,(anonymous_20)
FNDA:0,(anonymous_21)
FNDA:0,(anonymous_22)
FNDA:0,(anonymous_23)
FNDA:0,(anonymous_24)
DA:3,0
DA:4,0
DA:5,0
DA:6,0
DA:7,0
DA:8,0
DA:9,0
DA:10,0
DA:11,0
DA:12,0
DA:13,0
DA:14,0
DA:15,0
DA:16,0
DA:22,0
DA:23,0
DA:24,0
DA:25,0
DA:26,0
DA:27,0
DA:34,0
DA:35,0
DA:36,0
DA:38,0
DA:39,0
DA:40,0
DA:41,0
DA:45,0
DA:46,0
DA:47,0
DA:48,0
DA:54,0
DA:59,0
DA:66,0
DA:68,0
DA:69,0
DA:75,0
DA:79,0
DA:80,0
DA:83,0
DA:86,0
DA:90,0
DA:91,0
DA:92,0
DA:97,0
DA:100,0
DA:101,0
DA:102,0
DA:104,0
DA:106,0
DA:111,0
DA:113,0
DA:114,0
DA:120,0
DA:124,0
DA:125,0
DA:131,0
DA:132,0
DA:133,0
DA:134,0
DA:138,0
DA:139,0
DA:140,0
DA:141,0
DA:144,0
DA:145,0
DA:146,0
DA:151,0
DA:196,0
DA:204,0
DA:222,0
DA:236,0
DA:258,0
DA:279,0
DA:289,0
DA:308,0
DA:327,0
DA:352,0
LF:78
LH:0
BRDA:56,0,0,0
BRDA:56,0,1,0
BRDA:58,1,0,0
BRDA:58,1,1,0
BRDA:59,2,0,0
BRDA:59,2,1,0
BRDA:66,3,0,0
BRDA:66,3,1,0
BRDA:71,4,0,0
BRDA:71,4,1,0
BRDA:86,5,0,0
BRDA:86,5,1,0
BRDA:86,5,2,0
BRDA:90,6,0,0
BRDA:91,7,0,0
BRDA:91,7,1,0
BRDA:116,8,0,0
BRDA:116,8,1,0
BRDA:132,9,0,0
BRDA:146,10,0,0
BRDA:146,10,1,0
BRDA:151,11,0,0
BRDA:210,12,0,0
BRDA:225,13,0,0
BRDA:293,14,0,0
BRDA:308,15,0,0
BRDA:308,15,1,0
BRDA:311,16,0,0
BRDA:327,17,0,0
BRDA:327,17,1,0
BRDA:330,18,0,0
BRDA:362,19,0,0
BRDA:384,20,0,0
BRDA:384,20,1,0
BRF:34
BRH:0
end_of_record
TN:
SF:src/app/dashboard/inventory/page.tsx
FN:71,InventoryPage
FN:113,(anonymous_2)
FN:118,(anonymous_3)
FN:141,(anonymous_4)
FN:154,(anonymous_5)
FN:194,(anonymous_6)
FN:235,(anonymous_7)
FN:279,(anonymous_8)
FN:309,(anonymous_9)
FN:328,(anonymous_10)
FN:339,(anonymous_11)
FN:358,(anonymous_12)
FN:364,(anonymous_13)
FN:381,(anonymous_14)
FN:457,(anonymous_15)
FN:472,(anonymous_16)
FN:493,(anonymous_17)
FN:527,(anonymous_18)
FN:535,(anonymous_19)
FN:543,(anonymous_20)
FN:550,(anonymous_21)
FN:567,(anonymous_22)
FN:582,(anonymous_23)
FN:588,(anonymous_24)
FN:610,(anonymous_25)
FN:616,(anonymous_26)
FN:633,(anonymous_27)
FN:639,(anonymous_28)
FN:655,(anonymous_29)
FN:663,(anonymous_30)
FN:671,(anonymous_31)
FN:681,(anonymous_32)
FN:690,(anonymous_33)
FN:700,(anonymous_34)
FN:708,(anonymous_35)
FN:716,(anonymous_36)
FN:722,(anonymous_37)
FN:734,(anonymous_38)
FN:750,(anonymous_39)
FN:755,(anonymous_40)
FN:777,(anonymous_41)
FN:782,(anonymous_42)
FN:799,(anonymous_43)
FN:805,(anonymous_44)
FN:821,(anonymous_45)
FN:829,(anonymous_46)
FN:838,(anonymous_47)
FN:847,(anonymous_48)
FN:852,(anonymous_49)
FN:873,(anonymous_50)
FN:892,(anonymous_51)
FN:900,(anonymous_52)
FN:909,(anonymous_53)
FN:915,(anonymous_54)
FN:927,(anonymous_55)
FNF:55
FNH:0
FNDA:0,InventoryPage
FNDA:0,(anonymous_2)
FNDA:0,(anonymous_3)
FNDA:0,(anonymous_4)
FNDA:0,(anonymous_5)
FNDA:0,(anonymous_6)
FNDA:0,(anonymous_7)
FNDA:0,(anonymous_8)
FNDA:0,(anonymous_9)
FNDA:0,(anonymous_10)
FNDA:0,(anonymous_11)
FNDA:0,(anonymous_12)
FNDA:0,(anonymous_13)
FNDA:0,(anonymous_14)
FNDA:0,(anonymous_15)
FNDA:0,(anonymous_16)
FNDA:0,(anonymous_17)
FNDA:0,(anonymous_18)
FNDA:0,(anonymous_19)
FNDA:0,(anonymous_20)
FNDA:0,(anonymous_21)
FNDA:0,(anonymous_22)
FNDA:0,(anonymous_23)
FNDA:0,(anonymous_24)
FNDA:0,(anonymous_25)
FNDA:0,(anonymous_26)
FNDA:0,(anonymous_27)
FNDA:0,(anonymous_28)
FNDA:0,(anonymous_29)
FNDA:0,(anonymous_30)
FNDA:0,(anonymous_31)
FNDA:0,(anonymous_32)
FNDA:0,(anonymous_33)
FNDA:0,(anonymous_34)
FNDA:0,(anonymous_35)
FNDA:0,(anonymous_36)
FNDA:0,(anonymous_37)
FNDA:0,(anonymous_38)
FNDA:0,(anonymous_39)
FNDA:0,(anonymous_40)
FNDA:0,(anonymous_41)
FNDA:0,(anonymous_42)
FNDA:0,(anonymous_43)
FNDA:0,(anonymous_44)
FNDA:0,(anonymous_45)
FNDA:0,(anonymous_46)
FNDA:0,(anonymous_47)
FNDA:0,(anonymous_48)
FNDA:0,(anonymous_49)
FNDA:0,(anonymous_50)
FNDA:0,(anonymous_51)
FNDA:0,(anonymous_52)
FNDA:0,(anonymous_53)
FNDA:0,(anonymous_54)
FNDA:0,(anonymous_55)
DA:3,0
DA:4,0
DA:5,0
DA:6,0
DA:7,0
DA:8,0
DA:9,0
DA:17,0
DA:24,0
DA:32,0
DA:42,0
DA:43,0
DA:44,0
DA:71,0
DA:72,0
DA:73,0
DA:74,0
DA:75,0
DA:76,0
DA:79,0
DA:80,0
DA:81,0
DA:82,0
DA:83,0
DA:86,0
DA:103,0
DA:111,0
DA:113,0
DA:114,0
DA:115,0
DA:118,0
DA:119,0
DA:120,0
DA:121,0
DA:122,0
DA:124,0
DA:125,0
DA:126,0
DA:128,0
DA:131,0
DA:137,0
DA:141,0
DA:142,0
DA:143,0
DA:144,0
DA:146,0
DA:147,0
DA:150,0
DA:154,0
DA:155,0
DA:156,0
DA:157,0
DA:170,0
DA:172,0
DA:173,0
DA:177,0
DA:178,0
DA:179,0
DA:181,0
DA:184,0
DA:190,0
DA:194,0
DA:195,0
DA:196,0
DA:197,0
DA:199,0
DA:211,0
DA:213,0
DA:214,0
DA:218,0
DA:219,0
DA:220,0
DA:222,0
DA:225,0
DA:231,0
DA:235,0
DA:236,0
DA:237,0
DA:238,0
DA:249,0
DA:251,0
DA:252,0
DA:256,0
DA:257,0
DA:264,0
DA:266,0
DA:269,0
DA:275,0
DA:279,0
DA:280,0
DA:282,0
DA:283,0
DA:287,0
DA:289,0
DA:290,0
DA:294,0
DA:296,0
DA:299,0
DA:305,0
DA:309,0
DA:310,0
DA:325,0
DA:328,0
DA:329,0
DA:336,0
DA:339,0
DA:340,0
DA:357,0
DA:359,0
DA:364,0
DA:365,0
DA:366,0
DA:367,0
DA:381,0
DA:457,0
DA:472,0
DA:494,0
DA:495,0
DA:527,0
DA:535,0
DA:543,0
DA:550,0
DA:568,0
DA:569,0
DA:582,0
DA:588,0
DA:610,0
DA:616,0
DA:633,0
DA:640,0
DA:655,0
DA:663,0
DA:671,0
DA:681,0
DA:690,0
DA:700,0
DA:708,0
DA:716,0
DA:722,0
DA:735,0
DA:736,0
DA:750,0
DA:755,0
DA:777,0
DA:782,0
DA:799,0
DA:806,0
DA:821,0
DA:829,0
DA:838,0
DA:847,0
DA:852,0
DA:873,0
DA:892,0
DA:900,0
DA:909,0
DA:915,0
DA:927,0
LF:158
LH:0
BRDA:124,0,0,0
BRDA:124,0,1,0
BRDA:125,1,0,0
BRDA:125,1,1,0
BRDA:126,2,0,0
BRDA:126,2,1,0
BRDA:133,3,0,0
BRDA:133,3,1,0
BRDA:146,4,0,0
BRDA:147,5,0,0
BRDA:147,5,1,0
BRDA:165,6,0,0
BRDA:165,6,1,0
BRDA:166,7,0,0
BRDA:166,7,1,0
BRDA:172,8,0,0
BRDA:172,8,1,0
BRDA:186,9,0,0
BRDA:186,9,1,0
BRDA:206,10,0,0
BRDA:206,10,1,0
BRDA:207,11,0,0
BRDA:207,11,1,0
BRDA:213,12,0,0
BRDA:213,12,1,0
BRDA:227,13,0,0
BRDA:227,13,1,0
BRDA:251,14,0,0
BRDA:251,14,1,0
BRDA:271,15,0,0
BRDA:271,15,1,0
BRDA:280,16,0,0
BRDA:289,17,0,0
BRDA:289,17,1,0
BRDA:301,18,0,0
BRDA:301,18,1,0
BRDA:313,19,0,0
BRDA:313,19,1,0
BRDA:314,20,0,0
BRDA:314,20,1,0
BRDA:318,21,0,0
BRDA:318,21,1,0
BRDA:320,22,0,0
BRDA:320,22,1,0
BRDA:321,23,0,0
BRDA:321,23,1,0
BRDA:322,24,0,0
BRDA:322,24,1,0
BRDA:323,25,0,0
BRDA:323,25,1,0
BRDA:359,26,0,0
BRDA:359,26,1,0
BRDA:359,26,2,0
BRDA:365,27,0,0
BRDA:366,28,0,0
BRDA:398,29,0,0
BRDA:398,29,1,0
BRDA:400,30,0,0
BRDA:400,30,1,0
BRDA:414,31,0,0
BRDA:414,31,1,0
BRDA:414,32,0,0
BRDA:414,32,1,0
BRDA:414,33,0,0
BRDA:414,33,1,0
BRDA:428,34,0,0
BRDA:428,34,1,0
BRDA:441,35,0,0
BRDA:441,35,1,0
BRDA:463,36,0,0
BRDA:467,37,0,0
BRDA:470,38,0,0
BRDA:470,38,1,0
BRDA:500,39,0,0
BRDA:506,40,0,0
BRDA:506,40,1,0
BRDA:516,41,0,0
BRDA:516,41,1,0
BRDA:569,42,0,0
BRDA:655,43,0,0
BRDA:655,43,1,0
BRDA:663,44,0,0
BRDA:663,44,1,0
BRDA:681,45,0,0
BRDA:681,45,1,0
BRDA:726,46,0,0
BRDA:735,47,0,0
BRDA:735,47,1,0
BRDA:736,48,0,0
BRDA:821,49,0,0
BRDA:821,49,1,0
BRDA:838,50,0,0
BRDA:838,50,1,0
BRDA:856,51,0,0
BRDA:892,52,0,0
BRDA:892,52,1,0
BRDA:919,53,0,0
BRF:97
BRH:0
end_of_record
TN:
SF:src/app/dashboard/patients/error.tsx
FN:9,PatientsError
FN:16,(anonymous_3)
FNF:2
FNH:0
FNDA:0,PatientsError
FNDA:0,(anonymous_3)
DA:3,0
DA:4,0
DA:5,0
DA:6,0
DA:7,0
DA:9,0
DA:16,0
DA:17,0
LF:8
LH:0
BRDA:37,0,0,0
BRDA:37,0,1,0
BRF:2
BRH:0
end_of_record
TN:
SF:src/app/dashboard/patients/page.tsx
FN:20,PatientsPage
FN:28,(anonymous_3)
FN:45,(anonymous_4)
FN:50,(anonymous_5)
FN:59,(anonymous_6)
FN:147,(anonymous_7)
FN:175,(anonymous_8)
FN:214,(anonymous_9)
FN:214,(anonymous_10)
FN:222,(anonymous_11)
FN:222,(anonymous_12)
FNF:11
FNH:0
FNDA:0,PatientsPage
FNDA:0,(anonymous_3)
FNDA:0,(anonymous_4)
FNDA:0,(anonymous_5)
FNDA:0,(anonymous_6)
FNDA:0,(anonymous_7)
FNDA:0,(anonymous_8)
FNDA:0,(anonymous_9)
FNDA:0,(anonymous_10)
FNDA:0,(anonymous_11)
FNDA:0,(anonymous_12)
DA:3,0
DA:4,0
DA:5,0
DA:6,0
DA:7,0
DA:15,0
DA:16,0
DA:17,0
DA:18,0
DA:20,0
DA:21,0
DA:22,0
DA:23,0
DA:24,0
DA:25,0
DA:28,0
DA:29,0
DA:30,0
DA:31,0
DA:36,0
DA:37,0
DA:39,0
DA:41,0
DA:45,0
DA:46,0
DA:50,0
DA:51,0
DA:55,0
DA:58,0
DA:59,0
DA:147,0
DA:176,0
DA:214,0
DA:222,0
LF:34
LH:0
BRDA:34,0,0,0
BRDA:34,0,1,0
BRDA:58,1,0,0
BRDA:58,1,1,0
BRDA:107,2,0,0
BRDA:107,2,1,0
BRDA:153,3,0,0
BRDA:157,4,0,0
BRDA:183,5,0,0
BRDA:183,5,1,0
BRDA:187,6,0,0
BRDA:187,6,1,0
BRDA:188,7,0,0
BRDA:188,7,1,0
BRDA:190,8,0,0
BRDA:190,8,1,0
BRDA:205,9,0,0
BRDA:205,9,1,0
BRF:18
BRH:0
end_of_record
TN:
SF:src/app/dashboard/patients/[id]/page.tsx
FN:62,PatientDetailPage
FN:77,(anonymous_3)
FN:81,(anonymous_4)
FN:93,(anonymous_5)
FN:112,(anonymous_6)
FN:174,(anonymous_7)
FN:218,(anonymous_8)
FN:229,(anonymous_9)
FN:485,(anonymous_10)
FN:537,(anonymous_11)
FN:573,(anonymous_12)
FN:591,(anonymous_13)
FN:605,(anonymous_14)
FN:660,(anonymous_15)
FN:691,(anonymous_16)
FN:699,(anonymous_17)
FNF:16
FNH:0
FNDA:0,PatientDetailPage
FNDA:0,(anonymous_3)
FNDA:0,(anonymous_4)
FNDA:0,(anonymous_5)
FNDA:0,(anonymous_6)
FNDA:0,(anonymous_7)
FNDA:0,(anonymous_8)
FNDA:0,(anonymous_9)
FNDA:0,(anonymous_10)
FNDA:0,(anonymous_11)
FNDA:0,(anonymous_12)
FNDA:0,(anonymous_13)
FNDA:0,(anonymous_14)
FNDA:0,(anonymous_15)
FNDA:0,(anonymous_16)
FNDA:0,(anonymous_17)
DA:3,0
DA:4,0
DA:5,0
DA:6,0
DA:7,0
DA:8,0
DA:9,0
DA:17,0
DA:39,0
DA:40,0
DA:41,0
DA:49,0
DA:50,0
DA:51,0
DA:58,0
DA:59,0
DA:60,0
DA:62,0
DA:63,0
DA:64,0
DA:65,0
DA:66,0
DA:67,0
DA:70,0
DA:71,0
DA:72,0
DA:73,0
DA:74,0
DA:75,0
DA:77,0
DA:78,0
DA:81,0
DA:82,0
DA:83,0
DA:84,0
DA:85,0
DA:87,0
DA:89,0
DA:93,0
DA:94,0
DA:95,0
DA:97,0
DA:98,0
DA:103,0
DA:105,0
DA:106,0
DA:107,0
DA:112,0
DA:113,0
DA:114,0
DA:119,0
DA:122,0
DA:123,0
DA:128,0
DA:131,0
DA:132,0
DA:133,0
DA:134,0
DA:135,0
DA:136,0
DA:137,0
DA:138,0
DA:140,0
DA:145,0
DA:146,0
DA:149,0
DA:155,0
DA:156,0
DA:157,0
DA:158,0
DA:159,0
DA:162,0
DA:164,0
DA:170,0
DA:174,0
DA:175,0
DA:176,0
DA:177,0
DA:178,0
DA:181,0
DA:182,0
DA:183,0
DA:184,0
DA:185,0
DA:186,0
DA:189,0
DA:190,0
DA:191,0
DA:192,0
DA:193,0
DA:195,0
DA:203,0
DA:211,0
DA:218,0
DA:229,0
DA:230,0
DA:234,0
DA:237,0
DA:486,0
DA:538,0
DA:573,0
DA:592,0
DA:605,0
DA:660,0
DA:691,0
DA:700,0
DA:701,0
DA:702,0
DA:703,0
DA:704,0
LF:110
LH:0
BRDA:95,0,0,0
BRDA:97,1,0,0
BRDA:106,2,0,0
BRDA:113,3,0,0
BRDA:122,4,0,0
BRDA:145,5,0,0
BRDA:166,6,0,0
BRDA:166,6,1,0
BRDA:177,7,0,0
BRDA:186,8,0,0
BRDA:186,8,1,0
BRDA:197,9,0,0
BRDA:197,9,1,0
BRDA:203,10,0,0
BRDA:211,11,0,0
BRDA:211,12,0,0
BRDA:211,12,1,0
BRDA:217,13,0,0
BRDA:217,13,1,0
BRDA:280,14,0,0
BRDA:280,14,1,0
BRDA:289,15,0,0
BRDA:289,15,1,0
BRDA:298,16,0,0
BRDA:298,16,1,0
BRDA:307,17,0,0
BRDA:307,17,1,0
BRDA:344,18,0,0
BRDA:344,18,1,0
BRDA:359,19,0,0
BRDA:365,20,0,0
BRDA:398,21,0,0
BRDA:398,21,1,0
BRDA:403,22,0,0
BRDA:403,22,1,0
BRDA:408,23,0,0
BRDA:408,23,1,0
BRDA:413,24,0,0
BRDA:413,24,1,0
BRDA:453,25,0,0
BRDA:453,25,1,0
BRDA:457,26,0,0
BRDA:457,26,1,0
BRDA:473,27,0,0
BRDA:472,28,0,0
BRDA:472,28,1,0
BRDA:492,29,0,0
BRDA:492,29,1,0
BRDA:493,30,0,0
BRDA:493,30,1,0
BRDA:526,31,0,0
BRDA:525,32,0,0
BRDA:525,32,1,0
BRDA:544,33,0,0
BRDA:544,33,1,0
BRDA:545,34,0,0
BRDA:545,34,1,0
BRDA:550,35,0,0
BRDA:550,35,1,0
BRDA:581,36,0,0
BRDA:580,37,0,0
BRDA:580,37,1,0
BRDA:646,38,0,0
BRDA:710,39,0,0
BRDA:710,39,1,0
BRDA:712,40,0,0
BRF:66
BRH:0
end_of_record
TN:
SF:src/app/dashboard/patients/[id]/add-treatment/page.tsx
FN:30,AddTreatmentPage
FN:43,(anonymous_4)
FN:44,(anonymous_5)
FN:50,(anonymous_6)
FN:60,(anonymous_7)
FN:115,(anonymous_8)
FN:116,(anonymous_9)
FN:118,(anonymous_10)
FN:123,(anonymous_11)
FN:202,(anonymous_12)
FN:326,(anonymous_13)
FN:336,(anonymous_14)
FN:352,(anonymous_15)
FN:363,(anonymous_16)
FNF:14
FNH:0
FNDA:0,AddTreatmentPage
FNDA:0,(anonymous_4)
FNDA:0,(anonymous_5)
FNDA:0,(anonymous_6)
FNDA:0,(anonymous_7)
FNDA:0,(anonymous_8)
FNDA:0,(anonymous_9)
FNDA:0,(anonymous_10)
FNDA:0,(anonymous_11)
FNDA:0,(anonymous_12)
FNDA:0,(anonymous_13)
FNDA:0,(anonymous_14)
FNDA:0,(anonymous_15)
FNDA:0,(anonymous_16)
DA:3,0
DA:4,0
DA:5,0
DA:6,0
DA:7,0
DA:8,0
DA:9,0
DA:10,0
DA:11,0
DA:12,0
DA:13,0
DA:14,0
DA:15,0
DA:16,0
DA:30,0
DA:31,0
DA:32,0
DA:33,0
DA:34,0
DA:35,0
DA:36,0
DA:37,0
DA:38,0
DA:39,0
DA:40,0
DA:41,0
DA:43,0
DA:44,0
DA:45,0
DA:46,0
DA:50,0
DA:51,0
DA:52,0
DA:53,0
DA:57,0
DA:60,0
DA:61,0
DA:63,0
DA:65,0
DA:66,0
DA:72,0
DA:77,0
DA:96,0
DA:115,0
DA:116,0
DA:117,0
DA:118,0
DA:123,0
DA:124,0
DA:125,0
DA:128,0
DA:129,0
DA:130,0
DA:135,0
DA:138,0
DA:139,0
DA:140,0
DA:145,0
DA:148,0
DA:150,0
DA:151,0
DA:152,0
DA:168,0
DA:173,0
DA:175,0
DA:176,0
DA:177,0
DA:183,0
DA:187,0
DA:195,0
DA:202,0
DA:327,0
DA:336,0
DA:353,0
DA:363,0
LF:75
LH:0
BRDA:19,0,0,0
BRDA:60,1,0,0
BRDA:60,1,1,0
BRDA:61,2,0,0
BRDA:61,2,1,0
BRDA:65,3,0,0
BRDA:65,3,1,0
BRDA:68,4,0,0
BRDA:68,4,1,0
BRDA:117,5,0,0
BRDA:117,5,1,0
BRDA:128,6,0,0
BRDA:138,7,0,0
BRDA:160,8,0,0
BRDA:160,8,1,0
BRDA:161,9,0,0
BRDA:161,9,1,0
BRDA:175,10,0,0
BRDA:175,10,1,0
BRDA:187,11,0,0
BRDA:195,12,0,0
BRDA:195,13,0,0
BRDA:195,13,1,0
BRDA:201,14,0,0
BRDA:201,14,1,0
BRDA:214,15,0,0
BRDA:231,16,0,0
BRDA:231,16,1,0
BRDA:237,17,0,0
BRDA:330,18,0,0
BRDA:330,18,1,0
BRDA:332,19,0,0
BRDA:332,19,1,0
BRDA:357,20,0,0
BRDA:357,20,1,0
BRDA:359,21,0,0
BRDA:359,21,1,0
BRDA:374,22,0,0
BRDA:614,23,0,0
BRF:39
BRH:0
end_of_record
TN:
SF:src/app/dashboard/patients/[id]/edit/page.tsx
FN:18,EditPatientPage
FN:44,(anonymous_3)
FN:48,(anonymous_4)
FN:56,(anonymous_5)
FN:66,(anonymous_6)
FN:67,(anonymous_7)
FN:69,(anonymous_8)
FN:74,(anonymous_9)
FN:75,(anonymous_10)
FN:81,(anonymous_11)
FN:90,(anonymous_12)
FN:138,(anonymous_13)
FN:404,(anonymous_14)
FN:443,(anonymous_15)
FN:462,(anonymous_16)
FN:467,(anonymous_17)
FN:520,(anonymous_18)
FN:565,(anonymous_19)
FNF:18
FNH:0
FNDA:0,EditPatientPage
FNDA:0,(anonymous_3)
FNDA:0,(anonymous_4)
FNDA:0,(anonymous_5)
FNDA:0,(anonymous_6)
FNDA:0,(anonymous_7)
FNDA:0,(anonymous_8)
FNDA:0,(anonymous_9)
FNDA:0,(anonymous_10)
FNDA:0,(anonymous_11)
FNDA:0,(anonymous_12)
FNDA:0,(anonymous_13)
FNDA:0,(anonymous_14)
FNDA:0,(anonymous_15)
FNDA:0,(anonymous_16)
FNDA:0,(anonymous_17)
FNDA:0,(anonymous_18)
FNDA:0,(anonymous_19)
DA:3,0
DA:4,0
DA:5,0
DA:6,0
DA:7,0
DA:8,0
DA:9,0
DA:10,0
DA:11,0
DA:12,0
DA:13,0
DA:14,0
DA:15,0
DA:16,0
DA:18,0
DA:19,0
DA:20,0
DA:21,0
DA:22,0
DA:23,0
DA:24,0
DA:25,0
DA:26,0
DA:33,0
DA:44,0
DA:45,0
DA:48,0
DA:49,0
DA:50,0
DA:51,0
DA:52,0
DA:55,0
DA:56,0
DA:57,0
DA:60,0
DA:62,0
DA:66,0
DA:67,0
DA:68,0
DA:69,0
DA:74,0
DA:75,0
DA:81,0
DA:82,0
DA:83,0
DA:84,0
DA:85,0
DA:86,0
DA:87,0
DA:90,0
DA:91,0
DA:92,0
DA:93,0
DA:95,0
DA:97,0
DA:98,0
DA:129,0
DA:130,0
DA:132,0
DA:134,0
DA:138,0
DA:139,0
DA:140,0
DA:141,0
DA:142,0
DA:144,0
DA:145,0
DA:149,0
DA:157,0
DA:404,0
DA:443,0
DA:463,0
DA:467,0
DA:520,0
DA:565,0
LF:75
LH:0
BRDA:55,0,0,0
BRDA:60,1,0,0
BRDA:60,1,1,0
BRDA:68,2,0,0
BRDA:68,2,1,0
BRDA:82,3,0,0
BRDA:103,4,0,0
BRDA:103,4,1,0
BRDA:104,5,0,0
BRDA:104,5,1,0
BRDA:105,6,0,0
BRDA:105,6,1,0
BRDA:107,7,0,0
BRDA:107,7,1,0
BRDA:108,8,0,0
BRDA:108,8,1,0
BRDA:113,9,0,0
BRDA:113,9,1,0
BRDA:117,10,0,0
BRDA:117,10,1,0
BRDA:117,11,0,0
BRDA:117,11,1,0
BRDA:118,12,0,0
BRDA:118,12,1,0
BRDA:119,13,0,0
BRDA:119,13,1,0
BRDA:120,14,0,0
BRDA:120,14,1,0
BRDA:121,15,0,0
BRDA:121,15,1,0
BRDA:122,16,0,0
BRDA:122,16,1,0
BRDA:123,17,0,0
BRDA:123,17,1,0
BRDA:124,18,0,0
BRDA:124,18,1,0
BRDA:125,19,0,0
BRDA:125,19,1,0
BRDA:126,20,0,0
BRDA:126,20,1,0
BRDA:132,21,0,0
BRDA:132,21,1,0
BRDA:144,22,0,0
BRDA:144,22,1,0
BRDA:149,23,0,0
BRDA:157,24,0,0
BRDA:194,25,0,0
BRDA:194,25,1,0
BRDA:212,26,0,0
BRDA:212,26,1,0
BRDA:226,27,0,0
BRDA:240,28,0,0
BRDA:266,29,0,0
BRDA:266,29,1,0
BRDA:291,30,0,0
BRDA:291,30,1,0
BRDA:309,31,0,0
BRDA:309,31,1,0
BRDA:313,32,0,0
BRDA:313,32,1,0
BRDA:333,33,0,0
BRDA:333,33,1,0
BRDA:339,34,0,0
BRDA:339,34,1,0
BRDA:412,35,0,0
BRDA:418,36,0,0
BRDA:423,37,0,0
BRDA:423,37,1,0
BRDA:427,38,0,0
BRDA:427,38,1,0
BRDA:433,39,0,0
BRDA:433,39,1,0
BRDA:451,40,0,0
BRDA:457,41,0,0
BRDA:487,42,0,0
BRDA:487,42,1,0
BRDA:498,43,0,0
BRDA:498,43,1,0
BRDA:509,44,0,0
BRDA:509,44,1,0
BRDA:528,45,0,0
BRDA:534,46,0,0
BRDA:543,47,0,0
BRDA:543,47,1,0
BRDA:554,48,0,0
BRDA:554,48,1,0
BRDA:573,49,0,0
BRDA:579,50,0,0
BRDA:583,51,0,0
BRDA:583,51,1,0
BRDA:601,52,0,0
BRDA:601,52,1,0
BRDA:621,53,0,0
BRDA:621,53,1,0
BRDA:633,54,0,0
BRDA:633,54,1,0
BRDA:635,55,0,0
BRDA:635,55,1,0
BRDA:637,56,0,0
BRF:99
BRH:0
end_of_record
TN:
SF:src/app/dashboard/patients/[id]/treatment/[treatmentId]/page.tsx
FN:44,TreatmentDetailPage
FN:65,(anonymous_3)
FN:69,(anonymous_4)
FN:81,(anonymous_5)
FN:103,(anonymous_6)
FN:114,(anonymous_7)
FN:124,(anonymous_8)
FN:142,(anonymous_9)
FN:181,(anonymous_10)
FN:211,(anonymous_11)
FN:220,(anonymous_12)
FN:227,(anonymous_13)
FN:228,(anonymous_14)
FN:232,(anonymous_15)
FN:238,(anonymous_16)
FN:239,(anonymous_17)
FN:259,(anonymous_18)
FN:289,(anonymous_19)
FN:293,(anonymous_20)
FN:297,(anonymous_21)
FN:516,(anonymous_22)
FN:541,(anonymous_23)
FN:554,(anonymous_24)
FN:573,(anonymous_25)
FN:597,(anonymous_26)
FN:616,(anonymous_27)
FN:643,(anonymous_28)
FN:653,(anonymous_29)
FNF:28
FNH:0
FNDA:0,TreatmentDetailPage
FNDA:0,(anonymous_3)
FNDA:0,(anonymous_4)
FNDA:0,(anonymous_5)
FNDA:0,(anonymous_6)
FNDA:0,(anonymous_7)
FNDA:0,(anonymous_8)
FNDA:0,(anonymous_9)
FNDA:0,(anonymous_10)
FNDA:0,(anonymous_11)
FNDA:0,(anonymous_12)
FNDA:0,(anonymous_13)
FNDA:0,(anonymous_14)
FNDA:0,(anonymous_15)
FNDA:0,(anonymous_16)
FNDA:0,(anonymous_17)
FNDA:0,(anonymous_18)
FNDA:0,(anonymous_19)
FNDA:0,(anonymous_20)
FNDA:0,(anonymous_21)
FNDA:0,(anonymous_22)
FNDA:0,(anonymous_23)
FNDA:0,(anonymous_24)
FNDA:0,(anonymous_25)
FNDA:0,(anonymous_26)
FNDA:0,(anonymous_27)
FNDA:0,(anonymous_28)
FNDA:0,(anonymous_29)
DA:3,0
DA:4,0
DA:5,0
DA:6,0
DA:7,0
DA:8,0
DA:27,0
DA:28,0
DA:29,0
DA:30,0
DA:31,0
DA:39,0
DA:40,0
DA:41,0
DA:42,0
DA:44,0
DA:49,0
DA:50,0
DA:51,0
DA:52,0
DA:53,0
DA:56,0
DA:57,0
DA:58,0
DA:63,0
DA:65,0
DA:66,0
DA:69,0
DA:70,0
DA:71,0
DA:72,0
DA:73,0
DA:75,0
DA:77,0
DA:81,0
DA:82,0
DA:83,0
DA:84,0
DA:85,0
DA:88,0
DA:89,0
DA:90,0
DA:91,0
DA:92,0
DA:93,0
DA:94,0
DA:95,0
DA:96,0
DA:98,0
DA:99,0
DA:103,0
DA:104,0
DA:105,0
DA:106,0
DA:107,0
DA:110,0
DA:111,0
DA:112,0
DA:113,0
DA:114,0
DA:115,0
DA:119,0
DA:120,0
DA:124,0
DA:125,0
DA:127,0
DA:139,0
DA:142,0
DA:143,0
DA:145,0
DA:147,0
DA:148,0
DA:153,0
DA:157,0
DA:163,0
DA:165,0
DA:166,0
DA:167,0
DA:172,0
DA:175,0
DA:177,0
DA:181,0
DA:188,0
DA:190,0
DA:195,0
DA:196,0
DA:199,0
DA:201,0
DA:207,0
DA:211,0
DA:212,0
DA:217,0
DA:220,0
DA:221,0
DA:227,0
DA:228,0
DA:229,0
DA:232,0
DA:233,0
DA:234,0
DA:235,0
DA:238,0
DA:239,0
DA:240,0
DA:244,0
DA:252,0
DA:259,0
DA:270,0
DA:271,0
DA:289,0
DA:293,0
DA:297,0
DA:517,0
DA:542,0
DA:555,0
DA:574,0
DA:598,0
DA:616,0
DA:644,0
DA:654,0
DA:655,0
LF:121
LH:0
BRDA:84,0,0,0
BRDA:106,1,0,0
BRDA:113,2,0,0
BRDA:125,3,0,0
BRDA:129,4,0,0
BRDA:129,4,1,0
BRDA:132,5,0,0
BRDA:132,5,1,0
BRDA:134,6,0,0
BRDA:134,6,1,0
BRDA:147,7,0,0
BRDA:165,8,0,0
BRDA:179,9,0,0
BRDA:179,9,1,0
BRDA:203,10,0,0
BRDA:203,10,1,0
BRDA:244,11,0,0
BRDA:252,12,0,0
BRDA:252,13,0,0
BRDA:252,13,1,0
BRDA:258,14,0,0
BRDA:258,14,1,0
BRDA:374,15,0,0
BRDA:374,15,1,0
BRDA:375,16,0,0
BRDA:375,16,1,0
BRDA:378,17,0,0
BRDA:378,17,1,0
BRDA:456,18,0,0
BRDA:471,19,0,0
BRDA:484,20,0,0
BRDA:536,21,0,0
BRDA:557,22,0,0
BRDA:557,22,1,0
BRDA:559,23,0,0
BRDA:577,24,0,0
BRDA:577,24,1,0
BRDA:580,25,0,0
BRDA:580,25,1,0
BRDA:582,26,0,0
BRDA:601,27,0,0
BRDA:601,27,1,0
BRDA:604,28,0,0
BRDA:604,28,1,0
BRDA:606,29,0,0
BRDA:663,30,0,0
BRF:46
BRH:0
end_of_record
TN:
SF:src/app/dashboard/patients/add/page.tsx
FN:17,AddPatientPage
FN:40,(anonymous_3)
FN:41,(anonymous_4)
FN:43,(anonymous_5)
FN:48,(anonymous_6)
FN:49,(anonymous_7)
FN:55,(anonymous_8)
FN:295,(anonymous_9)
FN:334,(anonymous_10)
FN:353,(anonymous_11)
FN:358,(anonymous_12)
FN:408,(anonymous_13)
FN:524,(anonymous_14)
FNF:13
FNH:0
FNDA:0,AddPatientPage
FNDA:0,(anonymous_3)
FNDA:0,(anonymous_4)
FNDA:0,(anonymous_5)
FNDA:0,(anonymous_6)
FNDA:0,(anonymous_7)
FNDA:0,(anonymous_8)
FNDA:0,(anonymous_9)
FNDA:0,(anonymous_10)
FNDA:0,(anonymous_11)
FNDA:0,(anonymous_12)
FNDA:0,(anonymous_13)
FNDA:0,(anonymous_14)
DA:3,0
DA:4,0
DA:5,0
DA:6,0
DA:7,0
DA:8,0
DA:9,0
DA:10,0
DA:11,0
DA:12,0
DA:13,0
DA:14,0
DA:15,0
DA:17,0
DA:18,0
DA:19,0
DA:20,0
DA:21,0
DA:22,0
DA:29,0
DA:40,0
DA:41,0
DA:42,0
DA:43,0
DA:48,0
DA:49,0
DA:55,0
DA:56,0
DA:57,0
DA:58,0
DA:60,0
DA:62,0
DA:63,0
DA:91,0
DA:92,0
DA:94,0
DA:96,0
DA:295,0
DA:334,0
DA:354,0
DA:358,0
DA:408,0
DA:524,0
LF:43
LH:0
BRDA:42,0,0,0
BRDA:42,0,1,0
BRDA:68,1,0,0
BRDA:68,1,1,0
BRDA:69,2,0,0
BRDA:69,2,1,0
BRDA:70,3,0,0
BRDA:70,3,1,0
BRDA:72,4,0,0
BRDA:72,4,1,0
BRDA:73,5,0,0
BRDA:73,5,1,0
BRDA:78,6,0,0
BRDA:78,6,1,0
BRDA:82,7,0,0
BRDA:82,7,1,0
BRDA:82,8,0,0
BRDA:82,8,1,0
BRDA:83,9,0,0
BRDA:83,9,1,0
BRDA:84,10,0,0
BRDA:84,10,1,0
BRDA:85,11,0,0
BRDA:85,11,1,0
BRDA:86,12,0,0
BRDA:86,12,1,0
BRDA:87,13,0,0
BRDA:87,13,1,0
BRDA:88,14,0,0
BRDA:88,14,1,0
BRDA:94,15,0,0
BRDA:94,15,1,0
BRDA:116,16,0,0
BRDA:129,17,0,0
BRDA:303,18,0,0
BRDA:309,19,0,0
BRDA:342,20,0,0
BRDA:348,21,0,0
BRDA:416,22,0,0
BRDA:422,23,0,0
BRDA:532,24,0,0
BRDA:538,25,0,0
BRDA:611,26,0,0
BRF:43
BRH:0
end_of_record
TN:
SF:src/app/dashboard/settings/page.tsx
FN:15,SettingsPage
FN:49,(anonymous_2)
FN:53,(anonymous_3)
FN:71,(anonymous_4)
FN:101,(anonymous_5)
FN:153,(anonymous_6)
FN:182,(anonymous_7)
FN:210,(anonymous_8)
FN:278,(anonymous_9)
FN:330,(anonymous_10)
FN:339,(anonymous_11)
FN:348,(anonymous_12)
FN:426,(anonymous_13)
FN:436,(anonymous_14)
FN:447,(anonymous_15)
FN:455,(anonymous_16)
FN:463,(anonymous_17)
FN:475,(anonymous_18)
FN:484,(anonymous_19)
FN:496,(anonymous_20)
FN:504,(anonymous_21)
FNF:21
FNH:0
FNDA:0,SettingsPage
FNDA:0,(anonymous_2)
FNDA:0,(anonymous_3)
FNDA:0,(anonymous_4)
FNDA:0,(anonymous_5)
FNDA:0,(anonymous_6)
FNDA:0,(anonymous_7)
FNDA:0,(anonymous_8)
FNDA:0,(anonymous_9)
FNDA:0,(anonymous_10)
FNDA:0,(anonymous_11)
FNDA:0,(anonymous_12)
FNDA:0,(anonymous_13)
FNDA:0,(anonymous_14)
FNDA:0,(anonymous_15)
FNDA:0,(anonymous_16)
FNDA:0,(anonymous_17)
FNDA:0,(anonymous_18)
FNDA:0,(anonymous_19)
FNDA:0,(anonymous_20)
FNDA:0,(anonymous_21)
DA:3,0
DA:4,0
DA:5,0
DA:6,0
DA:7,0
DA:8,0
DA:9,0
DA:10,0
DA:11,0
DA:12,0
DA:13,0
DA:15,0
DA:16,0
DA:17,0
DA:20,0
DA:21,0
DA:22,0
DA:23,0
DA:24,0
DA:27,0
DA:28,0
DA:29,0
DA:30,0
DA:33,0
DA:34,0
DA:35,0
DA:36,0
DA:37,0
DA:49,0
DA:50,0
DA:53,0
DA:54,0
DA:55,0
DA:56,0
DA:57,0
DA:58,0
DA:59,0
DA:61,0
DA:67,0
DA:71,0
DA:72,0
DA:73,0
DA:74,0
DA:77,0
DA:85,0
DA:86,0
DA:91,0
DA:97,0
DA:101,0
DA:102,0
DA:103,0
DA:108,0
DA:111,0
DA:112,0
DA:117,0
DA:120,0
DA:121,0
DA:126,0
DA:129,0
DA:130,0
DA:131,0
DA:133,0
DA:139,0
DA:140,0
DA:141,0
DA:143,0
DA:149,0
DA:153,0
DA:154,0
DA:155,0
DA:156,0
DA:157,0
DA:158,0
DA:159,0
DA:160,0
DA:172,0
DA:178,0
DA:182,0
DA:183,0
DA:184,0
DA:185,0
DA:191,0
DA:193,0
DA:198,0
DA:200,0
DA:206,0
DA:210,0
DA:211,0
DA:212,0
DA:213,0
DA:215,0
DA:216,0
DA:217,0
DA:219,0
DA:224,0
DA:226,0
DA:228,0
DA:233,0
DA:235,0
DA:241,0
DA:278,0
DA:330,0
DA:339,0
DA:348,0
DA:426,0
DA:436,0
DA:447,0
DA:455,0
DA:463,0
DA:475,0
DA:484,0
DA:496,0
DA:504,0
LF:113
LH:0
BRDA:58,0,0,0
BRDA:58,0,1,0
BRDA:59,1,0,0
BRDA:59,1,1,0
BRDA:63,2,0,0
BRDA:63,2,1,0
BRDA:93,3,0,0
BRDA:93,3,1,0
BRDA:102,4,0,0
BRDA:102,5,0,0
BRDA:102,5,1,0
BRDA:102,5,2,0
BRDA:111,6,0,0
BRDA:120,7,0,0
BRDA:145,8,0,0
BRDA:145,8,1,0
BRDA:157,9,0,0
BRDA:161,10,0,0
BRDA:161,10,1,0
BRDA:162,11,0,0
BRDA:162,11,1,0
BRDA:163,12,0,0
BRDA:163,12,1,0
BRDA:164,13,0,0
BRDA:164,13,1,0
BRDA:165,14,0,0
BRDA:165,14,1,0
BRDA:166,15,0,0
BRDA:166,15,1,0
BRDA:167,16,0,0
BRDA:167,16,1,0
BRDA:168,17,0,0
BRDA:168,17,1,0
BRDA:169,18,0,0
BRDA:169,18,1,0
BRDA:174,19,0,0
BRDA:174,19,1,0
BRDA:191,20,0,0
BRDA:202,21,0,0
BRDA:202,21,1,0
BRDA:213,22,0,0
BRDA:224,23,0,0
BRDA:237,24,0,0
BRDA:237,24,1,0
BRDA:269,25,0,0
BRDA:297,26,0,0
BRDA:297,26,1,0
BRDA:305,27,0,0
BRDA:305,27,1,0
BRDA:308,28,0,0
BRDA:354,29,0,0
BRDA:354,29,1,0
BRDA:354,29,2,0
BRDA:354,29,3,0
BRDA:357,30,0,0
BRDA:393,31,0,0
BRDA:401,32,0,0
BRDA:416,33,0,0
BRDA:514,34,0,0
BRDA:514,34,1,0
BRDA:517,35,0,0
BRDA:530,36,0,0
BRF:62
BRH:0
end_of_record
TN:
SF:src/app/doctors/page.tsx
FN:56,DoctorsPage
FN:96,(anonymous_2)
FN:99,(anonymous_3)
FNF:3
FNH:0
FNDA:0,DoctorsPage
FNDA:0,(anonymous_2)
FNDA:0,(anonymous_3)
DA:1,0
DA:2,0
DA:3,0
DA:4,0
DA:5,0
DA:7,0
DA:56,0
DA:97,0
DA:100,0
LF:9
LH:0
BRF:0
BRH:0
end_of_record
TN:
SF:src/app/forgot-password/page.tsx
FN:12,ForgotPasswordPage
FN:18,(anonymous_3)
FN:112,(anonymous_4)
FNF:3
FNH:0
FNDA:0,ForgotPasswordPage
FNDA:0,(anonymous_3)
FNDA:0,(anonymous_4)
DA:3,0
DA:4,0
DA:5,0
DA:6,0
DA:7,0
DA:8,0
DA:9,0
DA:10,0
DA:12,0
DA:13,0
DA:14,0
DA:15,0
DA:16,0
DA:18,0
DA:19,0
DA:20,0
DA:21,0
DA:23,0
DA:24,0
DA:25,0
DA:28,0
DA:30,0
DA:31,0
DA:37,0
DA:39,0
DA:40,0
DA:42,0
DA:45,0
DA:47,0
DA:112,0
LF:30
LH:0
BRDA:23,0,0,0
BRDA:39,1,0,0
BRDA:39,1,1,0
BRDA:42,2,0,0
BRDA:42,2,1,0
BRDA:114,3,0,0
BRDA:114,3,1,0
BRDA:122,4,0,0
BRDA:129,5,0,0
BRDA:141,6,0,0
BRDA:141,6,1,0
BRDA:144,7,0,0
BRF:12
BRH:0
end_of_record
TN:
SF:src/app/login/layout.tsx
FN:1,AuthLayout
FNF:1
FNH:0
FNDA:0,AuthLayout
DA:1,0
LF:1
LH:0
BRF:0
BRH:0
end_of_record
TN:
SF:src/app/login/page.tsx
FN:15,LoginForm
FN:28,(anonymous_3)
FN:75,(anonymous_4)
FN:162,(anonymous_5)
FN:190,(anonymous_6)
FN:199,(anonymous_7)
FN:213,(anonymous_8)
FN:302,LoginPage
FNF:8
FNH:0
FNDA:0,LoginForm
FNDA:0,(anonymous_3)
FNDA:0,(anonymous_4)
FNDA:0,(anonymous_5)
FNDA:0,(anonymous_6)
FNDA:0,(anonymous_7)
FNDA:0,(anonymous_8)
FNDA:0,LoginPage
DA:3,0
DA:4,0
DA:5,0
DA:6,0
DA:7,0
DA:8,0
DA:9,0
DA:10,0
DA:11,0
DA:12,0
DA:13,0
DA:16,0
DA:17,0
DA:18,0
DA:19,0
DA:20,0
DA:21,0
DA:22,0
DA:23,0
DA:24,0
DA:25,0
DA:26,0
DA:28,0
DA:29,0
DA:30,0
DA:31,0
DA:32,0
DA:34,0
DA:36,0
DA:42,0
DA:44,0
DA:45,0
DA:47,0
DA:48,0
DA:49,0
DA:51,0
DA:52,0
DA:56,0
DA:62,0
DA:63,0
DA:64,0
DA:65,0
[...]
DA:179,0
DA:180,0
DA:185,0
DA:188,0
DA:192,0
LF:53
LH:0
BRDA:62,0,0,0
BRDA:78,1,0,0
BRDA:78,1,1,0
BRDA:78,1,2,0
BRDA:78,1,3,0
BRDA:89,2,0,0
BRDA:89,2,1,0
BRDA:96,3,0,0
BRDA:96,3,1,0
BRDA:107,4,0,0
BRDA:107,4,1,0
BRDA:107,5,0,0
BRDA:107,5,1,0
BRDA:117,6,0,0
BRDA:160,7,0,0
BRDA:179,8,0,0
BRF:16
BRH:0
end_of_record
TN:
SF:src/lib/api-errors.ts
FN:7,(anonymous_6)
FN:33,handlePrismaError
FN:105,formatErrorResponse
FN:131,createErrorResponse
FNF:4
FNH:0
FNDA:0,(anonymous_6)
FNDA:0,handlePrismaError
FNDA:0,formatErrorResponse
FNDA:0,createErrorResponse
DA:6,0
DA:13,0
DA:14,0
DA:18,0
DA:33,0
DA:35,0
DA:36,0
DA:37,0
DA:46,0
DA:47,0
DA:55,0
DA:56,0
DA:65,0
DA:66,0
DA:75,0
DA:76,0
DA:85,0
DA:86,0
DA:94,0
DA:105,0
DA:106,0
DA:107,0
DA:115,0
DA:116,0
DA:122,0
DA:131,0
DA:132,0
DA:134,0
DA:135,0
DA:142,0
DA:143,0
DA:144,0
DA:151,0
DA:152,0
DA:159,0
LF:35
LH:0
BRDA:10,0,0,0
BRDA:35,1,0,0
BRDA:36,2,0,0
BRDA:36,2,1,0
BRDA:46,3,0,0
BRDA:55,4,0,0
BRDA:65,5,0,0
BRDA:75,6,0,0
BRDA:85,7,0,0
BRDA:106,8,0,0
BRDA:110,9,0,0
BRDA:110,9,1,0
BRDA:115,10,0,0
BRDA:123,11,0,0
BRDA:123,11,1,0
BRDA:131,12,0,0
BRDA:134,13,0,0
BRDA:142,14,0,0
BRDA:142,15,0,0
BRDA:142,15,1,0
BRDA:142,15,2,0
BRDA:142,15,3,0
BRDA:142,15,4,0
BRDA:151,16,0,0
BRF:24
BRH:0
end_of_record
TN:
SF:src/lib/api.ts
FN:13,fetchAPI
FN:29,(anonymous_15)
FN:51,(anonymous_16)
FN:65,(anonymous_17)
FN:79,(anonymous_18)
FN:82,(anonymous_19)
FN:89,(anonymous_20)
FN:96,(anonymous_21)
FN:108,(anonymous_22)
FN:126,(anonymous_23)
FN:129,(anonymous_24)
FN:136,(anonymous_25)
FN:143,(anonymous_26)
FN:149,(anonymous_27)
FN:162,(anonymous_28)
FN:182,(anonymous_29)
FN:191,(anonymous_30)
FN:194,(anonymous_31)
FN:201,(anonymous_32)
FN:208,(anonymous_33)
FN:220,(anonymous_34)
FN:224,(anonymous_35)
FN:227,(anonymous_36)
FN:234,(anonymous_37)
FN:246,(anonymous_38)
FN:261,(anonymous_39)
FN:264,(anonymous_40)
FN:271,(anonymous_41)
FN:284,(anonymous_42)
FN:294,(anonymous_43)
FN:297,(anonymous_44)
FN:300,(anonymous_45)
FN:307,(anonymous_46)
FN:313,(anonymous_47)
FN:320,(anonymous_48)
FN:332,(anonymous_49)
FN:342,(anonymous_50)
FN:345,(anonymous_51)
FN:352,(anonymous_52)
FN:359,(anonymous_53)
FN:365,(anonymous_54)
FN:377,(anonymous_55)
FN:378,(anonymous_56)
FN:391,(anonymous_57)
FN:403,(anonymous_58)
FN:406,(anonymous_59)
FN:413,(anonymous_60)
FN:420,(anonymous_61)
FN:426,(anonymous_62)
FN:439,(anonymous_63)
FN:447,(anonymous_64)
FN:454,(anonymous_65)
FN:457,(anonymous_66)
FN:470,(anonymous_67)
FN:477,(anonymous_68)
FNF:55
FNH:0
FNDA:0,fetchAPI
FNDA:0,(anonymous_15)
FNDA:0,(anonymous_16)
FNDA:0,(anonymous_17)
FNDA:0,(anonymous_18)
FNDA:0,(anonymous_19)
FNDA:0,(anonymous_20)
FNDA:0,(anonymous_21)
FNDA:0,(anonymous_22)
FNDA:0,(anonymous_23)
FNDA:0,(anonymous_24)
FNDA:0,(anonymous_25)
FNDA:0,(anonymous_26)
FNDA:0,(anonymous_27)
FNDA:0,(anonymous_28)
FNDA:0,(anonymous_29)
FNDA:0,(anonymous_30)
FNDA:0,(anonymous_31)
FNDA:0,(anonymous_32)
FNDA:0,(anonymous_33)
FNDA:0,(anonymous_34)
FNDA:0,(anonymous_35)
FNDA:0,(anonymous_36)
FNDA:0,(anonymous_37)
FNDA:0,(anonymous_38)
FNDA:0,(anonymous_39)
FNDA:0,(anonymous_40)
FNDA:0,(anonymous_41)
FNDA:0,(anonymous_42)
FNDA:0,(anonymous_43)
FNDA:0,(anonymous_44)
FNDA:0,(anonymous_45)
FNDA:0,(anonymous_46)
FNDA:0,(anonymous_47)
FNDA:0,(anonymous_48)
FNDA:0,(anonymous_49)
FNDA:0,(anonymous_50)
FNDA:0,(anonymous_51)
FNDA:0,(anonymous_52)
FNDA:0,(anonymous_53)
FNDA:0,(anonymous_54)
FNDA:0,(anonymous_55)
FNDA:0,(anonymous_56)
FNDA:0,(anonymous_57)
FNDA:0,(anonymous_58)
FNDA:0,(anonymous_59)
FNDA:0,(anonymous_60)
FNDA:0,(anonymous_61)
FNDA:0,(anonymous_62)
FNDA:0,(anonymous_63)
FNDA:0,(anonymous_64)
FNDA:0,(anonymous_65)
FNDA:0,(anonymous_66)
FNDA:0,(anonymous_67)
FNDA:0,(anonymous_68)
DA:3,0
DA:18,0
DA:19,0
DA:28,0
DA:29,0
DA:35,0
DA:36,0
DA:37,0
DA:38,0
DA:40,0
DA:43,0
DA:46,0
DA:51,0
DA:52,0
DA:55,0
DA:63,0
DA:70,0
DA:71,0
DA:72,0
DA:73,0
DA:75,0
DA:79,0
DA:83,0
DA:90,0
DA:97,0
DA:106,0
DA:115,0
DA:116,0
DA:117,0
DA:118,0
DA:119,0
DA:120,0
DA:122,0
DA:126,0
DA:130,0
DA:137,0
DA:144,0
DA:150,0
DA:160,0
DA:170,0
DA:171,0
DA:172,0
DA:173,0
DA:174,0
DA:175,0
DA:176,0
DA:178,0
DA:183,0
DA:184,0
DA:185,0
DA:187,0
DA:191,0
DA:195,0
DA:202,0
DA:209,0
DA:218,0
DA:221,0
DA:224,0
DA:228,0
DA:235,0
DA:244,0
DA:247,0
DA:248,0
DA:249,0
DA:251,0
DA:259,0
DA:261,0
DA:265,0
DA:272,0
DA:282,0
DA:285,0
DA:292,0
DA:294,0
DA:297,0
DA:301,0
DA:308,0
DA:314,0
DA:321,0
DA:330,0
DA:333,0
DA:334,0
DA:335,0
DA:336,0
DA:338,0
DA:342,0
DA:346,0
DA:353,0
DA:360,0
DA:366,0
DA:376,0
DA:377,0
DA:379,0
DA:389,0
DA:392,0
DA:393,0
DA:394,0
DA:395,0
DA:396,0
DA:397,0
DA:399,0
DA:403,0
DA:407,0
DA:414,0
DA:421,0
DA:427,0
DA:437,0
DA:440,0
DA:441,0
DA:443,0
DA:448,0
DA:454,0
DA:458,0
DA:468,0
DA:471,0
DA:478,0
LF:115
LH:0
BRDA:16,0,0,0
BRDA:28,1,0,0
BRDA:35,2,0,0
BRDA:35,2,1,0
BRDA:46,3,0,0
BRDA:47,4,0,0
BRDA:47,4,1,0
BRDA:47,4,2,0
BRDA:71,5,0,0
BRDA:72,6,0,0
BRDA:73,7,0,0
BRDA:116,8,0,0
BRDA:117,9,0,0
BRDA:118,10,0,0
BRDA:119,11,0,0
BRDA:120,12,0,0
BRDA:171,13,0,0
BRDA:172,14,0,0
BRDA:173,15,0,0
BRDA:174,16,0,0
BRDA:175,17,0,0
BRDA:176,18,0,0
BRDA:184,19,0,0
BRDA:185,20,0,0
BRDA:248,21,0,0
BRDA:249,22,0,0
BRDA:334,23,0,0
BRDA:335,24,0,0
BRDA:336,25,0,0
BRDA:393,26,0,0
BRDA:394,27,0,0
BRDA:395,28,0,0
BRDA:396,29,0,0
BRDA:397,30,0,0
BRDA:441,31,0,0
BRF:35
BRH:0
end_of_record
TN:
SF:src/lib/audit-logger.ts
FN:15,createAuditLog
FNF:1
FNH:0
FNDA:0,createAuditLog
DA:1,0
DA:3,0
DA:15,0
DA:16,0
DA:17,0
DA:29,0
DA:32,0
DA:37,0
LF:8
LH:0
BRDA:25,0,0,0
BRDA:25,0,1,0
BRF:2
BRH:0
end_of_record
TN:
SF:src/lib/auth-middleware.ts
FN:29,withAuth
FN:33,(anonymous_6)
FN:93,canAccessPatient
FN:136,getPatientWhereClause
FN:164,verifyPatientAccess
FNF:5
FNH:0
FNDA:0,withAuth
FNDA:0,(anonymous_6)
FNDA:0,canAccessPatient
FNDA:0,getPatientWhereClause
FNDA:0,verifyPatientAccess
DA:1,0
DA:2,0
DA:4,0
DA:29,0
DA:33,0
DA:34,0
DA:35,0
DA:38,0
DA:39,0
DA:45,0
DA:46,0
DA:47,0
DA:48,0
DA:49,0
DA:50,0
DA:53,0
DA:54,0
DA:58,0
DA:59,0
DA:67,0
DA:68,0
DA:79,0
DA:81,0
DA:82,0
DA:93,0
DA:103,0
DA:104,0
DA:108,0
DA:109,0
DA:113,0
DA:115,0
DA:116,0
DA:121,0
DA:122,0
DA:126,0
DA:127,0
DA:130,0
DA:136,0
DA:142,0
DA:145,0
DA:146,0
DA:147,0
DA:150,0
DA:153,0
DA:154,0
DA:158,0
DA:164,0
DA:172,0
DA:176,0
DA:177,0
DA:183,0
DA:192,0
DA:201,0
LF:53
LH:0
BRDA:38,0,0,0
BRDA:47,1,0,0
BRDA:47,1,1,0
BRDA:48,2,0,0
BRDA:48,2,1,0
BRDA:49,3,0,0
BRDA:49,3,1,0
BRDA:50,4,0,0
BRDA:50,4,1,0
BRDA:53,5,0,0
BRDA:53,6,0,0
BRDA:53,6,1,0
BRDA:54,7,0,0
BRDA:54,7,1,0
BRDA:58,8,0,0
BRDA:103,9,0,0
BRDA:103,10,0,0
BRDA:103,10,1,0
BRDA:104,11,0,0
BRDA:104,11,1,0
BRDA:108,12,0,0
BRDA:113,13,0,0
BRDA:113,14,0,0
BRDA:113,14,1,0
BRDA:115,15,0,0
BRDA:121,16,0,0
BRDA:121,17,0,0
BRDA:121,17,1,0
BRDA:126,18,0,0
BRDA:126,19,0,0
BRDA:126,19,1,0
BRDA:145,20,0,0
BRDA:145,20,1,0
BRDA:145,21,0,0
BRDA:145,21,1,0
BRDA:153,22,0,0
BRDA:176,23,0,0
BRDA:183,24,0,0
BRF:38
BRH:0
end_of_record
TN:
SF:src/lib/csv-export.ts
FN:6,exportToCSV
FN:19,(anonymous_8)
FN:20,(anonymous_9)
FN:59,exportInvoicesToCSV
FN:60,(anonymous_11)
FN:75,exportPaymentsToCSV
FN:76,(anonymous_13)
FN:91,exportPatientsToCSV
FN:92,(anonymous_15)
FN:110,exportTreatmentsToCSV
FN:111,(anonymous_17)
FN:128,exportRevenueReportToCSV
FN:153,(anonymous_19)
FN:162,(anonymous_20)
FN:174,(anonymous_21)
FN:175,(anonymous_22)
FNF:16
FNH:0
FNDA:0,exportToCSV
FNDA:0,(anonymous_8)
FNDA:0,(anonymous_9)
FNDA:0,exportInvoicesToCSV
FNDA:0,(anonymous_11)
FNDA:0,exportPaymentsToCSV
FNDA:0,(anonymous_13)
FNDA:0,exportPatientsToCSV
FNDA:0,(anonymous_15)
FNDA:0,exportTreatmentsToCSV
FNDA:0,(anonymous_17)
FNDA:0,exportRevenueReportToCSV
FNDA:0,(anonymous_19)
FNDA:0,(anonymous_20)
FNDA:0,(anonymous_21)
FNDA:0,(anonymous_22)
DA:6,0
DA:7,0
DA:8,0
DA:9,0
DA:13,0
DA:16,0
DA:19,0
DA:20,0
DA:21,0
DA:24,0
DA:25,0
DA:29,0
DA:32,0
DA:33,0
DA:36,0
DA:41,0
DA:44,0
DA:45,0
DA:46,0
DA:47,0
DA:48,0
DA:49,0
DA:50,0
DA:51,0
DA:52,0
DA:53,0
DA:59,0
DA:60,0
DA:69,0
DA:75,0
DA:76,0
DA:85,0
DA:91,0
DA:92,0
DA:104,0
DA:110,0
DA:111,0
DA:122,0
DA:128,0
DA:130,0
DA:150,0
DA:151,0
DA:152,0
DA:153,0
DA:154,0
DA:156,0
DA:160,0
DA:161,0
DA:162,0
DA:163,0
DA:174,0
DA:175,0
DA:176,0
DA:177,0
DA:178,0
DA:180,0
DA:185,0
DA:186,0
DA:187,0
DA:188,0
DA:189,0
DA:190,0
DA:191,0
DA:192,0
DA:193,0
DA:194,0
LF:66
LH:0
BRDA:7,0,0,0
BRDA:7,1,0,0
BRDA:7,1,1,0
BRDA:24,2,0,0
BRDA:24,3,0,0
BRDA:24,3,1,0
BRDA:32,4,0,0
BRDA:32,5,0,0
BRDA:32,5,1,0
BRDA:32,5,2,0
BRDA:59,6,0,0
BRDA:75,7,0,0
BRDA:91,8,0,0
BRDA:99,9,0,0
BRDA:99,9,1,0
BRDA:110,10,0,0
BRDA:113,11,0,0
BRDA:113,11,1,0
BRDA:113,12,0,0
BRDA:113,12,1,0
BRDA:128,13,0,0
BRDA:150,14,0,0
BRDA:150,15,0,0
BRDA:150,15,1,0
BRDA:177,16,0,0
BRDA:177,17,0,0
BRDA:177,17,1,0
BRDA:177,17,2,0
BRF:28
BRH:0
end_of_record
TN:
SF:src/lib/email.ts
FN:23,sendInvitationEmail
FN:119,verifySmtpConnection
FN:142,sendVerificationEmail
FN:231,sendWelcomeEmail
FN:317,sendPasswordResetEmail
FNF:5
FNH:0
FNDA:0,sendInvitationEmail
FNDA:0,verifySmtpConnection
FNDA:0,sendVerificationEmail
FNDA:0,sendWelcomeEmail
FNDA:0,sendPasswordResetEmail
DA:1,0
DA:4,0
DA:23,0
DA:24,0
DA:31,0
DA:32,0
DA:34,0
DA:35,0
DA:111,0
DA:113,0
DA:114,0
DA:119,0
DA:120,0
DA:121,0
DA:122,0
DA:123,0
DA:125,0
DA:126,0
DA:142,0
DA:143,0
DA:145,0
DA:146,0
DA:216,0
DA:218,0
DA:219,0
DA:231,0
DA:232,0
DA:233,0
DA:310,0
DA:312,0
DA:313,0
DA:317,0
DA:318,0
DA:320,0
DA:321,0
DA:391,0
DA:393,0
DA:394,0
LF:38
LH:0
BRDA:6,0,0,0
BRDA:6,0,1,0
BRDA:31,1,0,0
BRDA:31,1,1,0
BRDA:32,2,0,0
BRDA:32,2,1,0
BRDA:36,3,0,0
BRDA:36,3,1,0
BRDA:143,4,0,0
BRDA:143,4,1,0
BRDA:147,5,0,0
BRDA:147,5,1,0
BRDA:167,6,0,0
BRDA:167,6,1,0
BRDA:234,7,0,0
BRDA:234,7,1,0
BRDA:236,8,0,0
BRDA:236,8,1,0
BRDA:254,9,0,0
BRDA:254,9,1,0
BRDA:266,10,0,0
BRDA:266,10,1,0
BRDA:270,11,0,0
BRDA:270,11,1,0
BRDA:280,12,0,0
BRDA:280,12,1,0
BRDA:318,13,0,0
BRDA:318,13,1,0
BRDA:322,14,0,0
BRDA:322,14,1,0
BRDA:342,15,0,0
BRDA:342,15,1,0
BRF:32
BRH:0
end_of_record
TN:
SF:src/lib/notification-service.ts
FN:15,createNotification
FN:59,sendEmailNotification
FN:106,sendAppointmentReminder
FN:148,sendLowStockAlert
FN:193,sendPaymentReminder
FNF:5
FNH:0
FNDA:0,createNotification
FNDA:0,sendEmailNotification
FNDA:0,sendAppointmentReminder
FNDA:0,sendLowStockAlert
FNDA:0,sendPaymentReminder
DA:1,0
DA:2,0
DA:4,0
DA:15,0
DA:16,0
DA:18,0
DA:30,0
DA:34,0
DA:40,0
DA:41,0
DA:50,0
DA:52,0
DA:53,0
DA:55,0
DA:72,0
DA:73,0
DA:94,0
DA:100,0
DA:106,0
DA:107,0
DA:108,0
DA:119,0
DA:120,0
DA:123,0
DA:124,0
DA:125,0
DA:127,0
DA:140,0
DA:141,0
DA:143,0
DA:148,0
DA:149,0
DA:150,0
DA:165,0
DA:166,0
DA:170,0
DA:171,0
DA:186,0
DA:188,0
DA:193,0
DA:194,0
DA:195,0
DA:206,0
DA:207,0
DA:210,0
DA:211,0
DA:213,0
DA:227,0
DA:228,0
DA:230,0
LF:50
LH:0
BRDA:25,0,0,0
BRDA:25,0,1,0
BRDA:40,1,0,0
BRDA:40,2,0,0
BRDA:40,2,1,0
BRDA:43,3,0,0
BRDA:43,3,1,0
BRDA:80,4,0,0
BRDA:80,4,1,0
BRDA:119,5,0,0
BRDA:165,6,0,0
BRDA:165,7,0,0
BRDA:165,7,1,0
BRDA:206,8,0,0
BRF:14
BRH:0
end_of_record
TN:
SF:src/lib/password-validator.ts
FN:15,validatePasswordStrength
FN:49,checkPasswordRequirements
FN:59,isPasswordValid
FNF:3
FNH:0
FNDA:0,validatePasswordStrength
FNDA:0,checkPasswordRequirements
FNDA:0,isPasswordValid
DA:1,0
DA:15,0
DA:16,0
DA:18,0
DA:26,0
DA:28,0
DA:49,0
DA:50,0
DA:59,0
DA:60,0
DA:61,0
LF:11
LH:0
BRDA:31,0,0,0
BRDA:31,0,1,0
BRDA:32,1,0,0
BRDA:32,1,1,0
BRDA:34,2,0,0
BRDA:34,2,1,0
BRDA:62,3,0,0
BRDA:62,3,1,0
BRDA:62,3,2,0
BRDA:62,3,3,0
BRF:10
BRH:0
end_of_record
TN:
SF:src/lib/pdf-generator.ts
FN:52,(anonymous_5)
FN:72,(anonymous_6)
FN:79,(anonymous_7)
FN:179,(anonymous_8)
FN:341,(anonymous_9)
FN:374,(anonymous_10)
FN:481,(anonymous_11)
FN:536,(anonymous_12)
FN:558,(anonymous_13)
FN:585,(anonymous_14)
FNF:10
FNH:0
FNDA:0,(anonymous_5)
FNDA:0,(anonymous_6)
FNDA:0,(anonymous_7)
FNDA:0,(anonymous_8)
FNDA:0,(anonymous_9)
FNDA:0,(anonymous_10)
FNDA:0,(anonymous_11)
FNDA:0,(anonymous_12)
FNDA:0,(anonymous_13)
FNDA:0,(anonymous_14)
DA:1,0
DA:2,0
DA:5,0
DA:52,0
DA:57,0
DA:58,0
DA:61,0
DA:72,0
DA:73,0
DA:74,0
DA:75,0
DA:79,0
DA:80,0
DA:87,0
DA:88,0
DA:91,0
DA:92,0
DA:95,0
DA:96,0
DA:97,0
DA:100,0
DA:101,0
DA:102,0
DA:103,0
DA:106,0
DA:107,0
DA:108,0
DA:110,0
DA:111,0
DA:112,0
DA:114,0
DA:115,0
DA:120,0
DA:121,0
DA:123,0
DA:124,0
DA:125,0
DA:126,0
DA:127,0
DA:130,0
DA:133,0
DA:134,0
DA:135,0
DA:136,0
DA:137,0
DA:138,0
DA:139,0
DA:142,0
DA:143,0
DA:144,0
DA:145,0
DA:146,0
DA:148,0
DA:153,0
DA:154,0
DA:156,0
DA:157,0
DA:158,0
DA:159,0
DA:160,0
DA:163,0
DA:164,0
DA:165,0
DA:167,0
DA:168,0
DA:169,0
DA:171,0
DA:179,0
DA:180,0
DA:181,0
DA:182,0
DA:183,0
DA:184,0
DA:185,0
DA:186,0
DA:189,0
DA:194,0
DA:195,0
DA:196,0
DA:197,0
DA:198,0
DA:200,0
DA:201,0
DA:203,0
DA:204,0
DA:205,0
DA:206,0
DA:207,0
DA:208,0
DA:211,0
DA:212,0
DA:213,0
DA:214,0
DA:215,0
DA:216,0
DA:219,0
DA:220,0
DA:221,0
DA:222,0
DA:223,0
DA:224,0
DA:227,0
DA:228,0
DA:229,0
DA:235,0
DA:236,0
DA:237,0
DA:238,0
DA:240,0
DA:241,0
DA:242,0
DA:243,0
DA:248,0
DA:249,0
DA:250,0
DA:251,0
DA:253,0
DA:254,0
DA:256,0
DA:257,0
DA:258,0
DA:259,0
DA:260,0
DA:261,0
DA:264,0
DA:265,0
DA:266,0
DA:267,0
DA:268,0
DA:269,0
DA:271,0
DA:272,0
DA:273,0
DA:274,0
DA:275,0
DA:276,0
DA:277,0
DA:281,0
DA:282,0
DA:283,0
DA:289,0
DA:290,0
DA:291,0
DA:292,0
DA:294,0
DA:295,0
DA:296,0
DA:297,0
DA:298,0
DA:299,0
DA:301,0
DA:302,0
DA:303,0
DA:304,0
DA:305,0
DA:306,0
DA:309,0
DA:310,0
DA:311,0
DA:317,0
DA:318,0
DA:320,0
DA:321,0
DA:322,0
DA:323,0
DA:324,0
DA:327,0
DA:328,0
DA:329,0
DA:331,0
DA:332,0
DA:334,0
DA:335,0
DA:336,0
DA:337,0
DA:339,0
DA:340,0
DA:341,0
DA:342,0
DA:344,0
DA:345,0
DA:347,0
DA:348,0
DA:349,0
DA:350,0
DA:351,0
DA:356,0
DA:357,0
DA:358,0
DA:359,0
DA:361,0
DA:366,0
DA:367,0
DA:368,0
DA:369,0
DA:371,0
DA:372,0
DA:373,0
DA:374,0
DA:375,0
DA:377,0
DA:378,0
DA:379,0
DA:381,0
DA:382,0
DA:386,0
DA:391,0
DA:392,0
DA:393,0
DA:394,0
DA:395,0
DA:397,0
DA:398,0
DA:399,0
DA:400,0
DA:402,0
DA:403,0
DA:404,0
DA:412,0
DA:413,0
DA:414,0
DA:416,0
DA:420,0
DA:421,0
DA:423,0
DA:425,0
DA:426,0
DA:427,0
DA:428,0
DA:429,0
DA:431,0
DA:432,0
DA:433,0
DA:434,0
DA:435,0
DA:436,0
DA:439,0
DA:440,0
DA:441,0
DA:442,0
DA:443,0
DA:447,0
DA:448,0
DA:449,0
DA:450,0
DA:452,0
DA:453,0
DA:454,0
DA:455,0
DA:460,0
DA:461,0
DA:462,0
DA:463,0
DA:464,0
DA:465,0
DA:466,0
DA:475,0
DA:478,0
DA:481,0
DA:486,0
DA:487,0
DA:490,0
DA:491,0
DA:493,0
DA:494,0
DA:495,0
DA:496,0
DA:498,0
DA:499,0
DA:500,0
DA:501,0
DA:503,0
DA:504,0
DA:507,0
DA:508,0
DA:509,0
DA:510,0
DA:512,0
DA:513,0
DA:514,0
DA:515,0
DA:518,0
DA:519,0
DA:520,0
DA:521,0
DA:523,0
DA:524,0
DA:525,0
DA:526,0
DA:527,0
DA:528,0
DA:531,0
DA:532,0
DA:533,0
DA:534,0
DA:536,0
DA:543,0
DA:552,0
DA:555,0
DA:558,0
DA:570,0
DA:571,0
DA:574,0
DA:585,0
DA:586,0
DA:592,0
DA:593,0
DA:595,0
DA:596,0
DA:599,0
DA:600,0
DA:601,0
DA:604,0
DA:605,0
DA:606,0
DA:607,0
DA:609,0
DA:610,0
DA:611,0
DA:613,0
DA:614,0
DA:615,0
DA:617,0
DA:618,0
DA:623,0
DA:624,0
DA:626,0
DA:627,0
DA:628,0
DA:629,0
DA:630,0
DA:633,0
DA:634,0
DA:635,0
DA:636,0
DA:637,0
DA:638,0
DA:640,0
DA:641,0
DA:642,0
DA:643,0
DA:644,0
DA:649,0
DA:650,0
DA:652,0
DA:653,0
DA:654,0
DA:655,0
DA:656,0
DA:658,0
DA:659,0
DA:660,0
DA:662,0
DA:663,0
DA:664,0
DA:666,0
DA:667,0
DA:668,0
DA:670,0
DA:671,0
DA:672,0
DA:673,0
DA:674,0
DA:675,0
DA:676,0
DA:677,0
DA:680,0
DA:681,0
DA:682,0
DA:684,0
DA:685,0
DA:686,0
DA:687,0
DA:689,0
DA:690,0
DA:692,0
DA:693,0
DA:695,0
DA:696,0
DA:697,0
DA:698,0
DA:699,0
DA:700,0
DA:701,0
DA:702,0
DA:704,0
DA:706,0
DA:711,0
DA:712,0
DA:714,0
DA:715,0
DA:716,0
DA:717,0
DA:718,0
DA:719,0
DA:722,0
DA:723,0
DA:724,0
DA:725,0
DA:727,0
DA:728,0
DA:729,0
DA:731,0
DA:732,0
DA:738,0
DA:739,0
DA:740,0
DA:741,0
DA:744,0
DA:745,0
DA:746,0
DA:747,0
DA:750,0
DA:751,0
DA:753,0
DA:754,0
DA:755,0
DA:756,0
DA:757,0
DA:758,0
DA:761,0
DA:762,0
DA:763,0
DA:764,0
DA:765,0
DA:766,0
DA:769,0
DA:770,0
DA:771,0
DA:772,0
DA:773,0
DA:775,0
DA:777,0
DA:778,0
DA:783,0
DA:784,0
DA:786,0
DA:787,0
DA:788,0
DA:789,0
DA:790,0
DA:792,0
DA:793,0
DA:794,0
DA:795,0
DA:796,0
DA:801,0
DA:802,0
DA:803,0
DA:804,0
DA:805,0
DA:806,0
DA:808,0
DA:809,0
DA:810,0
DA:811,0
DA:812,0
DA:813,0
DA:814,0
DA:819,0
DA:820,0
DA:821,0
DA:823,0
DA:824,0
DA:825,0
DA:826,0
DA:827,0
DA:830,0
DA:833,0
LF:469
LH:0
BRDA:72,0,0,0
BRDA:79,1,0,0
BRDA:194,2,0,0
BRDA:203,3,0,0
BRDA:203,4,0,0
BRDA:203,4,1,0
BRDA:211,5,0,0
BRDA:219,6,0,0
BRDA:256,7,0,0
BRDA:256,8,0,0
BRDA:256,8,1,0
BRDA:271,9,0,0
BRDA:281,10,0,0
BRDA:309,11,0,0
BRDA:342,12,0,0
BRDA:375,13,0,0
BRDA:377,14,0,0
BRDA:391,15,0,0
BRDA:402,16,0,0
BRDA:412,17,0,0
BRDA:412,17,1,0
BRDA:431,18,0,0
BRDA:439,19,0,0
BRDA:540,20,0,0
BRDA:540,20,1,0
BRDA:585,21,0,0
BRDA:638,22,0,0
BRDA:638,22,1,0
BRDA:700,23,0,0
BRDA:700,24,0,0
BRDA:700,24,1,0
BRDA:772,25,0,0
BRDA:772,25,1,0
BRDA:830,26,0,0
BRDA:830,26,1,0
BRF:35
BRH:0
end_of_record
TN:
SF:src/lib/prisma.ts
FNF:0
FNH:0
DA:1,0
DA:3,0
DA:7,0
DA:9,0
LF:4
LH:0
BRDA:7,0,0,0
BRDA:7,0,1,0
BRDA:9,1,0,0
BRF:3
BRH:0
end_of_record
TN:
SF:src/lib/progress-storage.ts
FN:25,saveOnboardingProgress
FN:35,loadOnboardingProgress
FN:57,clearOnboardingProgress
FNF:3
FNH:0
FNDA:0,saveOnboardingProgress
FNDA:0,loadOnboardingProgress
FNDA:0,clearOnboardingProgress
DA:23,0
DA:25,0
DA:26,0
DA:27,0
DA:28,0
DA:30,0
DA:35,0
DA:36,0
DA:37,0
DA:38,0
DA:39,0
DA:40,0
DA:42,0
DA:43,0
DA:44,0
DA:46,0
DA:47,0
DA:51,0
DA:54,0
DA:57,0
DA:58,0
DA:59,0
DA:60,0
DA:62,0
LF:24
LH:0
BRDA:26,0,0,0
BRDA:36,1,0,0
BRDA:39,2,0,0
BRDA:46,3,0,0
BRDA:58,4,0,0
BRF:5
BRH:0
end_of_record
TN:
SF:src/lib/rate-limiter.ts
FN:37,checkRateLimit
FN:85,getRateLimitInfo
FNF:2
FNH:0
FNDA:0,checkRateLimit
FNDA:0,getRateLimitInfo
DA:6,0
DA:7,0
DA:8,0
DA:11,0
DA:37,0
DA:43,0
DA:48,0
DA:50,0
DA:51,0
DA:54,0
DA:56,0
DA:85,0
DA:90,0
DA:95,0
DA:96,0
DA:97,0
DA:98,0
DA:100,0
DA:107,0
LF:19
LH:0
BRDA:39,0,0,0
BRDA:43,1,0,0
BRDA:43,1,1,0
BRDA:43,1,2,0
BRDA:43,1,3,0
BRDA:54,2,0,0
BRDA:54,2,1,0
BRDA:87,3,0,0
BRDA:90,4,0,0
BRDA:90,4,1,0
BRDA:90,4,2,0
BRDA:90,4,3,0
BRDA:97,5,0,0
BRDA:97,5,1,0
BRDA:98,6,0,0
BRDA:98,6,1,0
BRF:16
BRH:0
end_of_record
TN:
SF:src/lib/rbac.ts
FN:202,hasPermission
FN:206,hasAnyPermission
FN:207,(anonymous_18)
FN:210,hasAllPermissions
FN:211,(anonymous_20)
FN:215,canAccessAllPatients
FN:219,isExternalDoctor
FN:223,canFinalizeDocuments
FN:227,canManageStaff
FN:231,canAccessFinance
FN:235,canManageInventory
FN:240,getRoleName
FN:252,getRoleDescription
FN:264,getAvailableRoles
FN:269,getPermissionKey
FN:296,checkPermission
FNF:16
FNH:13
FNDA:133,hasPermission
FNDA:3,hasAnyPermission
FNDA:4,(anonymous_18)
FNDA:3,hasAllPermissions
FNDA:5,(anonymous_20)
FNDA:2,canAccessAllPatients
FNDA:1,isExternalDoctor
FNDA:4,canFinalizeDocuments
FNDA:5,canManageStaff
FNDA:5,canAccessFinance
FNDA:3,canManageInventory
FNDA:5,getRoleName
FNDA:3,getRoleDescription
FNDA:0,getAvailableRoles
FNDA:0,getPermissionKey
FNDA:0,checkPermission
DA:4,120
DA:71,1
DA:202,110
DA:203,133
DA:206,3
DA:207,4
DA:210,3
DA:211,5
DA:215,2
DA:216,2
DA:219,1
DA:220,1
DA:223,4
DA:224,4
DA:227,5
DA:228,5
DA:231,5
DA:232,5
DA:235,3
DA:236,3
DA:240,5
DA:241,5
DA:248,5
DA:252,3
DA:253,3
DA:260,3
DA:264,0
DA:265,0
DA:270,0
DA:273,0
DA:291,0
DA:292,0
DA:296,0
DA:297,0
DA:298,0
DA:299,0
DA:301,0
LF:37
LH:26
BRDA:203,0,0,133
BRDA:203,0,1,46
BRDA:292,1,0,0
BRDA:292,1,1,0
BRDA:298,2,0,0
BRF:5
BRH:2
end_of_record
TN:
SF:src/lib/utils.ts
FN:4,cn
FNF:1
FNH:0
FNDA:0,cn
DA:1,0
DA:2,0
DA:4,0
DA:5,0
LF:4
LH:0
BRF:0
BRH:0
end_of_record
TN:
SF:src/lib/validation.ts
FN:14,(anonymous_14)
FN:58,(anonymous_15)
FN:58,(anonymous_16)
FN:70,(anonymous_17)
FN:77,(anonymous_18)
FN:108,(anonymous_19)
FN:155,(anonymous_20)
FN:165,(anonymous_21)
FN:167,(anonymous_22)
FN:194,getValidationErrors
FN:196,(anonymous_24)
FN:204,validateData
FNF:12
FNH:0
FNDA:0,(anonymous_14)
FNDA:0,(anonymous_15)
FNDA:0,(anonymous_16)
FNDA:0,(anonymous_17)
FNDA:0,(anonymous_18)
FNDA:0,(anonymous_19)
FNDA:0,(anonymous_20)
FNDA:0,(anonymous_21)
FNDA:0,(anonymous_22)
FNDA:0,getValidationErrors
FNDA:0,(anonymous_24)
FNDA:0,validateData
DA:1,0
DA:9,0
DA:14,0
DA:40,0
DA:50,0
DA:58,0
DA:64,0
DA:70,0
DA:77,0
DA:78,0
DA:86,0
DA:107,0
DA:108,0
DA:116,0
DA:141,0
DA:155,0
DA:162,0
DA:165,0
DA:168,0
DA:182,0
DA:194,0
DA:195,0
DA:196,0
DA:197,0
DA:198,0
DA:200,0
DA:204,0
DA:208,0
DA:209,0
DA:210,0
DA:212,0
LF:31
LH:0
BRDA:209,0,0,0
BRF:1
BRH:0
end_of_record
